#
# A fatal error has been detected by the Java Runtime Environment:
#
#  SIGSEGV (0xb) at pc=0x00007fe29e1a8dc9, pid=3194, tid=140610921035520
#
# JRE version: OpenJDK Runtime Environment (7.0_75-b13) (build 1.7.0_75-b13)
# Java VM: OpenJDK 64-Bit Server VM (24.75-b04 mixed mode linux-amd64 compressed oops)
# Derivative: IcedTea 2.5.4
# Distribution: Ubuntu 14.04 LTS, package 7u75-2.5.4-1~trusty1
# Problematic frame:
# V  [libjvm.so+0x7a1dc9]  Node::clone() const+0x119
#
# Failed to write core dump. Core dumps have been disabled. To enable core dumping, try "ulimit -c unlimited" before starting Java again
#
# If you would like to submit a bug report, please include
# instructions on how to reproduce the bug and visit:
#   http://icedtea.classpath.org/bugzilla
#

---------------  T H R E A D  ---------------

Current thread (0x00007fe2980a9000):  JavaThread "C2 CompilerThread0" daemon [_thread_in_native, id=3205, stack(0x00007fe287eff000,0x00007fe288000000)]

siginfo:si_signo=SIGSEGV: si_errno=0, si_code=1 (SEGV_MAPERR), si_addr=0x0000000000000030

Registers:
RAX=0x00007fe26c28e560, RBX=0x0000000000000020, RCX=0x00007fe26caf4e98, RDX=0x0000000000000002
RSP=0x00007fe287ffba10, RBP=0x00007fe287ffba50, RSI=0x000000000000000a, RDI=0x00007fe26caf4e28
R8 =0x00000000ffffffff, R9 =0x0000000000000020, R10=0x00007fe26083aac0, R11=0x0000000000000013
R12=0x00007fe26caf4e28, R13=0x00007fe287ffdf60, R14=0x00007fe26c28e510, R15=0x0000000000000002
RIP=0x00007fe29e1a8dc9, EFLAGS=0x0000000000010202, CSGSFS=0x0000000000000033, ERR=0x0000000000000004
  TRAPNO=0x000000000000000e

Top of Stack: (sp=0x00007fe287ffba10)
0x00007fe287ffba10:   00007fe287ffba50 00007fe29df54010
0x00007fe287ffba20:   000000000000004f 00007fe26c28e420
0x00007fe287ffba30:   00007fe26083ac10 00007fe2608388a0
0x00007fe287ffba40:   00007fe287ffbb90 00007fe26c28e3c0
0x00007fe287ffba50:   00007fe287ffbad0 00007fe29dd18016
0x00007fe287ffba60:   00007fe2608380b0 0000000000000000
0x00007fe287ffba70:   00007fe287ffbbd8 00007fe26c28e430
0x00007fe287ffba80:   0000000000000000 0000000087ffbd40
0x00007fe287ffba90:   3ed8a8e00000000c 00007fe26c20d0e8
0x00007fe287ffbaa0:   00007fe287ffbae0 0000000000000000
0x00007fe287ffbab0:   00007fe2608388a0 000000000000000d
0x00007fe287ffbac0:   000000000000000c 00007fe260600aa0
0x00007fe287ffbad0:   00007fe287ffbb50 00007fe29dd1964a
0x00007fe287ffbae0:   00007fe287ffbb50 00007fe29dd1c1ab
0x00007fe287ffbaf0:   0000000000058628 00007fe26072b5c8
0x00007fe287ffbb00:   00007fe260724e10 00007fe260600df0
0x00007fe287ffbb10:   00007fe20000000d 00007fe287ffbb90
0x00007fe287ffbb20:   00007fe287ffbb50 00007fe287ffdf60
0x00007fe287ffbb30:   00007fe287ffc6c0 00007fe287ffbd40
0x00007fe287ffbb40:   00007fe287ffbb90 00007fe287ffdf68
0x00007fe287ffbb50:   00007fe287ffd340 00007fe29de4294d
0x00007fe287ffbb60:   0000000000000000 00007fe287ffbc20
0x00007fe287ffbb70:   00007fe2980a9b60 0000000000000020
0x00007fe287ffbb80:   00007fe24cf25040 000000000000001e
0x00007fe287ffbb90:   0000000000000006 00007fe287ffdf60
0x00007fe287ffbba0:   00007fe26caf4e28 000000000000006c
0x00007fe287ffbbb0:   0000000000000080 00007fe24cf26810
0x00007fe287ffbbc0:   00007fe2980a9b60 000000000000006c
0x00007fe287ffbbd0:   00007fe2605fed70 0000000000000400
0x00007fe287ffbbe0:   00007fe2608357d0 00007fe287ffe0d0
0x00007fe287ffbbf0:   00007fe26caf4ed8 0000000000000000
0x00007fe287ffbc00:   00007fe24cf26c90 000000003f7325d7 

Instructions: (pc=0x00007fe29e1a8dc9)
0x00007fe29e1a8da9:   1f 84 00 00 00 00 00 49 8b 46 08 49 8b 4c 24 08
0x00007fe29e1a8db9:   44 89 fa 48 8b 1c d1 48 85 db 48 89 1c d0 74 21
0x00007fe29e1a8dc9:   48 8b 43 10 48 85 c0 74 18 8b 4b 20 3b 4b 24 89
0x00007fe29e1a8dd9:   ca 0f 84 a0 00 00 00 8d 4a 01 89 4b 20 4c 89 34 

Register to memory mapping:

RAX=0x00007fe26c28e560 is an unknown value
RBX=0x0000000000000020 is an unknown value
RCX=0x00007fe26caf4e98 is an unknown value
RDX=0x0000000000000002 is an unknown value
RSP=0x00007fe287ffba10 is pointing into the stack for thread: 0x00007fe2980a9000
RBP=0x00007fe287ffba50 is pointing into the stack for thread: 0x00007fe2980a9000
RSI=0x000000000000000a is an unknown value
RDI=0x00007fe26caf4e28 is an unknown value
R8 =0x00000000ffffffff is an unallocated location in the heap
R9 =0x0000000000000020 is an unknown value
R10=0x00007fe26083aac0 is an unknown value
R11=0x0000000000000013 is an unknown value
R12=0x00007fe26caf4e28 is an unknown value
R13=0x00007fe287ffdf60 is pointing into the stack for thread: 0x00007fe2980a9000
R14=0x00007fe26c28e510 is an unknown value
R15=0x0000000000000002 is an unknown value


Stack: [0x00007fe287eff000,0x00007fe288000000],  sp=0x00007fe287ffba10,  free space=1010k
Native frames: (J=compiled Java code, j=interpreted, Vv=VM code, C=native code)
V  [libjvm.so+0x7a1dc9]  Node::clone() const+0x119
V  [libjvm.so+0x311016]  PhaseCFG::insert_goto_at(unsigned int, unsigned int)+0x376
V  [libjvm.so+0x31264a]  PhaseCFG::fixup_flow()+0x1fa
V  [libjvm.so+0x43b94d]  Compile::Code_Gen()+0x47d
V  [libjvm.so+0x43fad0]  Compile::Compile(ciEnv*, C2Compiler*, ciMethod*, int, bool, bool)+0x1090
V  [libjvm.so+0x3adc7a]  C2Compiler::compile_method(ciEnv*, ciMethod*, int)+0xca
V  [libjvm.so+0x445937]  CompileBroker::invoke_compiler_on_method(CompileTask*)+0x327
V  [libjvm.so+0x446a7d]  CompileBroker::compiler_thread_loop()+0x3dd
V  [libjvm.so+0x900940]  JavaThread::thread_main_inner()+0xf0
V  [libjvm.so+0x900bb1]  JavaThread::run()+0x221
V  [libjvm.so+0x7c4a42]  java_start(Thread*)+0xf2


Current CompileTask:
C2:1692674 2536   !         com.google.common.reflect.TypeVisitor::visit (225 bytes)


---------------  P R O C E S S  ---------------

Java Threads: ( => current thread )
  0x00007fe24c247000 JavaThread "Stdin handler" [_thread_blocked, id=4437, stack(0x00007fe285979000,0x00007fe285a7a000)]
  0x00007fe250007000 JavaThread "Daemon worker Thread 7" [_thread_in_Java, id=4434, stack(0x00007fe285a81000,0x00007fe285b82000)]
  0x00007fe250005800 JavaThread "Cancel handler" [_thread_blocked, id=4433, stack(0x00007fe285b82000,0x00007fe285c83000)]
  0x00007fe250009000 JavaThread "Handler for socket connection from /127.0.0.1:52840 to /127.0.0.1:57137" [_thread_in_native, id=4432, stack(0x00007fe285c83000,0x00007fe285d84000)]
  0x00007fe25c008000 JavaThread "Daemon Thread 7" [_thread_blocked, id=4431, stack(0x00007fe285d84000,0x00007fe285e85000)]
  0x00007fe24c475000 JavaThread "File lock request listener" [_thread_in_native, id=3219, stack(0x00007fe2857d4000,0x00007fe2858d5000)]
  0x00007fe29833a000 JavaThread "Incoming local TCP Connector on port 52840" [_thread_in_native, id=3209, stack(0x00007fe285e85000,0x00007fe285f86000)]
  0x00007fe2980ae800 JavaThread "Service Thread" daemon [_thread_blocked, id=3207, stack(0x00007fe287cfd000,0x00007fe287dfe000)]
  0x00007fe2980ac000 JavaThread "C2 CompilerThread1" daemon [_thread_blocked, id=3206, stack(0x00007fe287dfe000,0x00007fe287eff000)]
=>0x00007fe2980a9000 JavaThread "C2 CompilerThread0" daemon [_thread_in_native, id=3205, stack(0x00007fe287eff000,0x00007fe288000000)]
  0x00007fe2980a7000 JavaThread "Signal Dispatcher" daemon [_thread_blocked, id=3204, stack(0x00007fe28c0cc000,0x00007fe28c1cd000)]
  0x00007fe29807c800 JavaThread "Finalizer" daemon [_thread_blocked, id=3203, stack(0x00007fe28c8af000,0x00007fe28c9b0000)]
  0x00007fe29807a800 JavaThread "Reference Handler" daemon [_thread_blocked, id=3202, stack(0x00007fe28c9b0000,0x00007fe28cab1000)]
  0x00007fe29800a800 JavaThread "main" [_thread_blocked, id=3196, stack(0x00007fe29f513000,0x00007fe29f614000)]

Other Threads:
  0x00007fe298076000 VMThread [stack: 0x00007fe28cab1000,0x00007fe28cbb2000] [id=3201]
  0x00007fe2980b9000 WatcherThread [stack: 0x00007fe287bfc000,0x00007fe287cfd000] [id=3208]

VM state:not at safepoint (normal execution)

VM Mutex/Monitor currently owned by a thread: None

Heap
 PSYoungGen      total 297472K, used 191530K [0x00000000eaa80000, 0x00000000ffd80000, 0x0000000100000000)
  eden space 252928K, 65% used [0x00000000eaa80000,0x00000000f4d623b8,0x00000000fa180000)
  from space 44544K, 55% used [0x00000000fd200000,0x00000000fea284b8,0x00000000ffd80000)
  to   space 47104K, 0% used [0x00000000fa180000,0x00000000fa180000,0x00000000fcf80000)
 ParOldGen       total 160256K, used 110542K [0x00000000c0000000, 0x00000000c9c80000, 0x00000000eaa80000)
  object space 160256K, 68% used [0x00000000c0000000,0x00000000c6bf3958,0x00000000c9c80000)
 PSPermGen       total 129536K, used 108284K [0x00000000b0000000, 0x00000000b7e80000, 0x00000000c0000000)
  object space 129536K, 83% used [0x00000000b0000000,0x00000000b69bf250,0x00000000b7e80000)

Card table byte_map: [0x00007fe294d7f000,0x00007fe295000000] byte_map_base: 0x00007fe2947ff000

Polling page: 0x00007fe29f638000

Code Cache  [0x00007fe295000000, 0x00007fe295970000, 0x00007fe298000000)
 total_blobs=2965 nmethods=2347 adapters=570 free_code_cache=39583Kb largest_free_block=40436416

Compilation events (10 events):
Event: 1692.445 Thread 0x00007fe2980ac000 nmethod 2530 0x00007fe295962650 code [0x00007fe295962840, 0x00007fe295962ec8]
Event: 1692.456 Thread 0x00007fe2980a9000 2532             java.util.TimSort::mergeHi (719 bytes)
Event: 1692.480 Thread 0x00007fe2980a9000 nmethod 2532 0x00007fe29596cc90 code [0x00007fe29596cec0, 0x00007fe29596ed78]
Event: 1692.516 Thread 0x00007fe2980ac000 2533             org.codehaus.groovy.reflection.ParameterTypes::isValidExactMethod (36 bytes)
Event: 1692.517 Thread 0x00007fe2980ac000 nmethod 2533 0x00007fe295960c50 code [0x00007fe295960da0, 0x00007fe295960eb8]
Event: 1692.581 Thread 0x00007fe2980a9000 2534             java.beans.BeanDescriptor::<init> (56 bytes)
Event: 1692.592 Thread 0x00007fe2980a9000 nmethod 2534 0x00007fe295969b90 code [0x00007fe295969d40, 0x00007fe29596a648]
Event: 1692.605 Thread 0x00007fe2980ac000 2535             groovy.lang.MetaClassImpl::distanceToObject (19 bytes)
Event: 1692.605 Thread 0x00007fe2980ac000 nmethod 2535 0x00007fe2959609d0 code [0x00007fe295960b00, 0x00007fe295960bb8]
Event: 1692.667 Thread 0x00007fe2980a9000 2536   !         com.google.common.reflect.TypeVisitor::visit (225 bytes)

GC Heap History (10 events):
Event: 1275.936 GC heap before
{Heap before GC invocations=20 (full 6):
 PSYoungGen      total 322048K, used 322031K [0x00000000eaa80000, 0x0000000100000000, 0x0000000100000000)
  eden space 294400K, 100% used [0x00000000eaa80000,0x00000000fca00000,0x00000000fca00000)
  from space 27648K, 99% used [0x00000000fca00000,0x00000000fe4fbe38,0x00000000fe500000)
  to   space 27648K, 0% used [0x00000000fe500000,0x00000000fe500000,0x0000000100000000)
 ParOldGen       total 104448K, used 77612K [0x00000000c0000000, 0x00000000c6600000, 0x00000000eaa80000)
  object space 104448K, 74% used [0x00000000c0000000,0x00000000c4bcb078,0x00000000c6600000)
 PSPermGen       total 109568K, used 92504K [0x00000000b0000000, 0x00000000b6b00000, 0x00000000c0000000)
  object space 109568K, 84% used [0x00000000b0000000,0x00000000b5a56328,0x00000000b6b00000)
Event: 1275.985 GC heap after
Heap after GC invocations=20 (full 6):
 PSYoungGen      total 278016K, used 27632K [0x00000000eaa80000, 0x0000000100000000, 0x0000000100000000)
  eden space 250368K, 0% used [0x00000000eaa80000,0x00000000eaa80000,0x00000000f9f00000)
  from space 27648K, 99% used [0x00000000fe500000,0x00000000ffffc118,0x0000000100000000)
  to   space 49664K, 0% used [0x00000000f9f00000,0x00000000f9f00000,0x00000000fcf80000)
 ParOldGen       total 105472K, used 104844K [0x00000000c0000000, 0x00000000c6700000, 0x00000000eaa80000)
  object space 105472K, 99% used [0x00000000c0000000,0x00000000c66630c0,0x00000000c6700000)
 PSPermGen       total 109568K, used 92504K [0x00000000b0000000, 0x00000000b6b00000, 0x00000000c0000000)
  object space 109568K, 84% used [0x00000000b0000000,0x00000000b5a56328,0x00000000b6b00000)
}
Event: 1275.985 GC heap before
{Heap before GC invocations=21 (full 7):
 PSYoungGen      total 278016K, used 27632K [0x00000000eaa80000, 0x0000000100000000, 0x0000000100000000)
  eden space 250368K, 0% used [0x00000000eaa80000,0x00000000eaa80000,0x00000000f9f00000)
  from space 27648K, 99% used [0x00000000fe500000,0x00000000ffffc118,0x0000000100000000)
  to   space 49664K, 0% used [0x00000000f9f00000,0x00000000f9f00000,0x00000000fcf80000)
 ParOldGen       total 105472K, used 104844K [0x00000000c0000000, 0x00000000c6700000, 0x00000000eaa80000)
  object space 105472K, 99% used [0x00000000c0000000,0x00000000c66630c0,0x00000000c6700000)
 PSPermGen       total 109568K, used 92504K [0x00000000b0000000, 0x00000000b6b00000, 0x00000000c0000000)
  object space 109568K, 84% used [0x00000000b0000000,0x00000000b5a56328,0x00000000b6b00000)
Event: 1276.522 GC heap after
Heap after GC invocations=21 (full 7):
 PSYoungGen      total 278016K, used 1409K [0x00000000eaa80000, 0x0000000100000000, 0x0000000100000000)
  eden space 250368K, 0% used [0x00000000eaa80000,0x00000000eaa80000,0x00000000f9f00000)
  from space 27648K, 5% used [0x00000000fe500000,0x00000000fe660728,0x0000000100000000)
  to   space 49664K, 0% used [0x00000000f9f00000,0x00000000f9f00000,0x00000000fcf80000)
 ParOldGen       total 160256K, used 105005K [0x00000000c0000000, 0x00000000c9c80000, 0x00000000eaa80000)
  object space 160256K, 65% used [0x00000000c0000000,0x00000000c668b4e8,0x00000000c9c80000)
 PSPermGen       total 127488K, used 91981K [0x00000000b0000000, 0x00000000b7c80000, 0x00000000c0000000)
  object space 127488K, 72% used [0x00000000b0000000,0x00000000b59d36b8,0x00000000b7c80000)
}
Event: 1279.166 GC heap before
{Heap before GC invocations=22 (full 7):
 PSYoungGen      total 278016K, used 144448K [0x00000000eaa80000, 0x0000000100000000, 0x0000000100000000)
  eden space 250368K, 57% used [0x00000000eaa80000,0x00000000f362f948,0x00000000f9f00000)
  from space 27648K, 5% used [0x00000000fe500000,0x00000000fe660728,0x0000000100000000)
  to   space 49664K, 0% used [0x00000000f9f00000,0x00000000f9f00000,0x00000000fcf80000)
 ParOldGen       total 160256K, used 105005K [0x00000000c0000000, 0x00000000c9c80000, 0x00000000eaa80000)
  object space 160256K, 65% used [0x00000000c0000000,0x00000000c668b4e8,0x00000000c9c80000)
 PSPermGen       total 127488K, used 95822K [0x00000000b0000000, 0x00000000b7c80000, 0x00000000c0000000)
  object space 127488K, 75% used [0x00000000b0000000,0x00000000b5d93808,0x00000000b7c80000)
Event: 1279.212 GC heap after
Heap after GC invocations=22 (full 7):
 PSYoungGen      total 300032K, used 13304K [0x00000000eaa80000, 0x0000000100000000, 0x0000000100000000)
  eden space 250368K, 0% used [0x00000000eaa80000,0x00000000eaa80000,0x00000000f9f00000)
  from space 49664K, 26% used [0x00000000f9f00000,0x00000000fabfe1f0,0x00000000fcf80000)
  to   space 47104K, 0% used [0x00000000fd200000,0x00000000fd200000,0x0000000100000000)
 ParOldGen       total 160256K, used 106522K [0x00000000c0000000, 0x00000000c9c80000, 0x00000000eaa80000)
  object space 160256K, 66% used [0x00000000c0000000,0x00000000c68069e0,0x00000000c9c80000)
 PSPermGen       total 127488K, used 95822K [0x00000000b0000000, 0x00000000b7c80000, 0x00000000c0000000)
  object space 127488K, 75% used [0x00000000b0000000,0x00000000b5d93808,0x00000000b7c80000)
}
Event: 1279.212 GC heap before
{Heap before GC invocations=23 (full 8):
 PSYoungGen      total 300032K, used 13304K [0x00000000eaa80000, 0x0000000100000000, 0x0000000100000000)
  eden space 250368K, 0% used [0x00000000eaa80000,0x00000000eaa80000,0x00000000f9f00000)
  from space 49664K, 26% used [0x00000000f9f00000,0x00000000fabfe1f0,0x00000000fcf80000)
  to   space 47104K, 0% used [0x00000000fd200000,0x00000000fd200000,0x0000000100000000)
 ParOldGen       total 160256K, used 106522K [0x00000000c0000000, 0x00000000c9c80000, 0x00000000eaa80000)
  object space 160256K, 66% used [0x00000000c0000000,0x00000000c68069e0,0x00000000c9c80000)
 PSPermGen       total 127488K, used 95822K [0x00000000b0000000, 0x00000000b7c80000, 0x00000000c0000000)
  object space 127488K, 75% used [0x00000000b0000000,0x00000000b5d93808,0x00000000b7c80000)
Event: 1279.815 GC heap after
Heap after GC invocations=23 (full 8):
 PSYoungGen      total 300032K, used 0K [0x00000000eaa80000, 0x0000000100000000, 0x0000000100000000)
  eden space 250368K, 0% used [0x00000000eaa80000,0x00000000eaa80000,0x00000000f9f00000)
  from space 49664K, 0% used [0x00000000f9f00000,0x00000000f9f00000,0x00000000fcf80000)
  to   space 47104K, 0% used [0x00000000fd200000,0x00000000fd200000,0x0000000100000000)
 ParOldGen       total 160256K, used 110542K [0x00000000c0000000, 0x00000000c9c80000, 0x00000000eaa80000)
  object space 160256K, 68% used [0x00000000c0000000,0x00000000c6bf3958,0x00000000c9c80000)
 PSPermGen       total 129536K, used 95783K [0x00000000b0000000, 0x00000000b7e80000, 0x00000000c0000000)
  object space 129536K, 73% used [0x00000000b0000000,0x00000000b5d89cd8,0x00000000b7e80000)
}
Event: 1377.114 GC heap before
{Heap before GC invocations=24 (full 8):
 PSYoungGen      total 300032K, used 250368K [0x00000000eaa80000, 0x0000000100000000, 0x0000000100000000)
  eden space 250368K, 100% used [0x00000000eaa80000,0x00000000f9f00000,0x00000000f9f00000)
  from space 49664K, 0% used [0x00000000f9f00000,0x00000000f9f00000,0x00000000fcf80000)
  to   space 47104K, 0% used [0x00000000fd200000,0x00000000fd200000,0x0000000100000000)
 ParOldGen       total 160256K, used 110542K [0x00000000c0000000, 0x00000000c9c80000, 0x00000000eaa80000)
  object space 160256K, 68% used [0x00000000c0000000,0x00000000c6bf3958,0x00000000c9c80000)
 PSPermGen       total 129536K, used 103016K [0x00000000b0000000, 0x00000000b7e80000, 0x00000000c0000000)
  object space 129536K, 79% used [0x00000000b0000000,0x00000000b649a328,0x00000000b7e80000)
Event: 1377.157 GC heap after
Heap after GC invocations=24 (full 8):
 PSYoungGen      total 297472K, used 24737K [0x00000000eaa80000, 0x00000000ffd80000, 0x0000000100000000)
  eden space 252928K, 0% used [0x00000000eaa80000,0x00000000eaa80000,0x00000000fa180000)
  from space 44544K, 55% used [0x00000000fd200000,0x00000000fea284b8,0x00000000ffd80000)
  to   space 47104K, 0% used [0x00000000fa180000,0x00000000fa180000,0x00000000fcf80000)
 ParOldGen       total 160256K, used 110542K [0x00000000c0000000, 0x00000000c9c80000, 0x00000000eaa80000)
  object space 160256K, 68% used [0x00000000c0000000,0x00000000c6bf3958,0x00000000c9c80000)
 PSPermGen       total 129536K, used 103016K [0x00000000b0000000, 0x00000000b7e80000, 0x00000000c0000000)
  object space 129536K, 79% used [0x00000000b0000000,0x00000000b649a328,0x00000000b7e80000)
}

Deoptimization events (10 events):
Event: 1374.612 Thread 0x00007fe250007000 Uncommon trap: reason=array_check action=maybe_recompile pc=0x00007fe29593cf38 method=java.util.TimSort.mergeHi(IIII)V @ 239
Event: 1374.667 Thread 0x00007fe250007000 Uncommon trap: reason=array_check action=maybe_recompile pc=0x00007fe29594b7e4 method=java.util.TimSort.mergeHi(IIII)V @ 408
Event: 1374.689 Thread 0x00007fe250007000 Uncommon trap: reason=array_check action=maybe_recompile pc=0x00007fe29594b7e4 method=java.util.TimSort.mergeHi(IIII)V @ 408
Event: 1374.767 Thread 0x00007fe250007000 Uncommon trap: reason=array_check action=maybe_recompile pc=0x00007fe29594f840 method=java.util.TimSort.mergeHi(IIII)V @ 512
Event: 1374.808 Thread 0x00007fe250007000 Uncommon trap: reason=array_check action=maybe_recompile pc=0x00007fe29594f840 method=java.util.TimSort.mergeHi(IIII)V @ 512
Event: 1377.182 Thread 0x00007fe250007000 Uncommon trap: reason=null_check action=make_not_entrant pc=0x00007fe29586c0c8 method=java.lang.ThreadLocal$ThreadLocalMap.set(Ljava/lang/ThreadLocal;Ljava/lang/Object;)V @ 36
Event: 1692.042 Thread 0x00007fe250007000 Uncommon trap: reason=null_check action=make_not_entrant pc=0x00007fe29591d7f0 method=com.google.common.reflect.TypeResolver$TypeMappingIntrospector.visitClass(Ljava/lang/Class;)V @ 11
Event: 1692.348 Thread 0x00007fe250007000 Uncommon trap: reason=array_check action=maybe_recompile pc=0x00007fe29595851c method=java.util.TimSort.mergeHi(IIII)V @ 645
Event: 1692.423 Thread 0x00007fe250007000 Uncommon trap: reason=array_check action=maybe_recompile pc=0x00007fe29595851c method=java.util.TimSort.mergeHi(IIII)V @ 645
Event: 1692.456 Thread 0x00007fe250007000 Uncommon trap: reason=array_check action=maybe_recompile pc=0x00007fe2959294c0 method=java.util.TimSort.mergeHi(IIII)V @ 271

Internal exceptions (10 events):
Event: 1692.664 Thread 0x00007fe250007000 Threw 0x00000000f4bee0f0 at /build/buildd/openjdk-7-7u75-2.5.4/build/openjdk/hotspot/src/share/vm/prims/jvm.cpp:1284
Event: 1692.664 Thread 0x00007fe250007000 Threw 0x00000000f4bee6c0 at /build/buildd/openjdk-7-7u75-2.5.4/build/openjdk/hotspot/src/share/vm/classfile/systemDictionary.cpp:185
Event: 1692.664 Thread 0x00007fe250007000 Threw 0x00000000f4c07790 at /build/buildd/openjdk-7-7u75-2.5.4/build/openjdk/hotspot/src/share/vm/prims/jvm.cpp:1284
Event: 1692.664 Thread 0x00007fe250007000 Threw 0x00000000f4c097e0 at /build/buildd/openjdk-7-7u75-2.5.4/build/openjdk/hotspot/src/share/vm/prims/jvm.cpp:1284
Event: 1692.664 Thread 0x00007fe250007000 Threw 0x00000000f4c0a7f0 at /build/buildd/openjdk-7-7u75-2.5.4/build/openjdk/hotspot/src/share/vm/prims/jvm.cpp:1284
Event: 1692.664 Thread 0x00007fe250007000 Threw 0x00000000f4c119a8 at /build/buildd/openjdk-7-7u75-2.5.4/build/openjdk/hotspot/src/share/vm/prims/jvm.cpp:1284
Event: 1692.664 Thread 0x00007fe250007000 Threw 0x00000000f4c11f90 at /build/buildd/openjdk-7-7u75-2.5.4/build/openjdk/hotspot/src/share/vm/classfile/systemDictionary.cpp:185
Event: 1692.666 Thread 0x00007fe250007000 Threw 0x00000000f4c82620 at /build/buildd/openjdk-7-7u75-2.5.4/build/openjdk/hotspot/src/share/vm/prims/jvm.cpp:1284
Event: 1692.666 Thread 0x00007fe250007000 Threw 0x00000000f4c83600 at /build/buildd/openjdk-7-7u75-2.5.4/build/openjdk/hotspot/src/share/vm/prims/jvm.cpp:1284
Event: 1692.666 Thread 0x00007fe250007000 Threw 0x00000000f4c8c7f0 at /build/buildd/openjdk-7-7u75-2.5.4/build/openjdk/hotspot/src/share/vm/prims/jvm.cpp:1284

Events (10 events):
Event: 1692.664 loading class 0x00007fe2549a2290
Event: 1692.664 loading class 0x00007fe2549a2290 done
Event: 1692.664 loading class 0x00007fe2549a2290
Event: 1692.664 loading class 0x00007fe2549a2290 done
Event: 1692.664 loading class 0x00007fe2549a2310
Event: 1692.664 loading class 0x00007fe2549a2310 done
Event: 1692.664 loading class 0x00007fe2549a2310
Event: 1692.664 loading class 0x00007fe2549a2310 done
Event: 1692.666 loading class 0x00007fe2549a2420
Event: 1692.666 loading class 0x00007fe2549a2420 done


Dynamic libraries:
00400000-00401000 r-xp 00000000 08:06 6690831                            /usr/lib/jvm/java-7-openjdk-amd64/jre/bin/java
00600000-00601000 r--p 00000000 08:06 6690831                            /usr/lib/jvm/java-7-openjdk-amd64/jre/bin/java
00601000-00602000 rw-p 00001000 08:06 6690831                            /usr/lib/jvm/java-7-openjdk-amd64/jre/bin/java
00da3000-00dc4000 rw-p 00000000 00:00 0                                  [heap]
b0000000-b7e80000 rw-p 00000000 00:00 0 
b7e80000-c0000000 rw-p 00000000 00:00 0 
c0000000-c9c80000 rw-p 00000000 00:00 0 
c9c80000-eaa80000 rw-p 00000000 00:00 0 
eaa80000-ffd80000 rw-p 00000000 00:00 0 
ffd80000-100000000 ---p 00000000 00:00 0 
7fe228000000-7fe228021000 rw-p 00000000 00:00 0 
7fe228021000-7fe22c000000 ---p 00000000 00:00 0 
7fe230000000-7fe230021000 rw-p 00000000 00:00 0 
7fe230021000-7fe234000000 ---p 00000000 00:00 0 
7fe234000000-7fe234021000 rw-p 00000000 00:00 0 
7fe234021000-7fe238000000 ---p 00000000 00:00 0 
7fe238000000-7fe238021000 rw-p 00000000 00:00 0 
7fe238021000-7fe23c000000 ---p 00000000 00:00 0 
7fe23c000000-7fe23c021000 rw-p 00000000 00:00 0 
7fe23c021000-7fe240000000 ---p 00000000 00:00 0 
7fe240000000-7fe240021000 rw-p 00000000 00:00 0 
7fe240021000-7fe244000000 ---p 00000000 00:00 0 
7fe244000000-7fe244021000 rw-p 00000000 00:00 0 
7fe244021000-7fe248000000 ---p 00000000 00:00 0 
7fe248000000-7fe248021000 rw-p 00000000 00:00 0 
7fe248021000-7fe24c000000 ---p 00000000 00:00 0 
7fe24c000000-7fe24d06d000 rw-p 00000000 00:00 0 
7fe24d06d000-7fe250000000 ---p 00000000 00:00 0 
7fe250000000-7fe250067000 rw-p 00000000 00:00 0 
7fe250067000-7fe254000000 ---p 00000000 00:00 0 
7fe254000000-7fe254d0b000 rw-p 00000000 00:00 0 
7fe254d0b000-7fe258000000 ---p 00000000 00:00 0 
7fe258000000-7fe258021000 rw-p 00000000 00:00 0 
7fe258021000-7fe25c000000 ---p 00000000 00:00 0 
7fe25c000000-7fe25c02e000 rw-p 00000000 00:00 0 
7fe25c02e000-7fe260000000 ---p 00000000 00:00 0 
7fe260000000-7fe261781000 rw-p 00000000 00:00 0 
7fe261781000-7fe264000000 ---p 00000000 00:00 0 
7fe264000000-7fe264021000 rw-p 00000000 00:00 0 
7fe264021000-7fe268000000 ---p 00000000 00:00 0 
7fe268000000-7fe268021000 rw-p 00000000 00:00 0 
7fe268021000-7fe26c000000 ---p 00000000 00:00 0 
7fe26c000000-7fe26db16000 rw-p 00000000 00:00 0 
7fe26db16000-7fe270000000 ---p 00000000 00:00 0 
7fe270000000-7fe270021000 rw-p 00000000 00:00 0 
7fe270021000-7fe274000000 ---p 00000000 00:00 0 
7fe274000000-7fe274021000 rw-p 00000000 00:00 0 
7fe274021000-7fe278000000 ---p 00000000 00:00 0 
7fe278000000-7fe27802e000 rw-p 00000000 00:00 0 
7fe27802e000-7fe27c000000 ---p 00000000 00:00 0 
7fe27c000000-7fe27c092000 rw-p 00000000 00:00 0 
7fe27c092000-7fe280000000 ---p 00000000 00:00 0 
7fe280000000-7fe28003e000 rw-p 00000000 00:00 0 
7fe28003e000-7fe284000000 ---p 00000000 00:00 0 
7fe2852d1000-7fe2852d2000 rw-p 00000000 00:00 0 
7fe2852d2000-7fe2852d5000 ---p 00000000 00:00 0 
7fe2852d5000-7fe2853d3000 rw-p 00000000 00:00 0 
7fe2853d3000-7fe2853d6000 ---p 00000000 00:00 0 
7fe2853d6000-7fe2854d4000 rw-p 00000000 00:00 0 
7fe2854d4000-7fe2854d7000 ---p 00000000 00:00 0 
7fe2854d7000-7fe2855d5000 rw-p 00000000 00:00 0 
7fe2855d5000-7fe2855d8000 ---p 00000000 00:00 0 
7fe2855d8000-7fe2856d6000 rw-p 00000000 00:00 0 
7fe2856d6000-7fe2856d8000 r--s 0000d000 08:06 10752138                   /home/renzs/MobileDev/android-studio/gradle/m2repository/commons-codec/commons-codec/1.4/commons-codec-1.4.jar
7fe2856d8000-7fe2856da000 r--s 0000d000 08:06 10751797                   /home/renzs/MobileDev/android-studio/gradle/m2repository/commons-logging/commons-logging/1.1.1/commons-logging-1.1.1.jar
7fe2856da000-7fe2856df000 r--s 00028000 08:06 10751836                   /home/renzs/MobileDev/android-studio/gradle/m2repository/org/apache/httpcomponents/httpcore/4.1/httpcore-4.1.jar
7fe2856df000-7fe2856e1000 r--s 00004000 08:06 10751911                   /home/renzs/MobileDev/android-studio/gradle/m2repository/org/ow2/asm/asm-tree/4.0/asm-tree-4.0.jar
7fe2856e1000-7fe2856ea000 r--s 000a7000 08:06 10751997                   /home/renzs/MobileDev/android-studio/gradle/m2repository/com/android/tools/external/lombok/lombok-ast/0.2.2/lombok-ast-0.2.2.jar
7fe2856ea000-7fe2856ec000 r--s 0000a000 08:06 10751903                   /home/renzs/MobileDev/android-studio/gradle/m2repository/org/ow2/asm/asm/4.0/asm-4.0.jar
7fe2856ec000-7fe2856ed000 r--s 0000a000 08:06 10752134                   /home/renzs/MobileDev/android-studio/gradle/m2repository/net/sf/kxml/kxml2/2.3.0/kxml2-2.3.0.jar
7fe2856ed000-7fe285718000 r--s 001f9000 08:06 10751951                   /home/renzs/MobileDev/android-studio/gradle/m2repository/com/google/guava/guava/17.0/guava-17.0.jar
7fe285718000-7fe28571f000 r--s 00053000 08:06 10751853                   /home/renzs/MobileDev/android-studio/gradle/m2repository/org/apache/commons/commons-compress/1.8.1/commons-compress-1.8.1.jar
7fe28571f000-7fe285722000 r--s 00011000 08:06 10752011                   /home/renzs/MobileDev/android-studio/gradle/m2repository/com/android/tools/layoutlib/layoutlib-api/24.0.0/layoutlib-api-24.0.0.jar
7fe285722000-7fe285724000 r--s 00005000 08:06 10751829                   /home/renzs/MobileDev/android-studio/gradle/m2repository/org/apache/httpcomponents/httpmime/4.1/httpmime-4.1.jar
7fe285724000-7fe28572c000 r--s 0004e000 08:06 10751845                   /home/renzs/MobileDev/android-studio/gradle/m2repository/org/apache/httpcomponents/httpclient/4.1.1/httpclient-4.1.1.jar
7fe28572c000-7fe28572d000 r--s 00005000 08:06 10752030                   /home/renzs/MobileDev/android-studio/gradle/m2repository/com/android/tools/dvlib/24.0.0/dvlib-24.0.0.jar
7fe28572d000-7fe28572e000 r--s 00004000 08:06 10751890                   /home/renzs/MobileDev/android-studio/gradle/m2repository/org/ow2/asm/asm-analysis/4.0/asm-analysis-4.0.jar
7fe28572e000-7fe285731000 r--s 00029000 08:06 10751984                   /home/renzs/MobileDev/android-studio/gradle/m2repository/com/android/tools/lint/lint-api/24.0.0/lint-api-24.0.0.jar
7fe285731000-7fe285741000 r--s 000d3000 08:06 10752116                   /home/renzs/MobileDev/android-studio/gradle/m2repository/net/sf/proguard/proguard-base/5.1/proguard-base-5.1.jar
7fe285741000-7fe28574f000 r--s 00081000 08:06 10751871                   /home/renzs/MobileDev/android-studio/gradle/m2repository/org/bouncycastle/bcpkix-jdk15on/1.48/bcpkix-jdk15on-1.48.jar
7fe28574f000-7fe285751000 r--s 00003000 08:06 10752066                   /home/renzs/MobileDev/android-studio/gradle/m2repository/com/android/tools/build/builder-model/1.0.0/builder-model-1.0.0.jar
7fe285751000-7fe285754000 r--s 00029000 08:06 10752100                   /home/renzs/MobileDev/android-studio/gradle/m2repository/com/android/tools/build/manifest-merger/24.0.0/manifest-merger-24.0.0.jar
7fe285754000-7fe285759000 r--s 00042000 08:06 10752048                   /home/renzs/MobileDev/android-studio/gradle/m2repository/com/android/tools/ddms/ddmlib/24.0.0/ddmlib-24.0.0.jar
7fe285759000-7fe28575a000 r--s 00000000 08:06 10752077                   /home/renzs/MobileDev/android-studio/gradle/m2repository/com/android/tools/build/builder-test-api/1.0.0/builder-test-api-1.0.0.jar
7fe28575a000-7fe28575c000 r--s 00002000 08:06 10751933                   /home/renzs/MobileDev/android-studio/gradle/m2repository/com/squareup/javawriter/2.5.0/javawriter-2.5.0.jar
7fe28575c000-7fe28575e000 r--s 00014000 08:06 10752037                   /home/renzs/MobileDev/android-studio/gradle/m2repository/com/android/tools/common/24.0.0/common-24.0.0.jar
7fe28575e000-7fe285768000 r--s 000a8000 08:06 10752107                   /home/renzs/MobileDev/android-studio/gradle/m2repository/com/android/tools/sdklib/24.0.0/sdklib-24.0.0.jar
7fe285768000-7fe28579b000 r--s 00203000 08:06 10751877                   /home/renzs/MobileDev/android-studio/gradle/m2repository/org/bouncycastle/bcprov-jdk15on/1.48/bcprov-jdk15on-1.48.jar
7fe28579b000-7fe2857a0000 r--s 00047000 08:06 10752019                   /home/renzs/MobileDev/android-studio/gradle/m2repository/com/android/tools/sdk-common/24.0.0/sdk-common-24.0.0.jar
7fe2857a0000-7fe2857a5000 r--s 0008c000 08:06 10751975                   /home/renzs/MobileDev/android-studio/gradle/m2repository/com/android/tools/lint/lint-checks/24.0.0/lint-checks-24.0.0.jar
7fe2857a5000-7fe2857b4000 r--s 001a9000 08:06 10751810                   /home/renzs/MobileDev/android-studio/gradle/m2repository/org/eclipse/jdt/core/compiler/ecj/4.2.2/ecj-4.2.2.jar
7fe2857b4000-7fe2857b5000 r--s 00002000 08:06 10752121                   /home/renzs/MobileDev/android-studio/gradle/m2repository/net/sf/proguard/proguard-gradle/5.1/proguard-gradle-5.1.jar
7fe2857b5000-7fe2857b9000 r--s 00031000 08:06 10752059                   /home/renzs/MobileDev/android-studio/gradle/m2repository/com/android/tools/build/builder/1.0.0/builder-1.0.0.jar
7fe2857b9000-7fe2857bb000 r--s 00018000 08:06 10751966                   /home/renzs/MobileDev/android-studio/gradle/m2repository/com/android/tools/lint/lint/24.0.0/lint-24.0.0.jar
7fe2857bb000-7fe2857cb000 r--s 00138000 08:06 10752086                   /home/renzs/MobileDev/android-studio/gradle/m2repository/com/android/tools/build/gradle/1.0.0/gradle-1.0.0.jar
7fe2857cb000-7fe2857d4000 r--s 000b9000 08:06 6690722                    /usr/lib/jvm/java-7-openjdk-amd64/jre/lib/resources.jar
7fe2857d4000-7fe2857d7000 ---p 00000000 00:00 0 
7fe2857d7000-7fe2858d5000 rw-p 00000000 00:00 0                          [stack:3219]
7fe2858d5000-7fe2858d8000 ---p 00000000 00:00 0 
7fe2858d8000-7fe28590e000 rw-p 00000000 00:00 0 
7fe28590e000-7fe28590f000 r--p 00000000 00:00 0 
7fe28590f000-7fe285979000 r--s 0069e000 08:06 6686811                    /usr/lib/jvm/java-7-openjdk-amd64/lib/tools.jar
7fe285979000-7fe28597c000 ---p 00000000 00:00 0 
7fe28597c000-7fe285a7a000 rw-p 00000000 00:00 0                          [stack:4437]
7fe285a7a000-7fe285a81000 r--s 00000000 08:06 7082488                    /usr/lib/x86_64-linux-gnu/gconv/gconv-modules.cache
7fe285a81000-7fe285a84000 ---p 00000000 00:00 0 
7fe285a84000-7fe285b82000 rw-p 00000000 00:00 0                          [stack:4434]
7fe285b82000-7fe285b85000 ---p 00000000 00:00 0 
7fe285b85000-7fe285c83000 rw-p 00000000 00:00 0                          [stack:4433]
7fe285c83000-7fe285c86000 ---p 00000000 00:00 0 
7fe285c86000-7fe285d84000 rw-p 00000000 00:00 0                          [stack:4432]
7fe285d84000-7fe285d87000 ---p 00000000 00:00 0 
7fe285d87000-7fe285e85000 rw-p 00000000 00:00 0                          [stack:4431]
7fe285e85000-7fe285e88000 ---p 00000000 00:00 0 
7fe285e88000-7fe285f86000 rw-p 00000000 00:00 0                          [stack:3209]
7fe285f86000-7fe285f8a000 r-xp 00000000 08:06 4325629                    /tmp/native-platform1108062272826494203dir/libnative-platform.so
7fe285f8a000-7fe286189000 ---p 00004000 08:06 4325629                    /tmp/native-platform1108062272826494203dir/libnative-platform.so
7fe286189000-7fe28618a000 rw-p 00003000 08:06 4325629                    /tmp/native-platform1108062272826494203dir/libnative-platform.so
7fe28618a000-7fe28618e000 r--s 0004d000 08:06 6690742                    /usr/lib/jvm/java-7-openjdk-amd64/jre/lib/jsse.jar
7fe28618e000-7fe286190000 r--s 00002000 08:06 10751700                   /home/renzs/MobileDev/android-studio/gradle/gradle-2.2.1/lib/plugins/gradle-cunit-2.2.1.jar
7fe286190000-7fe286195000 r--s 00036000 08:06 10751768                   /home/renzs/MobileDev/android-studio/gradle/gradle-2.2.1/lib/plugins/gradle-ide-native-2.2.1.jar
7fe286195000-7fe28619a000 r--s 00013000 08:06 10751738                   /home/renzs/MobileDev/android-studio/gradle/gradle-2.2.1/lib/plugins/gradle-language-native-2.2.1.jar
7fe28619a000-7fe2861a5000 r--s 0004d000 08:06 10751751                   /home/renzs/MobileDev/android-studio/gradle/gradle-2.2.1/lib/plugins/gradle-platform-native-2.2.1.jar
7fe2861a5000-7fe2861a7000 r--s 00008000 08:06 10751722                   /home/renzs/MobileDev/android-studio/gradle/gradle-2.2.1/lib/plugins/gradle-language-groovy-2.2.1.jar
7fe2861a7000-7fe2861ac000 r--s 00022000 08:06 10751787                   /home/renzs/MobileDev/android-studio/gradle/gradle-2.2.1/lib/plugins/gradle-language-java-2.2.1.jar
7fe2861ac000-7fe2861af000 r--s 0000c000 08:06 10751726                   /home/renzs/MobileDev/android-studio/gradle/gradle-2.2.1/lib/plugins/pmaven-groovy-0.8-20100325.jar
7fe2861af000-7fe2861b0000 r--s 00004000 08:06 10751747                   /home/renzs/MobileDev/android-studio/gradle/gradle-2.2.1/lib/plugins/pmaven-common-0.8-20100325.jar
7fe2861b0000-7fe2861b1000 r--s 00001000 08:06 10751779                   /home/renzs/MobileDev/android-studio/gradle/gradle-2.2.1/lib/plugins/gradle-plugin-development-2.2.1.jar
7fe2861b1000-7fe2861b4000 r--s 00007000 08:06 10751756                   /home/renzs/MobileDev/android-studio/gradle/gradle-2.2.1/lib/plugins/gradle-language-jvm-2.2.1.jar
7fe2861b4000-7fe2861b7000 r--s 00009000 08:06 10751725                   /home/renzs/MobileDev/android-studio/gradle/gradle-2.2.1/lib/plugins/gradle-platform-jvm-2.2.1.jar
7fe2861b7000-7fe2861bc000 r--s 00018000 08:06 10751703                   /home/renzs/MobileDev/android-studio/gradle/gradle-2.2.1/lib/plugins/gradle-platform-base-2.2.1.jar
7fe2861bc000-7fe2861c1000 r--s 00026000 08:06 10751789                   /home/renzs/MobileDev/android-studio/gradle/gradle-2.2.1/lib/plugins/gradle-build-init-2.2.1.jar
7fe2861c1000-7fe2861c4000 r--s 0001d000 08:06 10751769                   /home/renzs/MobileDev/android-studio/gradle/gradle-2.2.1/lib/plugins/gradle-jacoco-2.2.1.jar
7fe2861c4000-7fe2861c7000 r--s 0000d000 08:06 10751761                   /home/renzs/MobileDev/android-studio/gradle/gradle-2.2.1/lib/plugins/gradle-ivy-2.2.1.jar
7fe2861c7000-7fe2861c9000 r--s 00002000 08:06 10751763                   /home/renzs/MobileDev/android-studio/gradle/gradle-2.2.1/lib/plugins/gradle-publish-2.2.1.jar
7fe2861c9000-7fe2861cb000 r--s 00005000 08:06 10751730                   /home/renzs/MobileDev/android-studio/gradle/gradle-2.2.1/lib/plugins/jatl-0.2.2.jar
7fe2861cb000-7fe2861cd000 r--s 0000f000 08:06 10751758                   /home/renzs/MobileDev/android-studio/gradle/gradle-2.2.1/lib/plugins/gradle-reporting-2.2.1.jar
7fe2861cd000-7fe2861d2000 r--s 00034000 08:06 10751765                   /home/renzs/MobileDev/android-studio/gradle/gradle-2.2.1/lib/plugins/gradle-diagnostics-2.2.1.jar
7fe2861d2000-7fe2861d9000 r--s 00090000 08:06 10751707                   /home/renzs/MobileDev/android-studio/gradle/gradle-2.2.1/lib/plugins/gradle-build-comparison-2.2.1.jar
7fe2861d9000-7fe2861e0000 r--s 00035000 08:06 10751746                   /home/renzs/MobileDev/android-studio/gradle/gradle-2.2.1/lib/plugins/simple-4.1.21.jar
7fe2861e0000-7fe2861ec000 r--s 00100000 08:06 10751777                   /home/renzs/MobileDev/android-studio/gradle/gradle-2.2.1/lib/plugins/rhino-1.7R3.jar
7fe2861ec000-7fe2861f1000 r--s 0001f000 08:06 10751764                   /home/renzs/MobileDev/android-studio/gradle/gradle-2.2.1/lib/plugins/gradle-javascript-2.2.1.jar
7fe2861f1000-7fe2861f3000 r--s 0000e000 08:06 10751762                   /home/renzs/MobileDev/android-studio/gradle/gradle-2.2.1/lib/plugins/gradle-ear-2.2.1.jar
7fe2861f3000-7fe2861f7000 r--s 00025000 08:06 10751699                   /home/renzs/MobileDev/android-studio/gradle/gradle-2.2.1/lib/plugins/bcpg-jdk15-1.46.jar
7fe2861f7000-7fe2861fa000 r--s 0001d000 08:06 10751710                   /home/renzs/MobileDev/android-studio/gradle/gradle-2.2.1/lib/plugins/gradle-signing-2.2.1.jar
7fe2861fa000-7fe2861fb000 r--s 00002000 08:06 10751692                   /home/renzs/MobileDev/android-studio/gradle/gradle-2.2.1/lib/plugins/sonar-batch-bootstrapper-2.9.jar
7fe2861fb000-7fe2861fe000 r--s 00018000 08:06 10751736                   /home/renzs/MobileDev/android-studio/gradle/gradle-2.2.1/lib/plugins/gradle-sonar-2.2.1.jar
7fe2861fe000-7fe286201000 r--s 00017000 08:06 10751721                   /home/renzs/MobileDev/android-studio/gradle/gradle-2.2.1/lib/plugins/gradle-scala-2.2.1.jar
7fe286201000-7fe286203000 r--s 0000e000 08:06 10751727                   /home/renzs/MobileDev/android-studio/gradle/gradle-2.2.1/lib/plugins/gradle-announce-2.2.1.jar
7fe286203000-7fe286211000 r--s 000bc000 08:06 10751704                   /home/renzs/MobileDev/android-studio/gradle/gradle-2.2.1/lib/plugins/gradle-ide-2.2.1.jar
7fe286211000-7fe286213000 r--s 00000000 08:06 10751770                   /home/renzs/MobileDev/android-studio/gradle/gradle-2.2.1/lib/plugins/plexus-component-annotations-1.5.2.jar
7fe286213000-7fe286217000 r--s 0001e000 08:06 10751744                   /home/renzs/MobileDev/android-studio/gradle/gradle-2.2.1/lib/plugins/gradle-maven-2.2.1.jar
7fe286217000-7fe28622f000 r--s 0013b000 08:06 10751781                   /home/renzs/MobileDev/android-studio/gradle/gradle-2.2.1/lib/plugins/bndlib-2.1.0.jar
7fe28622f000-7fe286231000 r--s 00004000 08:06 10751714                   /home/renzs/MobileDev/android-studio/gradle/gradle-2.2.1/lib/plugins/gradle-osgi-2.2.1.jar
7fe286231000-7fe286236000 r--s 00068000 08:06 10751745                   /home/renzs/MobileDev/android-studio/gradle/gradle-2.2.1/lib/plugins/antlr-2.7.7.jar
7fe286236000-7fe286237000 r--s 00002000 08:06 10751776                   /home/renzs/MobileDev/android-studio/gradle/gradle-2.2.1/lib/plugins/ant-antlr-1.9.3.jar
7fe286237000-7fe286239000 r--s 00004000 08:06 10751767                   /home/renzs/MobileDev/android-studio/gradle/gradle-2.2.1/lib/plugins/gradle-antlr-2.2.1.jar
7fe286239000-7fe28623c000 r--s 0001e000 08:06 10751740                   /home/renzs/MobileDev/android-studio/gradle/gradle-2.2.1/lib/plugins/jsp-api-2.1-6.1.14.jar
7fe28623c000-7fe28625f000 r--s 00344000 08:06 10751771                   /home/renzs/MobileDev/android-studio/gradle/gradle-2.2.1/lib/plugins/core-3.1.1.jar
7fe28625f000-7fe286260000 r--s 00006000 08:06 10751790                   /home/renzs/MobileDev/android-studio/gradle/gradle-2.2.1/lib/plugins/jetty-naming-6.1.25.jar
7fe286260000-7fe286261000 r--s 00002000 08:06 10751719                   /home/renzs/MobileDev/android-studio/gradle/gradle-2.2.1/lib/plugins/geronimo-annotation_1.0_spec-1.0.jar
7fe286261000-7fe286263000 r--s 00002000 08:06 10751732                   /home/renzs/MobileDev/android-studio/gradle/gradle-2.2.1/lib/plugins/jetty-annotations-6.1.25.jar
7fe286263000-7fe286274000 r--s 000ea000 08:06 10751752                   /home/renzs/MobileDev/android-studio/gradle/gradle-2.2.1/lib/plugins/jsp-2.1-6.1.14.jar
7fe286274000-7fe286276000 r--s 0000d000 08:06 10751702                   /home/renzs/MobileDev/android-studio/gradle/gradle-2.2.1/lib/plugins/jetty-plus-6.1.25.jar
7fe286276000-7fe286278000 r--s 0001f000 08:06 10751724                   /home/renzs/MobileDev/android-studio/gradle/gradle-2.2.1/lib/plugins/servlet-api-2.5-20081211.jar
7fe286278000-7fe28627c000 r--s 00028000 08:06 10751693                   /home/renzs/MobileDev/android-studio/gradle/gradle-2.2.1/lib/plugins/jetty-util-6.1.25.jar
7fe28627c000-7fe286283000 r--s 0007d000 08:06 10751754                   /home/renzs/MobileDev/android-studio/gradle/gradle-2.2.1/lib/plugins/jetty-6.1.25.jar
7fe286283000-7fe286285000 r--s 00009000 08:06 10751713                   /home/renzs/MobileDev/android-studio/gradle/gradle-2.2.1/lib/plugins/gradle-jetty-2.2.1.jar
7fe286285000-7fe28628a000 r--s 00041000 08:06 10751716                   /home/renzs/MobileDev/android-studio/gradle/gradle-2.2.1/lib/plugins/gradle-code-quality-2.2.1.jar
7fe28628a000-7fe28628c000 r--s 00009000 08:06 10751720                   /home/renzs/MobileDev/android-studio/gradle/gradle-2.2.1/lib/plugins/hamcrest-core-1.3.jar
7fe28628c000-7fe286292000 r--s 00033000 08:06 10751757                   /home/renzs/MobileDev/android-studio/gradle/gradle-2.2.1/lib/plugins/snakeyaml-1.6.jar
7fe286292000-7fe286294000 r--s 00006000 08:06 10751705                   /home/renzs/MobileDev/android-studio/gradle/gradle-2.2.1/lib/plugins/jcommander-1.12.jar
7fe286294000-7fe286299000 r--s 00040000 08:06 10751766                   /home/renzs/MobileDev/android-studio/gradle/gradle-2.2.1/lib/plugins/bsh-2.0b4.jar
7fe286299000-7fe28629b000 r--s 00009000 08:06 10751697                   /home/renzs/MobileDev/android-studio/gradle/gradle-2.2.1/lib/plugins/commons-cli-1.2.jar
7fe28629b000-7fe2862a4000 r--s 00089000 08:06 10751717                   /home/renzs/MobileDev/android-studio/gradle/gradle-2.2.1/lib/plugins/testng-6.3.1.jar
7fe2862a4000-7fe2862aa000 r--s 00036000 08:06 10751741                   /home/renzs/MobileDev/android-studio/gradle/gradle-2.2.1/lib/plugins/junit-4.11.jar
7fe2862aa000-7fe2862b6000 r--s 00075000 08:06 10751711                   /home/renzs/MobileDev/android-studio/gradle/gradle-2.2.1/lib/plugins/gradle-plugins-2.2.1.jar
7fe2862b6000-7fe2862b9000 r--s 00011000 08:06 10751694                   /home/renzs/MobileDev/android-studio/gradle/gradle-2.2.1/lib/plugins/gradle-plugin-use-2.2.1.jar
7fe2862b9000-7fe2862d1000 r--s 00115000 08:06 10751749                   /home/renzs/MobileDev/android-studio/gradle/gradle-2.2.1/lib/plugins/xercesImpl-2.9.1.jar
7fe2862d1000-7fe2862d9000 r--s 00028000 08:06 10751733                   /home/renzs/MobileDev/android-studio/gradle/gradle-2.2.1/lib/plugins/xml-apis-1.3.04.jar
7fe2862d9000-7fe2862df000 r--s 0005b000 08:06 10751696                   /home/renzs/MobileDev/android-studio/gradle/gradle-2.2.1/lib/plugins/jcifs-1.3.17.jar
7fe2862df000-7fe2862e5000 r--s 00031000 08:06 10751706                   /home/renzs/MobileDev/android-studio/gradle/gradle-2.2.1/lib/plugins/httpcore-4.2.2.jar
7fe2862e5000-7fe2862eb000 r--s 00033000 08:06 10751695                   /home/renzs/MobileDev/android-studio/gradle/gradle-2.2.1/lib/plugins/commons-codec-1.6.jar
7fe2862eb000-7fe2862ee000 r--s 0001c000 08:06 10751785                   /home/renzs/MobileDev/android-studio/gradle/gradle-2.2.1/lib/plugins/nekohtml-1.9.14.jar
7fe2862ee000-7fe2862f7000 r--s 00060000 08:06 10751718                   /home/renzs/MobileDev/android-studio/gradle/gradle-2.2.1/lib/plugins/httpclient-4.2.2.jar
7fe2862f7000-7fe2862f9000 r--s 00007000 08:06 10751775                   /home/renzs/MobileDev/android-studio/gradle/gradle-2.2.1/lib/plugins/gradle-resources-http-2.2.1.jar
7fe2862f9000-7fe286321000 r--s 00194000 08:06 10751731                   /home/renzs/MobileDev/android-studio/gradle/gradle-2.2.1/lib/plugins/bcprov-jdk15-1.46.jar
7fe286321000-7fe286325000 r--s 0001d000 08:06 10751772                   /home/renzs/MobileDev/android-studio/gradle/gradle-2.2.1/lib/plugins/xbean-reflect-3.4.jar
7fe286325000-7fe28632a000 r--s 0002a000 08:06 10751782                   /home/renzs/MobileDev/android-studio/gradle/gradle-2.2.1/lib/plugins/gson-2.2.4.jar
7fe28632a000-7fe28632e000 r--s 0003d000 08:06 10751737                   /home/renzs/MobileDev/android-studio/gradle/gradle-2.2.1/lib/plugins/jsch-0.1.51.jar
7fe28632e000-7fe286347000 r--s 00129000 08:06 10751778                   /home/renzs/MobileDev/android-studio/gradle/gradle-2.2.1/lib/plugins/maven-ant-tasks-2.1.3.jar
7fe286347000-7fe286356000 r--s 000d9000 08:06 10751760                   /home/renzs/MobileDev/android-studio/gradle/gradle-2.2.1/lib/plugins/ivy-2.2.0.jar
7fe286356000-7fe28635a000 r--s 0001e000 08:06 10751734                   /home/renzs/MobileDev/android-studio/gradle/gradle-2.2.1/lib/plugins/jarjar-aether-impl-1.13.1.jar
7fe28635a000-7fe28635d000 r--s 00027000 08:06 10751739                   /home/renzs/MobileDev/android-studio/gradle/gradle-2.2.1/lib/plugins/jarjar-maven-model-3.0.4.jar
7fe28635d000-7fe286360000 r--s 0000b000 08:06 10751729                   /home/renzs/MobileDev/android-studio/gradle/gradle-2.2.1/lib/plugins/jarjar-maven-artifact-3.0.4.jar
7fe286360000-7fe286364000 r--s 0001e000 08:06 10751709                   /home/renzs/MobileDev/android-studio/gradle/gradle-2.2.1/lib/plugins/jarjar-aether-util-1.13.1.jar
7fe286364000-7fe286366000 r--s 00007000 08:06 10751783                   /home/renzs/MobileDev/android-studio/gradle/gradle-2.2.1/lib/plugins/jarjar-wagon-http-shared4-2.4.jar
7fe286366000-7fe286373000 r--s 00083000 08:06 10751708                   /home/renzs/MobileDev/android-studio/gradle/gradle-2.2.1/lib/plugins/jarjar-maven-core-3.0.4.jar
7fe286373000-7fe286375000 r--s 00003000 08:06 10751759                   /home/renzs/MobileDev/android-studio/gradle/gradle-2.2.1/lib/plugins/jarjar-aether-spi-1.13.1.jar
7fe286375000-7fe286377000 r--s 00009000 08:06 10751748                   /home/renzs/MobileDev/android-studio/gradle/gradle-2.2.1/lib/plugins/jarjar-maven-settings-builder-3.0.4.jar
7fe286377000-7fe28637b000 r--s 00014000 08:06 10751723                   /home/renzs/MobileDev/android-studio/gradle/gradle-2.2.1/lib/plugins/jarjar-aether-api-1.13.1.jar
7fe28637b000-7fe28637c000 r--s 00002000 08:06 10751773                   /home/renzs/MobileDev/android-studio/gradle/gradle-2.2.1/lib/plugins/jarjar-wagon-http-2.4.jar
7fe28637c000-7fe286383000 r--s 00042000 08:06 10751712                   /home/renzs/MobileDev/android-studio/gradle/gradle-2.2.1/lib/plugins/jarjar-maven-compat-3.0.4.jar
7fe286383000-7fe286385000 r--s 00006000 08:06 10751728                   /home/renzs/MobileDev/android-studio/gradle/gradle-2.2.1/lib/plugins/jarjar-aether-connector-wagon-1.13.1.jar
7fe286385000-7fe286387000 r--s 00000000 08:06 10751715                   /home/renzs/MobileDev/android-studio/gradle/gradle-2.2.1/lib/plugins/jarjar-plexus-component-annotations-1.5.5.jar
7fe286387000-7fe286389000 r--s 00006000 08:06 10751701                   /home/renzs/MobileDev/android-studio/gradle/gradle-2.2.1/lib/plugins/jarjar-plexus-sec-dispatcher-1.3.jar
7fe286389000-7fe28638e000 r--s 00022000 08:06 10751774                   /home/renzs/MobileDev/android-studio/gradle/gradle-2.2.1/lib/plugins/jarjar-maven-model-builder-3.0.4.jar
7fe28638e000-7fe286390000 r--s 0000b000 08:06 10751743                   /home/renzs/MobileDev/android-studio/gradle/gradle-2.2.1/lib/plugins/jarjar-maven-plugin-api-3.0.4.jar
7fe286390000-7fe286393000 r--s 0000a000 08:06 10751698                   /home/renzs/MobileDev/android-studio/gradle/gradle-2.2.1/lib/plugins/jarjar-plexus-classworlds-2.4.jar
7fe286393000-7fe286397000 r--s 00035000 08:06 10751784                   /home/renzs/MobileDev/android-studio/gradle/gradle-2.2.1/lib/plugins/jarjar-plexus-utils-2.0.6.jar
7fe286397000-7fe286399000 r--s 0000e000 08:06 10751786                   /home/renzs/MobileDev/android-studio/gradle/gradle-2.2.1/lib/plugins/jarjar-plexus-interpolation-1.14.jar
7fe286399000-7fe2863a1000 r--s 00031000 08:06 10751755                   /home/renzs/MobileDev/android-studio/gradle/gradle-2.2.1/lib/plugins/jarjar-plexus-container-default-1.5.5.jar
7fe2863a1000-7fe2863b1000 r-xp 00000000 08:06 6690781                    /usr/lib/jvm/java-7-openjdk-amd64/jre/lib/amd64/libnio.so
7fe2863b1000-7fe2865b1000 ---p 00010000 08:06 6690781                    /usr/lib/jvm/java-7-openjdk-amd64/jre/lib/amd64/libnio.so
7fe2865b1000-7fe2865b2000 r--p 00010000 08:06 6690781                    /usr/lib/jvm/java-7-openjdk-amd64/jre/lib/amd64/libnio.so
7fe2865b2000-7fe2865b3000 rw-p 00011000 08:06 6690781                    /usr/lib/jvm/java-7-openjdk-amd64/jre/lib/amd64/libnio.so
7fe2865b3000-7fe2865e4000 rw-p 00000000 00:00 0 
7fe2865e4000-7fe286621000 r-xp 00000000 08:06 10883036                   /lib/x86_64-linux-gnu/libpcre.so.3.13.1
7fe286621000-7fe286820000 ---p 0003d000 08:06 10883036                   /lib/x86_64-linux-gnu/libpcre.so.3.13.1
7fe286820000-7fe286821000 r--p 0003c000 08:06 10883036                   /lib/x86_64-linux-gnu/libpcre.so.3.13.1
7fe286821000-7fe286822000 rw-p 0003d000 08:06 10883036                   /lib/x86_64-linux-gnu/libpcre.so.3.13.1
7fe286822000-7fe286829000 r-xp 00000000 08:06 6692935                    /usr/lib/x86_64-linux-gnu/libffi.so.6.0.1
7fe286829000-7fe286a28000 ---p 00007000 08:06 6692935                    /usr/lib/x86_64-linux-gnu/libffi.so.6.0.1
7fe286a28000-7fe286a29000 r--p 00006000 08:06 6692935                    /usr/lib/x86_64-linux-gnu/libffi.so.6.0.1
7fe286a29000-7fe286a2a000 rw-p 00007000 08:06 6692935                    /usr/lib/x86_64-linux-gnu/libffi.so.6.0.1
7fe286a2a000-7fe286a41000 r-xp 00000000 08:06 10879079                   /lib/x86_64-linux-gnu/libresolv-2.19.so
7fe286a41000-7fe286c41000 ---p 00017000 08:06 10879079                   /lib/x86_64-linux-gnu/libresolv-2.19.so
7fe286c41000-7fe286c42000 r--p 00017000 08:06 10879079                   /lib/x86_64-linux-gnu/libresolv-2.19.so
7fe286c42000-7fe286c43000 rw-p 00018000 08:06 10879079                   /lib/x86_64-linux-gnu/libresolv-2.19.so
7fe286c43000-7fe286c45000 rw-p 00000000 00:00 0 
7fe286c45000-7fe286c65000 r-xp 00000000 08:06 10884465                   /lib/x86_64-linux-gnu/libselinux.so.1
7fe286c65000-7fe286e64000 ---p 00020000 08:06 10884465                   /lib/x86_64-linux-gnu/libselinux.so.1
7fe286e64000-7fe286e65000 r--p 0001f000 08:06 10884465                   /lib/x86_64-linux-gnu/libselinux.so.1
7fe286e65000-7fe286e66000 rw-p 00020000 08:06 10884465                   /lib/x86_64-linux-gnu/libselinux.so.1
7fe286e66000-7fe286e68000 rw-p 00000000 00:00 0 
7fe286e68000-7fe286e6b000 r-xp 00000000 08:06 6685036                    /usr/lib/x86_64-linux-gnu/libgmodule-2.0.so.0.4002.0
7fe286e6b000-7fe28706a000 ---p 00003000 08:06 6685036                    /usr/lib/x86_64-linux-gnu/libgmodule-2.0.so.0.4002.0
7fe28706a000-7fe28706b000 r--p 00002000 08:06 6685036                    /usr/lib/x86_64-linux-gnu/libgmodule-2.0.so.0.4002.0
7fe28706b000-7fe28706c000 rw-p 00003000 08:06 6685036                    /usr/lib/x86_64-linux-gnu/libgmodule-2.0.so.0.4002.0
7fe28706c000-7fe287172000 r-xp 00000000 08:06 10882896                   /lib/x86_64-linux-gnu/libglib-2.0.so.0.4002.0
7fe287172000-7fe287371000 ---p 00106000 08:06 10882896                   /lib/x86_64-linux-gnu/libglib-2.0.so.0.4002.0
7fe287371000-7fe287372000 r--p 00105000 08:06 10882896                   /lib/x86_64-linux-gnu/libglib-2.0.so.0.4002.0
7fe287372000-7fe287373000 rw-p 00106000 08:06 10882896                   /lib/x86_64-linux-gnu/libglib-2.0.so.0.4002.0
7fe287373000-7fe287374000 rw-p 00000000 00:00 0 
7fe287374000-7fe2873c3000 r-xp 00000000 08:06 6685054                    /usr/lib/x86_64-linux-gnu/libgobject-2.0.so.0.4002.0
7fe2873c3000-7fe2875c3000 ---p 0004f000 08:06 6685054                    /usr/lib/x86_64-linux-gnu/libgobject-2.0.so.0.4002.0
7fe2875c3000-7fe2875c4000 r--p 0004f000 08:06 6685054                    /usr/lib/x86_64-linux-gnu/libgobject-2.0.so.0.4002.0
7fe2875c4000-7fe2875c5000 rw-p 00050000 08:06 6685054                    /usr/lib/x86_64-linux-gnu/libgobject-2.0.so.0.4002.0
7fe2875c5000-7fe287731000 r-xp 00000000 08:06 6685058                    /usr/lib/x86_64-linux-gnu/libgio-2.0.so.0.4002.0
7fe287731000-7fe287930000 ---p 0016c000 08:06 6685058                    /usr/lib/x86_64-linux-gnu/libgio-2.0.so.0.4002.0
7fe287930000-7fe287934000 r--p 0016b000 08:06 6685058                    /usr/lib/x86_64-linux-gnu/libgio-2.0.so.0.4002.0
7fe287934000-7fe287936000 rw-p 0016f000 08:06 6685058                    /usr/lib/x86_64-linux-gnu/libgio-2.0.so.0.4002.0
7fe287936000-7fe287938000 rw-p 00000000 00:00 0 
7fe287938000-7fe28793a000 r--s 00002000 08:06 10751735                   /home/renzs/MobileDev/android-studio/gradle/gradle-2.2.1/lib/plugins/jarjar-plexus-cipher-1.7.jar
7fe28793a000-7fe28793c000 r--s 0000c000 08:06 10751780                   /home/renzs/MobileDev/android-studio/gradle/gradle-2.2.1/lib/plugins/jarjar-wagon-provider-api-2.4.jar
7fe28793c000-7fe28793e000 r--s 0000d000 08:06 10751788                   /home/renzs/MobileDev/android-studio/gradle/gradle-2.2.1/lib/plugins/jarjar-maven-aether-provider-3.0.4.jar
7fe28793e000-7fe28793f000 r--s 00007000 08:06 10751742                   /home/renzs/MobileDev/android-studio/gradle/gradle-2.2.1/lib/plugins/jarjar-maven-repository-metadata-3.0.4.jar
7fe28793f000-7fe287940000 r--s 0000b000 08:06 10751753                   /home/renzs/MobileDev/android-studio/gradle/gradle-2.2.1/lib/plugins/jarjar-maven-settings-3.0.4.jar
7fe287940000-7fe287958000 r--s 000b5000 08:06 10751750                   /home/renzs/MobileDev/android-studio/gradle/gradle-2.2.1/lib/plugins/gradle-dependency-management-2.2.1.jar
7fe287958000-7fe28796f000 r-xp 00000000 08:06 6690785                    /usr/lib/jvm/java-7-openjdk-amd64/jre/lib/amd64/libnet.so
7fe28796f000-7fe287b6e000 ---p 00017000 08:06 6690785                    /usr/lib/jvm/java-7-openjdk-amd64/jre/lib/amd64/libnet.so
7fe287b6e000-7fe287b6f000 r--p 00016000 08:06 6690785                    /usr/lib/jvm/java-7-openjdk-amd64/jre/lib/amd64/libnet.so
7fe287b6f000-7fe287b70000 rw-p 00017000 08:06 6690785                    /usr/lib/jvm/java-7-openjdk-amd64/jre/lib/amd64/libnet.so
7fe287b70000-7fe287b79000 r--s 0002c000 08:06 10751674                   /home/renzs/MobileDev/android-studio/gradle/gradle-2.2.1/lib/gradle-tooling-api-2.2.1.jar
7fe287b79000-7fe287b7b000 r--s 00002000 08:06 10751684                   /home/renzs/MobileDev/android-studio/gradle/gradle-2.2.1/lib/gradle-open-api-2.2.1.jar
7fe287b7b000-7fe287b81000 r--s 00032000 08:06 10751677                   /home/renzs/MobileDev/android-studio/gradle/gradle-2.2.1/lib/jaxen-1.1.jar
7fe287b81000-7fe287b86000 r--s 00048000 08:06 10751648                   /home/renzs/MobileDev/android-studio/gradle/gradle-2.2.1/lib/dom4j-1.6.1.jar
7fe287b86000-7fe287b91000 r--s 00059000 08:06 10751687                   /home/renzs/MobileDev/android-studio/gradle/gradle-2.2.1/lib/gradle-ui-2.2.1.jar
7fe287b91000-7fe287bfc000 r--s 00685000 08:06 10751645                   /home/renzs/MobileDev/android-studio/gradle/gradle-2.2.1/lib/groovy-all-2.3.6.jar
7fe287bfc000-7fe287bfd000 ---p 00000000 00:00 0 
7fe287bfd000-7fe287cfd000 rw-p 00000000 00:00 0                          [stack:3208]
7fe287cfd000-7fe287d00000 ---p 00000000 00:00 0 
7fe287d00000-7fe287dfe000 rw-p 00000000 00:00 0                          [stack:3207]
7fe287dfe000-7fe287e01000 ---p 00000000 00:00 0 
7fe287e01000-7fe287eff000 rw-p 00000000 00:00 0                          [stack:3206]
7fe287eff000-7fe287f02000 ---p 00000000 00:00 0 
7fe287f02000-7fe288000000 rw-p 00000000 00:00 0                          [stack:3205]
7fe288000000-7fe288044000 rw-p 00000000 00:00 0 
7fe288044000-7fe28c000000 ---p 00000000 00:00 0 
7fe28c000000-7fe28c001000 r--s 00005000 08:06 10751669                   /home/renzs/MobileDev/android-studio/gradle/gradle-2.2.1/lib/gradle-wrapper-2.2.1.jar
7fe28c001000-7fe28c003000 r--s 00006000 08:06 10751651                   /home/renzs/MobileDev/android-studio/gradle/gradle-2.2.1/lib/gradle-resources-2.2.1.jar
7fe28c003000-7fe28c005000 r--s 00007000 08:06 10751679                   /home/renzs/MobileDev/android-studio/gradle/gradle-2.2.1/lib/objenesis-1.2.jar
7fe28c005000-7fe28c007000 r--s 00000000 08:06 10751680                   /home/renzs/MobileDev/android-studio/gradle/gradle-2.2.1/lib/minlog-1.2.jar
7fe28c007000-7fe28c009000 r--s 0000f000 08:06 10751685                   /home/renzs/MobileDev/android-studio/gradle/gradle-2.2.1/lib/reflectasm-1.07-shaded.jar
7fe28c009000-7fe28c00d000 r--s 00026000 08:06 10751791                   /home/renzs/MobileDev/android-studio/gradle/gradle-2.2.1/lib/kryo-2.20.jar
7fe28c00d000-7fe28c016000 r--s 00039000 08:06 10751676                   /home/renzs/MobileDev/android-studio/gradle/gradle-2.2.1/lib/gradle-messaging-2.2.1.jar
7fe28c016000-7fe28c017000 r--s 00003000 08:06 10751689                   /home/renzs/MobileDev/android-studio/gradle/gradle-2.2.1/lib/native-platform-freebsd-amd64-0.10.jar
7fe28c017000-7fe28c018000 r--s 00003000 08:06 10751671                   /home/renzs/MobileDev/android-studio/gradle/gradle-2.2.1/lib/native-platform-freebsd-i386-0.10.jar
7fe28c018000-7fe28c019000 r--s 00005000 08:06 10751675                   /home/renzs/MobileDev/android-studio/gradle/gradle-2.2.1/lib/native-platform-windows-i386-0.10.jar
7fe28c019000-7fe28c01a000 r--s 00005000 08:06 10751644                   /home/renzs/MobileDev/android-studio/gradle/gradle-2.2.1/lib/native-platform-windows-amd64-0.10.jar
7fe28c01a000-7fe28c01b000 r--s 00003000 08:06 10751647                   /home/renzs/MobileDev/android-studio/gradle/gradle-2.2.1/lib/native-platform-linux-i386-0.10.jar
7fe28c01b000-7fe28c01c000 r--s 00003000 08:06 10751655                   /home/renzs/MobileDev/android-studio/gradle/gradle-2.2.1/lib/native-platform-linux-amd64-0.10.jar
7fe28c01c000-7fe28c01d000 r--s 00002000 08:06 10751792                   /home/renzs/MobileDev/android-studio/gradle/gradle-2.2.1/lib/native-platform-osx-amd64-0.10.jar
7fe28c01d000-7fe28c01e000 r--s 00002000 08:06 10751667                   /home/renzs/MobileDev/android-studio/gradle/gradle-2.2.1/lib/native-platform-osx-i386-0.10.jar
7fe28c01e000-7fe28c020000 r--s 00008000 08:06 10751666                   /home/renzs/MobileDev/android-studio/gradle/gradle-2.2.1/lib/jansi-1.2.1.jar
7fe28c020000-7fe28c023000 r--s 0000d000 08:06 10751681                   /home/renzs/MobileDev/android-studio/gradle/gradle-2.2.1/lib/native-platform-0.10.jar
7fe28c023000-7fe28c027000 r--s 000e4000 08:06 10751646                   /home/renzs/MobileDev/android-studio/gradle/gradle-2.2.1/lib/jna-3.2.7.jar
7fe28c027000-7fe28c029000 r--s 00008000 08:06 10751665                   /home/renzs/MobileDev/android-studio/gradle/gradle-2.2.1/lib/gradle-native-2.2.1.jar
7fe28c029000-7fe28c02b000 r--s 00005000 08:06 10751688                   /home/renzs/MobileDev/android-studio/gradle/gradle-2.2.1/lib/gradle-cli-2.2.1.jar
7fe28c02b000-7fe28c02d000 r--s 00003000 08:06 10751653                   /home/renzs/MobileDev/android-studio/gradle/gradle-2.2.1/lib/gradle-base-services-groovy-2.2.1.jar
7fe28c02d000-7fe28c02f000 r--s 0000a000 08:06 10751661                   /home/renzs/MobileDev/android-studio/gradle/gradle-2.2.1/lib/gradle-model-groovy-2.2.1.jar
7fe28c02f000-7fe28c033000 r--s 0001b000 08:06 10751657                   /home/renzs/MobileDev/android-studio/gradle/gradle-2.2.1/lib/gradle-model-core-2.2.1.jar
7fe28c033000-7fe28c034000 r--s 00000000 08:06 10751670                   /home/renzs/MobileDev/android-studio/gradle/gradle-2.2.1/lib/gradle-docs-2.2.1.jar
7fe28c034000-7fe28c036000 r--s 00003000 08:06 10751654                   /home/renzs/MobileDev/android-studio/gradle/gradle-2.2.1/lib/jcl-over-slf4j-1.7.7.jar
7fe28c036000-7fe28c03c000 r--s 0003b000 08:06 10751650                   /home/renzs/MobileDev/android-studio/gradle/gradle-2.2.1/lib/logback-classic-1.0.13.jar
7fe28c03c000-7fe28c046000 r--s 0005d000 08:06 10751660                   /home/renzs/MobileDev/android-studio/gradle/gradle-2.2.1/lib/logback-core-1.0.13.jar
7fe28c046000-7fe28c054000 r--s 0007f000 08:06 10751683                   /home/renzs/MobileDev/android-studio/gradle/gradle-2.2.1/lib/commons-collections-3.2.1.jar
7fe28c054000-7fe28c07c000 r--s 001cf000 08:06 10751663                   /home/renzs/MobileDev/android-studio/gradle/gradle-2.2.1/lib/guava-jdk5-17.0.jar
7fe28c07c000-7fe28c09b000 r--s 001cc000 08:06 10751652                   /home/renzs/MobileDev/android-studio/gradle/gradle-2.2.1/lib/ant-1.9.3.jar
7fe28c09b000-7fe28c0cc000 r--s 00191000 08:06 10751658                   /home/renzs/MobileDev/android-studio/gradle/gradle-2.2.1/lib/gradle-core-2.2.1.jar
7fe28c0cc000-7fe28c0cf000 ---p 00000000 00:00 0 
7fe28c0cf000-7fe28c1cd000 rw-p 00000000 00:00 0                          [stack:3204]
7fe28c1cd000-7fe28c8af000 r--p 00000000 08:06 6691654                    /usr/lib/locale/locale-archive
7fe28c8af000-7fe28c8b2000 ---p 00000000 00:00 0 
7fe28c8b2000-7fe28c9b0000 rw-p 00000000 00:00 0                          [stack:3203]
7fe28c9b0000-7fe28c9b3000 ---p 00000000 00:00 0 
7fe28c9b3000-7fe28cab1000 rw-p 00000000 00:00 0                          [stack:3202]
7fe28cab1000-7fe28cab2000 ---p 00000000 00:00 0 
7fe28cab2000-7fe290000000 rw-p 00000000 00:00 0                          [stack:3201]
7fe290000000-7fe290048000 rw-p 00000000 00:00 0 
7fe290048000-7fe294000000 ---p 00000000 00:00 0 
7fe294000000-7fe294003000 r--s 0001b000 08:06 10751656                   /home/renzs/MobileDev/android-studio/gradle/gradle-2.2.1/lib/jarjar-1.3.jar
7fe294003000-7fe294008000 r--s 00041000 08:06 10751649                   /home/renzs/MobileDev/android-studio/gradle/gradle-2.2.1/lib/commons-lang-2.6.jar
7fe294008000-7fe2943b7000 rw-p 00000000 00:00 0 
7fe2943b7000-7fe294569000 r--s 01d23000 08:06 6690720                    /usr/lib/jvm/java-7-openjdk-amd64/jre/lib/rt.jar
7fe294569000-7fe2948fb000 rw-p 00000000 00:00 0 
7fe2948fb000-7fe2948fc000 ---p 00000000 00:00 0 
7fe2948fc000-7fe2949fc000 rw-p 00000000 00:00 0                          [stack:3200]
7fe2949fc000-7fe2949fd000 ---p 00000000 00:00 0 
7fe2949fd000-7fe294afd000 rw-p 00000000 00:00 0                          [stack:3199]
7fe294afd000-7fe294afe000 ---p 00000000 00:00 0 
7fe294afe000-7fe294bfe000 rw-p 00000000 00:00 0                          [stack:3198]
7fe294bfe000-7fe294bff000 ---p 00000000 00:00 0 
7fe294bff000-7fe294d3f000 rw-p 00000000 00:00 0                          [stack:3197]
7fe294d3f000-7fe294d7f000 rw-p 00000000 00:00 0 
7fe294d7f000-7fe294dbf000 rw-p 00000000 00:00 0 
7fe294dbf000-7fe294dff000 rw-p 00000000 00:00 0 
7fe294dff000-7fe294e4e000 rw-p 00000000 00:00 0 
7fe294e4e000-7fe294f54000 rw-p 00000000 00:00 0 
7fe294f54000-7fe294ffe000 rw-p 00000000 00:00 0 
7fe294ffe000-7fe294fff000 ---p 00000000 00:00 0 
7fe294fff000-7fe295000000 rw-p 00000000 00:00 0 
7fe295000000-7fe295970000 rwxp 00000000 00:00 0 
7fe295970000-7fe298a12000 rw-p 00000000 00:00 0 
7fe298a12000-7fe29c000000 ---p 00000000 00:00 0 
7fe29c000000-7fe29c001000 r--s 00005000 08:06 10751682                   /home/renzs/MobileDev/android-studio/gradle/gradle-2.2.1/lib/log4j-over-slf4j-1.7.7.jar
7fe29c001000-7fe29c002000 r--s 00000000 08:06 10751673                   /home/renzs/MobileDev/android-studio/gradle/gradle-2.2.1/lib/javax.inject-1.jar
7fe29c002000-7fe29c004000 r--s 00000000 08:06 10751678                   /home/renzs/MobileDev/android-studio/gradle/gradle-2.2.1/lib/jul-to-slf4j-1.7.7.jar
7fe29c004000-7fe29c053000 rw-p 00000000 00:00 0 
7fe29c053000-7fe29c15a000 rw-p 00000000 00:00 0 
7fe29c15a000-7fe29c162000 r-xp 00000000 08:06 6690827                    /usr/lib/jvm/java-7-openjdk-amd64/jre/lib/amd64/libzip.so
7fe29c162000-7fe29c361000 ---p 00008000 08:06 6690827                    /usr/lib/jvm/java-7-openjdk-amd64/jre/lib/amd64/libzip.so
7fe29c361000-7fe29c362000 r--p 00007000 08:06 6690827                    /usr/lib/jvm/java-7-openjdk-amd64/jre/lib/amd64/libzip.so
7fe29c362000-7fe29c363000 rw-p 00008000 08:06 6690827                    /usr/lib/jvm/java-7-openjdk-amd64/jre/lib/amd64/libzip.so
7fe29c363000-7fe29c36e000 r-xp 00000000 08:06 10884419                   /lib/x86_64-linux-gnu/libnss_files-2.19.so
7fe29c36e000-7fe29c56d000 ---p 0000b000 08:06 10884419                   /lib/x86_64-linux-gnu/libnss_files-2.19.so
7fe29c56d000-7fe29c56e000 r--p 0000a000 08:06 10884419                   /lib/x86_64-linux-gnu/libnss_files-2.19.so
7fe29c56e000-7fe29c56f000 rw-p 0000b000 08:06 10884419                   /lib/x86_64-linux-gnu/libnss_files-2.19.so
7fe29c56f000-7fe29c57a000 r-xp 00000000 08:06 10882862                   /lib/x86_64-linux-gnu/libnss_nis-2.19.so
7fe29c57a000-7fe29c779000 ---p 0000b000 08:06 10882862                   /lib/x86_64-linux-gnu/libnss_nis-2.19.so
7fe29c779000-7fe29c77a000 r--p 0000a000 08:06 10882862                   /lib/x86_64-linux-gnu/libnss_nis-2.19.so
7fe29c77a000-7fe29c77b000 rw-p 0000b000 08:06 10882862                   /lib/x86_64-linux-gnu/libnss_nis-2.19.so
7fe29c77b000-7fe29c792000 r-xp 00000000 08:06 10879075                   /lib/x86_64-linux-gnu/libnsl-2.19.so
7fe29c792000-7fe29c991000 ---p 00017000 08:06 10879075                   /lib/x86_64-linux-gnu/libnsl-2.19.so
7fe29c991000-7fe29c992000 r--p 00016000 08:06 10879075                   /lib/x86_64-linux-gnu/libnsl-2.19.so
7fe29c992000-7fe29c993000 rw-p 00017000 08:06 10879075                   /lib/x86_64-linux-gnu/libnsl-2.19.so
7fe29c993000-7fe29c995000 rw-p 00000000 00:00 0 
7fe29c995000-7fe29c99e000 r-xp 00000000 08:06 10879072                   /lib/x86_64-linux-gnu/libnss_compat-2.19.so
7fe29c99e000-7fe29cb9d000 ---p 00009000 08:06 10879072                   /lib/x86_64-linux-gnu/libnss_compat-2.19.so
7fe29cb9d000-7fe29cb9e000 r--p 00008000 08:06 10879072                   /lib/x86_64-linux-gnu/libnss_compat-2.19.so
7fe29cb9e000-7fe29cb9f000 rw-p 00009000 08:06 10879072                   /lib/x86_64-linux-gnu/libnss_compat-2.19.so
7fe29cb9f000-7fe29cbca000 r-xp 00000000 08:06 6690801                    /usr/lib/jvm/java-7-openjdk-amd64/jre/lib/amd64/libjava.so
7fe29cbca000-7fe29cdca000 ---p 0002b000 08:06 6690801                    /usr/lib/jvm/java-7-openjdk-amd64/jre/lib/amd64/libjava.so
7fe29cdca000-7fe29cdcb000 r--p 0002b000 08:06 6690801                    /usr/lib/jvm/java-7-openjdk-amd64/jre/lib/amd64/libjava.so
7fe29cdcb000-7fe29cdcd000 rw-p 0002c000 08:06 6690801                    /usr/lib/jvm/java-7-openjdk-amd64/jre/lib/amd64/libjava.so
7fe29cdcd000-7fe29cddd000 r-xp 00000000 08:06 6690800                    /usr/lib/jvm/java-7-openjdk-amd64/jre/lib/amd64/libverify.so
7fe29cddd000-7fe29cfdc000 ---p 00010000 08:06 6690800                    /usr/lib/jvm/java-7-openjdk-amd64/jre/lib/amd64/libverify.so
7fe29cfdc000-7fe29cfde000 r--p 0000f000 08:06 6690800                    /usr/lib/jvm/java-7-openjdk-amd64/jre/lib/amd64/libverify.so
7fe29cfde000-7fe29cfdf000 rw-p 00011000 08:06 6690800                    /usr/lib/jvm/java-7-openjdk-amd64/jre/lib/amd64/libverify.so
7fe29cfdf000-7fe29cfe6000 r-xp 00000000 08:06 10879067                   /lib/x86_64-linux-gnu/librt-2.19.so
7fe29cfe6000-7fe29d1e5000 ---p 00007000 08:06 10879067                   /lib/x86_64-linux-gnu/librt-2.19.so
7fe29d1e5000-7fe29d1e6000 r--p 00006000 08:06 10879067                   /lib/x86_64-linux-gnu/librt-2.19.so
7fe29d1e6000-7fe29d1e7000 rw-p 00007000 08:06 10879067                   /lib/x86_64-linux-gnu/librt-2.19.so
7fe29d1e7000-7fe29d1fd000 r-xp 00000000 08:06 10878981                   /lib/x86_64-linux-gnu/libgcc_s.so.1
7fe29d1fd000-7fe29d3fc000 ---p 00016000 08:06 10878981                   /lib/x86_64-linux-gnu/libgcc_s.so.1
7fe29d3fc000-7fe29d3fd000 rw-p 00015000 08:06 10878981                   /lib/x86_64-linux-gnu/libgcc_s.so.1
7fe29d3fd000-7fe29d502000 r-xp 00000000 08:06 10879074                   /lib/x86_64-linux-gnu/libm-2.19.so
7fe29d502000-7fe29d701000 ---p 00105000 08:06 10879074                   /lib/x86_64-linux-gnu/libm-2.19.so
7fe29d701000-7fe29d702000 r--p 00104000 08:06 10879074                   /lib/x86_64-linux-gnu/libm-2.19.so
7fe29d702000-7fe29d703000 rw-p 00105000 08:06 10879074                   /lib/x86_64-linux-gnu/libm-2.19.so
7fe29d703000-7fe29d7e9000 r-xp 00000000 08:06 6693563                    /usr/lib/x86_64-linux-gnu/libstdc++.so.6.0.19
7fe29d7e9000-7fe29d9e8000 ---p 000e6000 08:06 6693563                    /usr/lib/x86_64-linux-gnu/libstdc++.so.6.0.19
7fe29d9e8000-7fe29d9f0000 r--p 000e5000 08:06 6693563                    /usr/lib/x86_64-linux-gnu/libstdc++.so.6.0.19
7fe29d9f0000-7fe29d9f2000 rw-p 000ed000 08:06 6693563                    /usr/lib/x86_64-linux-gnu/libstdc++.so.6.0.19
7fe29d9f2000-7fe29da07000 rw-p 00000000 00:00 0 
7fe29da07000-7fe29e51f000 r-xp 00000000 08:06 6690808                    /usr/lib/jvm/java-7-openjdk-amd64/jre/lib/amd64/server/libjvm.so
7fe29e51f000-7fe29e71f000 ---p 00b18000 08:06 6690808                    /usr/lib/jvm/java-7-openjdk-amd64/jre/lib/amd64/server/libjvm.so
7fe29e71f000-7fe29e7b9000 r--p 00b18000 08:06 6690808                    /usr/lib/jvm/java-7-openjdk-amd64/jre/lib/amd64/server/libjvm.so
7fe29e7b9000-7fe29e7dc000 rw-p 00bb2000 08:06 6690808                    /usr/lib/jvm/java-7-openjdk-amd64/jre/lib/amd64/server/libjvm.so
7fe29e7dc000-7fe29e80a000 rw-p 00000000 00:00 0 
7fe29e80a000-7fe29e822000 r-xp 00000000 08:06 10883096                   /lib/x86_64-linux-gnu/libz.so.1.2.8
7fe29e822000-7fe29ea21000 ---p 00018000 08:06 10883096                   /lib/x86_64-linux-gnu/libz.so.1.2.8
7fe29ea21000-7fe29ea22000 r--p 00017000 08:06 10883096                   /lib/x86_64-linux-gnu/libz.so.1.2.8
7fe29ea22000-7fe29ea23000 rw-p 00018000 08:06 10883096                   /lib/x86_64-linux-gnu/libz.so.1.2.8
7fe29ea23000-7fe29ea3c000 r-xp 00000000 08:06 10882948                   /lib/x86_64-linux-gnu/libpthread-2.19.so
7fe29ea3c000-7fe29ec3b000 ---p 00019000 08:06 10882948                   /lib/x86_64-linux-gnu/libpthread-2.19.so
7fe29ec3b000-7fe29ec3c000 r--p 00018000 08:06 10882948                   /lib/x86_64-linux-gnu/libpthread-2.19.so
7fe29ec3c000-7fe29ec3d000 rw-p 00019000 08:06 10882948                   /lib/x86_64-linux-gnu/libpthread-2.19.so
7fe29ec3d000-7fe29ec41000 rw-p 00000000 00:00 0 
7fe29ec41000-7fe29ec44000 r-xp 00000000 08:06 10879070                   /lib/x86_64-linux-gnu/libdl-2.19.so
7fe29ec44000-7fe29ee43000 ---p 00003000 08:06 10879070                   /lib/x86_64-linux-gnu/libdl-2.19.so
7fe29ee43000-7fe29ee44000 r--p 00002000 08:06 10879070                   /lib/x86_64-linux-gnu/libdl-2.19.so
7fe29ee44000-7fe29ee45000 rw-p 00003000 08:06 10879070                   /lib/x86_64-linux-gnu/libdl-2.19.so
7fe29ee45000-7fe29f000000 r-xp 00000000 08:06 10879066                   /lib/x86_64-linux-gnu/libc-2.19.so
7fe29f000000-7fe29f200000 ---p 001bb000 08:06 10879066                   /lib/x86_64-linux-gnu/libc-2.19.so
7fe29f200000-7fe29f204000 r--p 001bb000 08:06 10879066                   /lib/x86_64-linux-gnu/libc-2.19.so
7fe29f204000-7fe29f206000 rw-p 001bf000 08:06 10879066                   /lib/x86_64-linux-gnu/libc-2.19.so
7fe29f206000-7fe29f20b000 rw-p 00000000 00:00 0 
7fe29f20b000-7fe29f218000 r-xp 00000000 08:06 6690751                    /usr/lib/jvm/java-7-openjdk-amd64/jre/lib/amd64/jli/libjli.so
7fe29f218000-7fe29f417000 ---p 0000d000 08:06 6690751                    /usr/lib/jvm/java-7-openjdk-amd64/jre/lib/amd64/jli/libjli.so
7fe29f417000-7fe29f418000 r--p 0000c000 08:06 6690751                    /usr/lib/jvm/java-7-openjdk-amd64/jre/lib/amd64/jli/libjli.so
7fe29f418000-7fe29f419000 rw-p 0000d000 08:06 6690751                    /usr/lib/jvm/java-7-openjdk-amd64/jre/lib/amd64/jli/libjli.so
7fe29f419000-7fe29f43c000 r-xp 00000000 08:06 10879006                   /lib/x86_64-linux-gnu/ld-2.19.so
7fe29f43c000-7fe29f43d000 r--s 00000000 08:06 10751664                   /home/renzs/MobileDev/android-studio/gradle/gradle-2.2.1/lib/jcip-annotations-1.0.jar
7fe29f43d000-7fe29f440000 r--s 00018000 08:06 10751690                   /home/renzs/MobileDev/android-studio/gradle/gradle-2.2.1/lib/commons-io-1.4.jar
7fe29f440000-7fe29f445000 r--s 00036000 08:06 10751672                   /home/renzs/MobileDev/android-studio/gradle/gradle-2.2.1/lib/asm-all-5.0.3.jar
7fe29f445000-7fe29f44b000 r--s 00026000 08:06 10751668                   /home/renzs/MobileDev/android-studio/gradle/gradle-2.2.1/lib/gradle-base-services-2.2.1.jar
7fe29f44b000-7fe29f453000 r--s 0003c000 08:06 10751686                   /home/renzs/MobileDev/android-studio/gradle/gradle-2.2.1/lib/gradle-launcher-2.2.1.jar
7fe29f453000-7fe29f479000 rw-p 00000000 00:00 0 
7fe29f479000-7fe29f513000 rw-p 00000000 00:00 0 
7fe29f513000-7fe29f516000 ---p 00000000 00:00 0 
7fe29f516000-7fe29f619000 rw-p 00000000 00:00 0                          [stack:3196]
7fe29f619000-7fe29f61b000 r--s 00006000 08:06 10751659                   /home/renzs/MobileDev/android-studio/gradle/gradle-2.2.1/lib/slf4j-api-1.7.7.jar
7fe29f61b000-7fe29f61c000 r--s 00004000 08:06 10751662                   /home/renzs/MobileDev/android-studio/gradle/gradle-2.2.1/lib/ant-launcher-1.9.3.jar
7fe29f61c000-7fe29f620000 r--s 0003c000 08:06 6690725                    /usr/lib/jvm/java-7-openjdk-amd64/jre/lib/ext/sunpkcs11.jar
7fe29f620000-7fe29f623000 r--s 00086000 08:06 6690729                    /usr/lib/jvm/java-7-openjdk-amd64/jre/lib/ext/localedata.jar
7fe29f623000-7fe29f627000 r--s 00034000 08:06 6690726                    /usr/lib/jvm/java-7-openjdk-amd64/jre/lib/ext/sunjce_provider.jar
7fe29f627000-7fe29f629000 r--s 00006000 08:06 7080661                    /usr/share/java/java-atk-wrapper.jar
7fe29f629000-7fe29f62a000 r--s 00002000 08:06 6690728                    /usr/lib/jvm/java-7-openjdk-amd64/jre/lib/ext/dnsns.jar
7fe29f62a000-7fe29f62c000 r--s 00012000 08:06 6690727                    /usr/lib/jvm/java-7-openjdk-amd64/jre/lib/ext/zipfs.jar
7fe29f62c000-7fe29f62f000 r--s 0000f000 08:06 6690724                    /usr/lib/jvm/java-7-openjdk-amd64/jre/lib/ext/icedtea-sound.jar
7fe29f62f000-7fe29f637000 rw-s 00000000 08:06 4325626                    /tmp/hsperfdata_renzs/3194
7fe29f637000-7fe29f638000 rw-p 00000000 00:00 0 
7fe29f638000-7fe29f639000 r--p 00000000 00:00 0 
7fe29f639000-7fe29f63b000 rw-p 00000000 00:00 0 
7fe29f63b000-7fe29f63c000 r--p 00022000 08:06 10879006                   /lib/x86_64-linux-gnu/ld-2.19.so
7fe29f63c000-7fe29f63d000 rw-p 00023000 08:06 10879006                   /lib/x86_64-linux-gnu/ld-2.19.so
7fe29f63d000-7fe29f63e000 rw-p 00000000 00:00 0 
7ffff8d45000-7ffff8d66000 rw-p 00000000 00:00 0                          [stack]
7ffff8ddc000-7ffff8dde000 r-xp 00000000 00:00 0                          [vdso]
ffffffffff600000-ffffffffff601000 r-xp 00000000 00:00 0                  [vsyscall]

VM Arguments:
jvm_args: -XX:MaxPermSize=256m -XX:+HeapDumpOnOutOfMemoryError -Xmx1024m -Dfile.encoding=UTF-8 -Duser.country=PH -Duser.language=en -Duser.variant 
java_command: org.gradle.launcher.daemon.bootstrap.GradleDaemon 2.2.1 /home/renzs/.gradle/daemon 10800000 5b7f5215-4b09-44e1-8389-fe2b29231708 -XX:MaxPermSize=256m -XX:+HeapDumpOnOutOfMemoryError -Xmx1024m -Dfile.encoding=UTF-8 -Duser.country=PH -Duser.language=en -Duser.variant
Launcher Type: SUN_STANDARD

Environment Variables:
CLASSPATH=/home/renzs/MobileDev/android-studio/bin/../lib/bootstrap.jar:/home/renzs/MobileDev/android-studio/bin/../lib/extensions.jar:/home/renzs/MobileDev/android-studio/bin/../lib/util.jar:/home/renzs/MobileDev/android-studio/bin/../lib/jdom.jar:/home/renzs/MobileDev/android-studio/bin/../lib/log4j.jar:/home/renzs/MobileDev/android-studio/bin/../lib/trove4j.jar:/home/renzs/MobileDev/android-studio/bin/../lib/jna.jar:/usr/lib/jvm/java-7-openjdk-amd64/lib/tools.jar
PATH=/usr/local/sbin:/usr/local/bin:/usr/sbin:/usr/bin:/sbin:/bin:/usr/games:/usr/local/games
LD_LIBRARY_PATH=/home/renzs/MobileDev/android-studio/bin:
SHELL=/bin/bash
DISPLAY=:0

Signal Handlers:
SIGSEGV: [libjvm.so+0x94b4b0], sa_mask[0]=0x7ffbfeff, sa_flags=0x10000004
SIGBUS: [libjvm.so+0x94b4b0], sa_mask[0]=0x7ffbfeff, sa_flags=0x10000004
SIGFPE: [libjvm.so+0x7c3390], sa_mask[0]=0x7ffbfeff, sa_flags=0x10000004
SIGPIPE: [libjvm.so+0x7c3390], sa_mask[0]=0x7ffbfeff, sa_flags=0x10000004
SIGXFSZ: [libjvm.so+0x7c3390], sa_mask[0]=0x7ffbfeff, sa_flags=0x10000004
SIGILL: [libjvm.so+0x7c3390], sa_mask[0]=0x7ffbfeff, sa_flags=0x10000004
SIGUSR1: SIG_DFL, sa_mask[0]=0x00000000, sa_flags=0x00000000
SIGUSR2: [libjvm.so+0x7c3230], sa_mask[0]=0x00000004, sa_flags=0x10000004
SIGHUP: [libjvm.so+0x7c3410], sa_mask[0]=0x7ffbfeff, sa_flags=0x10000004
SIGINT: [libjvm.so+0x7c3410], sa_mask[0]=0x7ffbfeff, sa_flags=0x10000004
SIGTERM: [libjvm.so+0x7c3410], sa_mask[0]=0x7ffbfeff, sa_flags=0x10000004
SIGQUIT: [libjvm.so+0x7c3410], sa_mask[0]=0x7ffbfeff, sa_flags=0x10000004
SIGTRAP: SIG_DFL, sa_mask[0]=0x00000000, sa_flags=0x00000000


---------------  S Y S T E M  ---------------

OS:Ubuntu 14.04 (trusty)
uname:Linux 3.13.0-46-generic #75-Ubuntu SMP Tue Feb 10 15:24:04 UTC 2015 x86_64
libc:glibc 2.19 NPTL 2.19 
rlimit: STACK 8192k, CORE 0k, NPROC 30435, NOFILE 4096, AS infinity
load average:0.60 0.75 0.73

/proc/meminfo:
MemTotal:        3917404 kB
MemFree:          211328 kB
Buffers:           28592 kB
Cached:          1067960 kB
SwapCached:           28 kB
Active:          2434916 kB
Inactive:        1064048 kB
Active(anon):    2145676 kB
Inactive(anon):   772564 kB
Active(file):     289240 kB
Inactive(file):   291484 kB
Unevictable:          48 kB
Mlocked:              48 kB
SwapTotal:       4061180 kB
SwapFree:        4060844 kB
Dirty:              8444 kB
Writeback:             0 kB
AnonPages:       2402480 kB
Mapped:           370304 kB
Shmem:            515824 kB
Slab:             108360 kB
SReclaimable:      73696 kB
SUnreclaim:        34664 kB
KernelStack:        5464 kB
PageTables:        42428 kB
NFS_Unstable:          0 kB
Bounce:                0 kB
WritebackTmp:          0 kB
CommitLimit:     6019880 kB
Committed_AS:    6893860 kB
VmallocTotal:   34359738367 kB
VmallocUsed:      349888 kB
VmallocChunk:   34359377920 kB
HardwareCorrupted:     0 kB
AnonHugePages:   1323008 kB
HugePages_Total:       0
HugePages_Free:        0
HugePages_Rsvd:        0
HugePages_Surp:        0
Hugepagesize:       2048 kB
DirectMap4k:       63900 kB
DirectMap2M:     1902592 kB
DirectMap1G:     2097152 kB


CPU:total 4 (2 cores per cpu, 2 threads per core) family 6 model 60 stepping 3, cmov, cx8, fxsr, mmx, sse, sse2, sse3, ssse3, sse4.1, sse4.2, popcnt, avx, avx2, aes, erms, ht, tsc, tscinvbit

/proc/cpuinfo:
processor	: 0
vendor_id	: GenuineIntel
cpu family	: 6
model		: 60
model name	: Intel(R) Core(TM) i3-4160 CPU @ 3.60GHz
stepping	: 3
microcode	: 0x19
cpu MHz		: 800.000
cache size	: 3072 KB
physical id	: 0
siblings	: 4
core id		: 0
cpu cores	: 2
apicid		: 0
initial apicid	: 0
fpu		: yes
fpu_exception	: yes
cpuid level	: 13
wp		: yes
flags		: fpu vme de pse tsc msr pae mce cx8 apic sep mtrr pge mca cmov pat pse36 clflush dts acpi mmx fxsr sse sse2 ss ht tm pbe syscall nx pdpe1gb rdtscp lm constant_tsc arch_perfmon pebs bts rep_good nopl xtopology nonstop_tsc aperfmperf eagerfpu pni pclmulqdq dtes64 monitor ds_cpl vmx est tm2 ssse3 fma cx16 xtpr pdcm pcid sse4_1 sse4_2 movbe popcnt tsc_deadline_timer aes xsave avx f16c rdrand lahf_lm abm arat epb xsaveopt pln pts dtherm tpr_shadow vnmi flexpriority ept vpid fsgsbase tsc_adjust bmi1 avx2 smep bmi2 erms invpcid
bogomips	: 7183.28
clflush size	: 64
cache_alignment	: 64
address sizes	: 39 bits physical, 48 bits virtual
power management:

processor	: 1
vendor_id	: GenuineIntel
cpu family	: 6
model		: 60
model name	: Intel(R) Core(TM) i3-4160 CPU @ 3.60GHz
stepping	: 3
microcode	: 0x19
cpu MHz		: 3600.000
cache size	: 3072 KB
physical id	: 0
siblings	: 4
core id		: 1
cpu cores	: 2
apicid		: 2
initial apicid	: 2
fpu		: yes
fpu_exception	: yes
cpuid level	: 13
wp		: yes
flags		: fpu vme de pse tsc msr pae mce cx8 apic sep mtrr pge mca cmov pat pse36 clflush dts acpi mmx fxsr sse sse2 ss ht tm pbe syscall nx pdpe1gb rdtscp lm constant_tsc arch_perfmon pebs bts rep_good nopl xtopology nonstop_tsc aperfmperf eagerfpu pni pclmulqdq dtes64 monitor ds_cpl vmx est tm2 ssse3 fma cx16 xtpr pdcm pcid sse4_1 sse4_2 movbe popcnt tsc_deadline_timer aes xsave avx f16c rdrand lahf_lm abm arat epb xsaveopt pln pts dtherm tpr_shadow vnmi flexpriority ept vpid fsgsbase tsc_adjust bmi1 avx2 smep bmi2 erms invpcid
bogomips	: 7183.28
clflush size	: 64
cache_alignment	: 64
address sizes	: 39 bits physical, 48 bits virtual
power management:

processor	: 2
vendor_id	: GenuineIntel
cpu family	: 6
model		: 60
model name	: Intel(R) Core(TM) i3-4160 CPU @ 3.60GHz
stepping	: 3
microcode	: 0x19
cpu MHz		: 800.000
cache size	: 3072 KB
physical id	: 0
siblings	: 4
core id		: 0
cpu cores	: 2
apicid		: 1
initial apicid	: 1
fpu		: yes
fpu_exception	: yes
cpuid level	: 13
wp		: yes
flags		: fpu vme de pse tsc msr pae mce cx8 apic sep mtrr pge mca cmov pat pse36 clflush dts acpi mmx fxsr sse sse2 ss ht tm pbe syscall nx pdpe1gb rdtscp lm constant_tsc arch_perfmon pebs bts rep_good nopl xtopology nonstop_tsc aperfmperf eagerfpu pni pclmulqdq dtes64 monitor ds_cpl vmx est tm2 ssse3 fma cx16 xtpr pdcm pcid sse4_1 sse4_2 movbe popcnt tsc_deadline_timer aes xsave avx f16c rdrand lahf_lm abm arat epb xsaveopt pln pts dtherm tpr_shadow vnmi flexpriority ept vpid fsgsbase tsc_adjust bmi1 avx2 smep bmi2 erms invpcid
bogomips	: 7183.28
clflush size	: 64
cache_alignment	: 64
address sizes	: 39 bits physical, 48 bits virtual
power management:

processor	: 3
vendor_id	: GenuineIntel
cpu family	: 6
model		: 60
model name	: Intel(R) Core(TM) i3-4160 CPU @ 3.60GHz
stepping	: 3
microcode	: 0x19
cpu MHz		: 800.000
cache size	: 3072 KB
physical id	: 0
siblings	: 4
core id		: 1
cpu cores	: 2
apicid		: 3
initial apicid	: 3
fpu		: yes
fpu_exception	: yes
cpuid level	: 13
wp		: yes
flags		: fpu vme de pse tsc msr pae mce cx8 apic sep mtrr pge mca cmov pat pse36 clflush dts acpi mmx fxsr sse sse2 ss ht tm pbe syscall nx pdpe1gb rdtscp lm constant_tsc arch_perfmon pebs bts rep_good nopl xtopology nonstop_tsc aperfmperf eagerfpu pni pclmulqdq dtes64 monitor ds_cpl vmx est tm2 ssse3 fma cx16 xtpr pdcm pcid sse4_1 sse4_2 movbe popcnt tsc_deadline_timer aes xsave avx f16c rdrand lahf_lm abm arat epb xsaveopt pln pts dtherm tpr_shadow vnmi flexpriority ept vpid fsgsbase tsc_adjust bmi1 avx2 smep bmi2 erms invpcid
bogomips	: 7183.28
clflush size	: 64
cache_alignment	: 64
address sizes	: 39 bits physical, 48 bits virtual
power management:



Memory: 4k page, physical 3917404k(211328k free), swap 4061180k(4060844k free)

vm_info: OpenJDK 64-Bit Server VM (24.75-b04) for linux-amd64 JRE (1.7.0_75-b13), built on Jan 27 2015 00:38:59 by "buildd" with gcc 4.8.2

time: Tue Mar  3 09:43:43 2015
elapsed time: 1692 seconds

