#
# A fatal error has been detected by the Java Runtime Environment:
#
#  SIGSEGV (0xb) at pc=0x00007f401c3aa506, pid=7470, tid=139913097901824
#
# JRE version: OpenJDK Runtime Environment (7.0_75-b13) (build 1.7.0_75-b13)
# Java VM: OpenJDK 64-Bit Server VM (24.75-b04 mixed mode linux-amd64 compressed oops)
# Derivative: IcedTea 2.5.4
# Distribution: Ubuntu 14.04 LTS, package 7u75-2.5.4-1~trusty1
# Problematic frame:
# V  [libjvm.so+0x232506]  jmpConUNode::emit(CodeBuffer&, PhaseRegAlloc*) const+0x26
#
# Failed to write core dump. Core dumps have been disabled. To enable core dumping, try "ulimit -c unlimited" before starting Java again
#
# If you would like to submit a bug report, please include
# instructions on how to reproduce the bug and visit:
#   http://icedtea.classpath.org/bugzilla
#

---------------  T H R E A D  ---------------

Current thread (0x00007f40140a9000):  JavaThread "C2 CompilerThread0" daemon [_thread_in_native, id=7483, stack(0x00007f400e6ff000,0x00007f400e800000)]

siginfo:si_signo=SIGSEGV: si_errno=0, si_code=1 (SEGV_MAPERR), si_addr=0x0000000100000007

Registers:
RAX=0x00000000ffffffff, RBX=0x00007f3fe44a8908, RCX=0x0000000000000539, RDX=0x00007f400e7fbc20
RSP=0x00007f400e7fb990, RBP=0x00007f400e7fb9e0, RSI=0x00007f400e7fe708, RDI=0x00007f3fe02ab430
R8 =0x00007f40140a9c70, R9 =0x000000000000000c, R10=0x0000000000000004, R11=0x0000000000000003
R12=0x00007f400e7fe708, R13=0x00007f400e7fb990, R14=0x0000000000000000, R15=0x00007f400e7fdf60
RIP=0x00007f401c3aa506, EFLAGS=0x0000000000010206, CSGSFS=0x0000000000000033, ERR=0x0000000000000004
  TRAPNO=0x000000000000000e

Top of Stack: (sp=0x00007f400e7fb990)
0x00007f400e7fb990:   00007f400e7fb9e0 00007f401c38803e
0x00007f400e7fb9a0:   00007f400e7fb9e0 00007f401c432854
0x00007f400e7fb9b0:   00007f400e7fb9e0 00007f401c3a8316
0x00007f400e7fb9c0:   0000000000000001 0000000000000002
0x00007f400e7fb9d0:   00007f400e7fe708 00007f3fe44a8908
0x00007f400e7fb9e0:   00007f400e7fbb50 00007f401c954343
0x00007f400e7fb9f0:   00007f3fe44f5510 0000000000000018
0x00007f400e7fba00:   00000005000000ce 0000000400000006
0x00007f400e7fba10:   0000000000000020 00007f3f00000006
0x00007f400e7fba20:   00000007000004bf 0000011de44f7598
0x00007f400e7fba30:   00007f3fe448a800 00007f401ceeeab0
0x00007f400e7fba40:   00007f400e7fbaf0 00007f3fe02aa490
0x00007f400e7fba50:   00007f400e7fe708 0000011e00000146
0x00007f400e7fba60:   00007f3fe44f2480 00007f400e7fe0d0
0x00007f400e7fba70:   00007f3fe02aa910 00007f3fe02aa010
0x00007f400e7fba80:   00007f401ce920b0 00007f3fe46666a0
0x00007f400e7fba90:   00007f400e7fe760 0000000000000016
0x00007f400e7fbaa0:   0000014600000016 00007f3fe44a8908
0x00007f400e7fbab0:   0000000500000001 ffffffff00000000
0x00007f400e7fbac0:   0000000000000000 0000000000000000
0x00007f400e7fbad0:   0000000000000059 00000003000000ec
0x00007f400e7fbae0:   00007f3f00000149 00007f3fe4666690
0x00007f400e7fbaf0:   00007f401ceeeab0 00007f400e7fe760
0x00007f400e7fbb00:   00007f40117fd7e0 00007f40117ff120
0x00007f400e7fbb10:   00007f40117fd926 00007f40140a9c40
0x00007f400e7fbb20:   00007f400e7fbb50 00007f400e7fdf60
0x00007f400e7fbb30:   00007f400e7fc6c0 00007f400e7fbd40
0x00007f400e7fbb40:   00007f400e7fbb90 00007f400e7fdf68
0x00007f400e7fbb50:   00007f400e7fd340 00007f401c5b39a5
0x00007f400e7fbb60:   0000000000000000 00007f400e7fbc20
0x00007f400e7fbb70:   00007f40140a9b60 0000000000000040
0x00007f400e7fbb80:   00007f3fe4424a00 000000000000003e 

Instructions: (pc=0x00007f401c3aa506)
0x00007f401c3aa4e6:   4c 8d 6d b0 41 54 49 89 f4 53 48 89 fb 48 83 ec
0x00007f401c3aa4f6:   38 48 8b 46 68 48 89 46 60 48 8b 7f 50 48 8b 07
0x00007f401c3aa506:   ff 50 08 48 8b 7b 58 48 8b 07 ff 50 08 4c 89 e6
0x00007f401c3aa516:   4c 89 ef e8 02 8b 08 00 48 8d 05 7b 45 b4 00 48 

Register to memory mapping:

RAX=0x00000000ffffffff is an unallocated location in the heap
RBX=0x00007f3fe44a8908 is an unknown value
RCX=0x0000000000000539 is an unknown value
RDX=0x00007f400e7fbc20 is pointing into the stack for thread: 0x00007f40140a9000
RSP=0x00007f400e7fb990 is pointing into the stack for thread: 0x00007f40140a9000
RBP=0x00007f400e7fb9e0 is pointing into the stack for thread: 0x00007f40140a9000
RSI=0x00007f400e7fe708 is pointing into the stack for thread: 0x00007f40140a9000
RDI=0x00007f3fe02ab430 is an unknown value
R8 =0x00007f40140a9c70 is an unknown value
R9 =0x000000000000000c is an unknown value
R10=0x0000000000000004 is an unknown value
R11=0x0000000000000003 is an unknown value
R12=0x00007f400e7fe708 is pointing into the stack for thread: 0x00007f40140a9000
R13=0x00007f400e7fb990 is pointing into the stack for thread: 0x00007f40140a9000
R14=0x0000000000000000 is an unknown value
R15=0x00007f400e7fdf60 is pointing into the stack for thread: 0x00007f40140a9000


Stack: [0x00007f400e6ff000,0x00007f400e800000],  sp=0x00007f400e7fb990,  free space=1010k
Native frames: (J=compiled Java code, j=interpreted, Vv=VM code, C=native code)
V  [libjvm.so+0x232506]  jmpConUNode::emit(CodeBuffer&, PhaseRegAlloc*) const+0x26
V  [libjvm.so+0x7dc343]  Compile::fill_buffer(CodeBuffer*, unsigned int*)+0x9a3
V  [libjvm.so+0x43b9a5]  Compile::Code_Gen()+0x4d5
V  [libjvm.so+0x43fad0]  Compile::Compile(ciEnv*, C2Compiler*, ciMethod*, int, bool, bool)+0x1090
V  [libjvm.so+0x3adc7a]  C2Compiler::compile_method(ciEnv*, ciMethod*, int)+0xca
V  [libjvm.so+0x445937]  CompileBroker::invoke_compiler_on_method(CompileTask*)+0x327
V  [libjvm.so+0x446a7d]  CompileBroker::compiler_thread_loop()+0x3dd
V  [libjvm.so+0x900940]  JavaThread::thread_main_inner()+0xf0
V  [libjvm.so+0x900bb1]  JavaThread::run()+0x221
V  [libjvm.so+0x7c4a42]  java_start(Thread*)+0xf2


Current CompileTask:
C2:5459407 2255             com.sun.org.apache.xerces.internal.impl.XMLNSDocumentScannerImpl::scanAttribute (704 bytes)


---------------  P R O C E S S  ---------------

Java Threads: ( => current thread )
  0x00007f3f9027e000 JavaThread "pool-6-thread-1" [_thread_blocked, id=27139, stack(0x00007f4007a43000,0x00007f4007b44000)]
  0x00007f3f90001800 JavaThread "Stdin handler" [_thread_blocked, id=27135, stack(0x00007f400c0e5000,0x00007f400c1e6000)]
  0x00007f3fd400a800 JavaThread "Daemon worker Thread 6" [_thread_in_Java, id=27132, stack(0x00007f400c3ef000,0x00007f400c4f0000)]
  0x00007f3fd4005800 JavaThread "Cancel handler" [_thread_blocked, id=27131, stack(0x00007f400c1ed000,0x00007f400c2ee000)]
  0x00007f3fd4008000 JavaThread "Handler for socket connection from /127.0.0.1:58481 to /127.0.0.1:41655" [_thread_in_native, id=27130, stack(0x00007f400c2ee000,0x00007f400c3ef000)]
  0x00007f3fd0029800 JavaThread "Daemon Thread 6" [_thread_blocked, id=27129, stack(0x00007f400c4f0000,0x00007f400c5f1000)]
  0x00007f3fc0440000 JavaThread "File lock request listener" [_thread_in_native, id=7498, stack(0x00007f4007eff000,0x00007f4008000000)]
  0x00007f40148c3000 JavaThread "Incoming local TCP Connector on port 58481" [_thread_in_native, id=7487, stack(0x00007f400c5f1000,0x00007f400c6f2000)]
  0x00007f40140ae800 JavaThread "Service Thread" daemon [_thread_blocked, id=7485, stack(0x00007f400e4fd000,0x00007f400e5fe000)]
  0x00007f40140ac000 JavaThread "C2 CompilerThread1" daemon [_thread_in_native, id=7484, stack(0x00007f400e5fe000,0x00007f400e6ff000)]
=>0x00007f40140a9000 JavaThread "C2 CompilerThread0" daemon [_thread_in_native, id=7483, stack(0x00007f400e6ff000,0x00007f400e800000)]
  0x00007f40140a7000 JavaThread "Signal Dispatcher" daemon [_thread_blocked, id=7482, stack(0x00007f4018049000,0x00007f401814a000)]
  0x00007f401407c800 JavaThread "Finalizer" daemon [_thread_blocked, id=7480, stack(0x00007f401882c000,0x00007f401892d000)]
  0x00007f401407a800 JavaThread "Reference Handler" daemon [_thread_blocked, id=7479, stack(0x00007f401892d000,0x00007f4018a2e000)]
  0x00007f401400a800 JavaThread "main" [_thread_blocked, id=7473, stack(0x00007f401dc84000,0x00007f401dd85000)]

Other Threads:
  0x00007f4014076000 VMThread [stack: 0x00007f4018a2e000,0x00007f4018b2f000] [id=7478]
  0x00007f40140b9800 WatcherThread [stack: 0x00007f400e3fc000,0x00007f400e4fd000] [id=7486]

VM state:not at safepoint (normal execution)

VM Mutex/Monitor currently owned by a thread: None

Heap
 PSYoungGen      total 306176K, used 200311K [0x00000000eaa80000, 0x00000000ffd00000, 0x0000000100000000)
  eden space 282624K, 62% used [0x00000000eaa80000,0x00000000f57368e8,0x00000000fbe80000)
  from space 23552K, 99% used [0x00000000fe600000,0x00000000ffce7580,0x00000000ffd00000)
  to   space 30208K, 0% used [0x00000000fc200000,0x00000000fc200000,0x00000000fdf80000)
 ParOldGen       total 76288K, used 54536K [0x00000000c0000000, 0x00000000c4a80000, 0x00000000eaa80000)
  object space 76288K, 71% used [0x00000000c0000000,0x00000000c3542120,0x00000000c4a80000)
 PSPermGen       total 101376K, used 81631K [0x00000000b0000000, 0x00000000b6300000, 0x00000000c0000000)
  object space 101376K, 80% used [0x00000000b0000000,0x00000000b4fb7f30,0x00000000b6300000)

Card table byte_map: [0x00007f401a64a000,0x00007f401a8cb000] byte_map_base: 0x00007f401a0ca000

Polling page: 0x00007f401dda9000

Code Cache  [0x00007f4011000000, 0x00007f4011810000, 0x00007f4014000000)
 total_blobs=2676 nmethods=2056 adapters=570 free_code_cache=41040Kb largest_free_block=41905984

Compilation events (10 events):
Event: 5459.056 Thread 0x00007f40140a9000 2252             sun.reflect.ClassFileAssembler::setStack (25 bytes)
Event: 5459.057 Thread 0x00007f40140a9000 nmethod 2252 0x00007f40117f0490 code [0x00007f40117f05c0, 0x00007f40117f0618]
Event: 5459.130 Thread 0x00007f40140ac000 2254             java.io.UnixFileSystem::parentOrNull (118 bytes)
Event: 5459.141 Thread 0x00007f40140ac000 nmethod 2254 0x00007f40115ee710 code [0x00007f40115ee880, 0x00007f40115eee98]
Event: 5459.243 Thread 0x00007f40140a9000 2255             com.sun.org.apache.xerces.internal.impl.XMLNSDocumentScannerImpl::scanAttribute (704 bytes)
Event: 5459.243 Thread 0x00007f40140ac000 2256             com.sun.org.apache.xerces.internal.impl.XMLDocumentFragmentScannerImpl::getString (76 bytes)
Event: 5459.245 Thread 0x00007f40140ac000 nmethod 2256 0x00007f40115ee150 code [0x00007f40115ee2c0, 0x00007f40115ee498]
Event: 5459.252 Thread 0x00007f40140ac000 2257             com.android.resources.ResourceType::getEnum (97 bytes)
Event: 5459.256 Thread 0x00007f40140ac000 nmethod 2257 0x00007f40117f8c50 code [0x00007f40117f8da0, 0x00007f40117f9138]
Event: 5459.256 Thread 0x00007f40140ac000 2258             com.sun.org.apache.xerces.internal.dom.DeferredDocumentImpl::getNodeValueString (417 bytes)

GC Heap History (10 events):
Event: 3962.694 GC heap before
{Heap before GC invocations=22 (full 5):
 PSYoungGen      total 263168K, used 1056K [0x00000000eaa80000, 0x0000000100000000, 0x0000000100000000)
  eden space 240640K, 0% used [0x00000000eaa80000,0x00000000eaa80000,0x00000000f9580000)
  from space 22528K, 4% used [0x00000000f9580000,0x00000000f9688010,0x00000000fab80000)
  to   space 22528K, 0% used [0x00000000fea00000,0x00000000fea00000,0x0000000100000000)
 ParOldGen       total 76288K, used 48567K [0x00000000c0000000, 0x00000000c4a80000, 0x00000000eaa80000)
  object space 76288K, 63% used [0x00000000c0000000,0x00000000c2f6dc58,0x00000000c4a80000)
 PSPermGen       total 97792K, used 59469K [0x00000000b0000000, 0x00000000b5f80000, 0x00000000c0000000)
  object space 97792K, 60% used [0x00000000b0000000,0x00000000b3a137d8,0x00000000b5f80000)
Event: 3962.919 GC heap after
Heap after GC invocations=22 (full 5):
 PSYoungGen      total 263168K, used 0K [0x00000000eaa80000, 0x0000000100000000, 0x0000000100000000)
  eden space 240640K, 0% used [0x00000000eaa80000,0x00000000eaa80000,0x00000000f9580000)
  from space 22528K, 0% used [0x00000000f9580000,0x00000000f9580000,0x00000000fab80000)
  to   space 22528K, 0% used [0x00000000fea00000,0x00000000fea00000,0x0000000100000000)
 ParOldGen       total 76288K, used 36801K [0x00000000c0000000, 0x00000000c4a80000, 0x00000000eaa80000)
  object space 76288K, 48% used [0x00000000c0000000,0x00000000c23f0440,0x00000000c4a80000)
 PSPermGen       total 97792K, used 59409K [0x00000000b0000000, 0x00000000b5f80000, 0x00000000c0000000)
  object space 97792K, 60% used [0x00000000b0000000,0x00000000b3a04518,0x00000000b5f80000)
}
Event: 4446.882 GC heap before
{Heap before GC invocations=23 (full 5):
 PSYoungGen      total 263168K, used 240640K [0x00000000eaa80000, 0x0000000100000000, 0x0000000100000000)
  eden space 240640K, 100% used [0x00000000eaa80000,0x00000000f9580000,0x00000000f9580000)
  from space 22528K, 0% used [0x00000000f9580000,0x00000000f9580000,0x00000000fab80000)
  to   space 22528K, 0% used [0x00000000fea00000,0x00000000fea00000,0x0000000100000000)
 ParOldGen       total 76288K, used 36801K [0x00000000c0000000, 0x00000000c4a80000, 0x00000000eaa80000)
  object space 76288K, 48% used [0x00000000c0000000,0x00000000c23f0440,0x00000000c4a80000)
 PSPermGen       total 97792K, used 66403K [0x00000000b0000000, 0x00000000b5f80000, 0x00000000c0000000)
  object space 97792K, 67% used [0x00000000b0000000,0x00000000b40d8d50,0x00000000b5f80000)
Event: 4446.921 GC heap after
Heap after GC invocations=23 (full 5):
 PSYoungGen      total 318976K, used 22517K [0x00000000eaa80000, 0x0000000100000000, 0x0000000100000000)
  eden space 296448K, 0% used [0x00000000eaa80000,0x00000000eaa80000,0x00000000fcc00000)
  from space 22528K, 99% used [0x00000000fea00000,0x00000000ffffd758,0x0000000100000000)
  to   space 26624K, 0% used [0x00000000fcc00000,0x00000000fcc00000,0x00000000fe600000)
 ParOldGen       total 76288K, used 38406K [0x00000000c0000000, 0x00000000c4a80000, 0x00000000eaa80000)
  object space 76288K, 50% used [0x00000000c0000000,0x00000000c2581b78,0x00000000c4a80000)
 PSPermGen       total 97792K, used 66403K [0x00000000b0000000, 0x00000000b5f80000, 0x00000000c0000000)
  object space 97792K, 67% used [0x00000000b0000000,0x00000000b40d8d50,0x00000000b5f80000)
}
Event: 4447.910 GC heap before
{Heap before GC invocations=24 (full 5):
 PSYoungGen      total 318976K, used 56373K [0x00000000eaa80000, 0x0000000100000000, 0x0000000100000000)
  eden space 296448K, 11% used [0x00000000eaa80000,0x00000000ecb8fe60,0x00000000fcc00000)
  from space 22528K, 99% used [0x00000000fea00000,0x00000000ffffd758,0x0000000100000000)
  to   space 26624K, 0% used [0x00000000fcc00000,0x00000000fcc00000,0x00000000fe600000)
 ParOldGen       total 76288K, used 38406K [0x00000000c0000000, 0x00000000c4a80000, 0x00000000eaa80000)
  object space 76288K, 50% used [0x00000000c0000000,0x00000000c2581b78,0x00000000c4a80000)
 PSPermGen       total 97792K, used 67235K [0x00000000b0000000, 0x00000000b5f80000, 0x00000000c0000000)
  object space 97792K, 68% used [0x00000000b0000000,0x00000000b41a8d68,0x00000000b5f80000)
Event: 4447.930 GC heap after
Heap after GC invocations=24 (full 5):
 PSYoungGen      total 323072K, used 2698K [0x00000000eaa80000, 0x0000000100000000, 0x0000000100000000)
  eden space 296448K, 0% used [0x00000000eaa80000,0x00000000eaa80000,0x00000000fcc00000)
  from space 26624K, 10% used [0x00000000fcc00000,0x00000000fcea2a80,0x00000000fe600000)
  to   space 26624K, 0% used [0x00000000fe600000,0x00000000fe600000,0x0000000100000000)
 ParOldGen       total 76288K, used 55191K [0x00000000c0000000, 0x00000000c4a80000, 0x00000000eaa80000)
  object space 76288K, 72% used [0x00000000c0000000,0x00000000c35e5e20,0x00000000c4a80000)
 PSPermGen       total 97792K, used 67235K [0x00000000b0000000, 0x00000000b5f80000, 0x00000000c0000000)
  object space 97792K, 68% used [0x00000000b0000000,0x00000000b41a8d68,0x00000000b5f80000)
}
Event: 4447.930 GC heap before
{Heap before GC invocations=25 (full 6):
 PSYoungGen      total 323072K, used 2698K [0x00000000eaa80000, 0x0000000100000000, 0x0000000100000000)
  eden space 296448K, 0% used [0x00000000eaa80000,0x00000000eaa80000,0x00000000fcc00000)
  from space 26624K, 10% used [0x00000000fcc00000,0x00000000fcea2a80,0x00000000fe600000)
  to   space 26624K, 0% used [0x00000000fe600000,0x00000000fe600000,0x0000000100000000)
 ParOldGen       total 76288K, used 55191K [0x00000000c0000000, 0x00000000c4a80000, 0x00000000eaa80000)
  object space 76288K, 72% used [0x00000000c0000000,0x00000000c35e5e20,0x00000000c4a80000)
 PSPermGen       total 97792K, used 67235K [0x00000000b0000000, 0x00000000b5f80000, 0x00000000c0000000)
  object space 97792K, 68% used [0x00000000b0000000,0x00000000b41a8d68,0x00000000b5f80000)
Event: 4448.404 GC heap after
Heap after GC invocations=25 (full 6):
 PSYoungGen      total 323072K, used 0K [0x00000000eaa80000, 0x0000000100000000, 0x0000000100000000)
  eden space 296448K, 0% used [0x00000000eaa80000,0x00000000eaa80000,0x00000000fcc00000)
  from space 26624K, 0% used [0x00000000fcc00000,0x00000000fcc00000,0x00000000fe600000)
  to   space 26624K, 0% used [0x00000000fe600000,0x00000000fe600000,0x0000000100000000)
 ParOldGen       total 76288K, used 54536K [0x00000000c0000000, 0x00000000c4a80000, 0x00000000eaa80000)
  object space 76288K, 71% used [0x00000000c0000000,0x00000000c3542120,0x00000000c4a80000)
 PSPermGen       total 101376K, used 67195K [0x00000000b0000000, 0x00000000b6300000, 0x00000000c0000000)
  object space 101376K, 66% used [0x00000000b0000000,0x00000000b419ee70,0x00000000b6300000)
}
Event: 5456.458 GC heap before
{Heap before GC invocations=26 (full 6):
 PSYoungGen      total 323072K, used 296448K [0x00000000eaa80000, 0x0000000100000000, 0x0000000100000000)
  eden space 296448K, 100% used [0x00000000eaa80000,0x00000000fcc00000,0x00000000fcc00000)
  from space 26624K, 0% used [0x00000000fcc00000,0x00000000fcc00000,0x00000000fe600000)
  to   space 26624K, 0% used [0x00000000fe600000,0x00000000fe600000,0x0000000100000000)
 ParOldGen       total 76288K, used 54536K [0x00000000c0000000, 0x00000000c4a80000, 0x00000000eaa80000)
  object space 76288K, 71% used [0x00000000c0000000,0x00000000c3542120,0x00000000c4a80000)
 PSPermGen       total 101376K, used 74759K [0x00000000b0000000, 0x00000000b6300000, 0x00000000c0000000)
  object space 101376K, 73% used [0x00000000b0000000,0x00000000b4901cd0,0x00000000b6300000)
Event: 5456.496 GC heap after
Heap after GC invocations=26 (full 6):
 PSYoungGen      total 306176K, used 23453K [0x00000000eaa80000, 0x00000000ffd00000, 0x0000000100000000)
  eden space 282624K, 0% used [0x00000000eaa80000,0x00000000eaa80000,0x00000000fbe80000)
  from space 23552K, 99% used [0x00000000fe600000,0x00000000ffce7580,0x00000000ffd00000)
  to   space 30208K, 0% used [0x00000000fc200000,0x00000000fc200000,0x00000000fdf80000)
 ParOldGen       total 76288K, used 54536K [0x00000000c0000000, 0x00000000c4a80000, 0x00000000eaa80000)
  object space 76288K, 71% used [0x00000000c0000000,0x00000000c3542120,0x00000000c4a80000)
 PSPermGen       total 101376K, used 74759K [0x00000000b0000000, 0x00000000b6300000, 0x00000000c0000000)
  object space 101376K, 73% used [0x00000000b0000000,0x00000000b4901cd0,0x00000000b6300000)
}

Deoptimization events (10 events):
Event: 4541.228 Thread 0x00007f3fd4005800 Uncommon trap: reason=array_check action=maybe_recompile pc=0x00007f40116092a8 method=java.util.ComparableTimSort.mergeHi(IIII)V @ 404
Event: 4541.350 Thread 0x00007f3fd4005800 Uncommon trap: reason=array_check action=maybe_recompile pc=0x00007f401176a1fc method=java.util.ComparableTimSort.mergeHi(IIII)V @ 509
Event: 4541.359 Thread 0x00007f3fd4005800 Uncommon trap: reason=array_check action=maybe_recompile pc=0x00007f401176a1fc method=java.util.ComparableTimSort.mergeHi(IIII)V @ 509
Event: 4541.434 Thread 0x00007f3fd4005800 Uncommon trap: reason=null_check action=make_not_entrant pc=0x00007f4011777d18 method=groovy.lang.MetaClassImpl.addMetaBeanProperty(Lgroovy/lang/MetaBeanProperty;)V @ 45
Event: 4542.422 Thread 0x00007f3fd4005800 Uncommon trap: reason=unreached action=reinterpret pc=0x00007f40116e735c method=com.sun.tools.javac.parser.JavacParser.term3()Lcom/sun/tools/javac/tree/JCTree$JCExpression; @ 2776
Event: 4542.590 Thread 0x00007f3fd4005800 Uncommon trap: reason=null_check action=make_not_entrant pc=0x00007f40116f2d50 method=com.sun.tools.javac.code.Types.isDerivedRaw(Lcom/sun/tools/javac/code/Type;)Z @ 10
Event: 5458.131 Thread 0x00007f3fd400a800 Uncommon trap: reason=array_check action=maybe_recompile pc=0x00007f40117783a4 method=java.util.TimSort.mergeHi(IIII)V @ 91
Event: 5458.131 Thread 0x00007f3fd400a800 Uncommon trap: reason=array_check action=maybe_recompile pc=0x00007f40117783a4 method=java.util.TimSort.mergeHi(IIII)V @ 91
Event: 5458.143 Thread 0x00007f3fd400a800 Uncommon trap: reason=array_check action=maybe_recompile pc=0x00007f40117783a4 method=java.util.TimSort.mergeHi(IIII)V @ 91
Event: 5458.159 Thread 0x00007f3fd400a800 Uncommon trap: reason=array_check action=maybe_recompile pc=0x00007f40117783a4 method=java.util.TimSort.mergeHi(IIII)V @ 91

Internal exceptions (10 events):
Event: 5459.219 Thread 0x00007f3fd400a800 Threw 0x00000000f4cfda70 at /build/buildd/openjdk-7-7u75-2.5.4/build/openjdk/hotspot/src/share/vm/classfile/systemDictionary.cpp:185
Event: 5459.219 Thread 0x00007f3fd400a800 Threw 0x00000000f4d01ae8 at /build/buildd/openjdk-7-7u75-2.5.4/build/openjdk/hotspot/src/share/vm/prims/jvm.cpp:1284
Event: 5459.219 Thread 0x00007f3fd400a800 Threw 0x00000000f4d05838 at /build/buildd/openjdk-7-7u75-2.5.4/build/openjdk/hotspot/src/share/vm/prims/jvm.cpp:1284
Event: 5459.219 Thread 0x00007f3fd400a800 Threw 0x00000000f4d05ce8 at /build/buildd/openjdk-7-7u75-2.5.4/build/openjdk/hotspot/src/share/vm/classfile/systemDictionary.cpp:185
Event: 5459.219 Thread 0x00007f3fd400a800 Threw 0x00000000f4d09f10 at /build/buildd/openjdk-7-7u75-2.5.4/build/openjdk/hotspot/src/share/vm/prims/jvm.cpp:1284
Event: 5459.219 Thread 0x00007f3fd400a800 Threw 0x00000000f4d0de68 at /build/buildd/openjdk-7-7u75-2.5.4/build/openjdk/hotspot/src/share/vm/prims/jvm.cpp:1284
Event: 5459.219 Thread 0x00007f3fd400a800 Threw 0x00000000f4d0e318 at /build/buildd/openjdk-7-7u75-2.5.4/build/openjdk/hotspot/src/share/vm/classfile/systemDictionary.cpp:185
Event: 5459.220 Thread 0x00007f3fd400a800 Threw 0x00000000f4d25d50 at /build/buildd/openjdk-7-7u75-2.5.4/build/openjdk/hotspot/src/share/vm/prims/jvm.cpp:1284
Event: 5459.220 Thread 0x00007f3fd400a800 Threw 0x00000000f4d29fd0 at /build/buildd/openjdk-7-7u75-2.5.4/build/openjdk/hotspot/src/share/vm/prims/jvm.cpp:1284
Event: 5459.220 Thread 0x00007f3fd400a800 Threw 0x00000000f4d2a488 at /build/buildd/openjdk-7-7u75-2.5.4/build/openjdk/hotspot/src/share/vm/classfile/systemDictionary.cpp:185

Events (10 events):
Event: 5459.217 loading class 0x00007f3f9039b550
Event: 5459.217 loading class 0x00007f3f9039b550 done
Event: 5459.219 loading class 0x00007f3f9039b5b0
Event: 5459.219 loading class 0x00007f3f9039b5b0 done
Event: 5459.219 loading class 0x00007f3f9039b600
Event: 5459.219 loading class 0x00007f3f9039b600 done
Event: 5459.219 loading class 0x00007f3f902b0e50
Event: 5459.219 loading class 0x00007f3f902b0e50 done
Event: 5459.220 loading class 0x00007f3f902b0cc0
Event: 5459.220 loading class 0x00007f3f902b0cc0 done


Dynamic libraries:
00400000-00401000 r-xp 00000000 08:06 6690831                            /usr/lib/jvm/java-7-openjdk-amd64/jre/bin/java
00600000-00601000 r--p 00000000 08:06 6690831                            /usr/lib/jvm/java-7-openjdk-amd64/jre/bin/java
00601000-00602000 rw-p 00001000 08:06 6690831                            /usr/lib/jvm/java-7-openjdk-amd64/jre/bin/java
0230b000-0232c000 rw-p 00000000 00:00 0                                  [heap]
b0000000-b6300000 rw-p 00000000 00:00 0 
b6300000-c0000000 rw-p 00000000 00:00 0 
c0000000-c4a80000 rw-p 00000000 00:00 0 
c4a80000-eaa80000 rw-p 00000000 00:00 0 
eaa80000-ffd00000 rw-p 00000000 00:00 0 
ffd00000-100000000 ---p 00000000 00:00 0 
7f3f90000000-7f3f906ca000 rw-p 00000000 00:00 0 
7f3f906ca000-7f3f94000000 ---p 00000000 00:00 0 
7f3f94000000-7f3f94021000 rw-p 00000000 00:00 0 
7f3f94021000-7f3f98000000 ---p 00000000 00:00 0 
7f3f98000000-7f3f98021000 rw-p 00000000 00:00 0 
7f3f98021000-7f3f9c000000 ---p 00000000 00:00 0 
7f3f9c000000-7f3f9c021000 rw-p 00000000 00:00 0 
7f3f9c021000-7f3fa0000000 ---p 00000000 00:00 0 
7f3fa0000000-7f3fa0021000 rw-p 00000000 00:00 0 
7f3fa0021000-7f3fa4000000 ---p 00000000 00:00 0 
7f3fa4000000-7f3fa4021000 rw-p 00000000 00:00 0 
7f3fa4021000-7f3fa8000000 ---p 00000000 00:00 0 
7f3fa8000000-7f3fa8021000 rw-p 00000000 00:00 0 
7f3fa8021000-7f3fac000000 ---p 00000000 00:00 0 
7f3fac000000-7f3fac021000 rw-p 00000000 00:00 0 
7f3fac021000-7f3fb0000000 ---p 00000000 00:00 0 
7f3fb0000000-7f3fb0021000 rw-p 00000000 00:00 0 
7f3fb0021000-7f3fb4000000 ---p 00000000 00:00 0 
7f3fb4000000-7f3fb4021000 rw-p 00000000 00:00 0 
7f3fb4021000-7f3fb8000000 ---p 00000000 00:00 0 
7f3fb8000000-7f3fb8021000 rw-p 00000000 00:00 0 
7f3fb8021000-7f3fbc000000 ---p 00000000 00:00 0 
7f3fbc000000-7f3fbc021000 rw-p 00000000 00:00 0 
7f3fbc021000-7f3fc0000000 ---p 00000000 00:00 0 
7f3fc0000000-7f3fc1021000 rw-p 00000000 00:00 0 
7f3fc1021000-7f3fc4000000 ---p 00000000 00:00 0 
7f3fc4000000-7f3fc4021000 rw-p 00000000 00:00 0 
7f3fc4021000-7f3fc8000000 ---p 00000000 00:00 0 
7f3fc8000000-7f3fc84dd000 rw-p 00000000 00:00 0 
7f3fc84dd000-7f3fcc000000 ---p 00000000 00:00 0 
7f3fcc000000-7f3fcc021000 rw-p 00000000 00:00 0 
7f3fcc021000-7f3fd0000000 ---p 00000000 00:00 0 
7f3fd0000000-7f3fd002e000 rw-p 00000000 00:00 0 
7f3fd002e000-7f3fd4000000 ---p 00000000 00:00 0 
7f3fd4000000-7f3fd4021000 rw-p 00000000 00:00 0 
7f3fd4021000-7f3fd8000000 ---p 00000000 00:00 0 
7f3fd8000000-7f3fd8021000 rw-p 00000000 00:00 0 
7f3fd8021000-7f3fdc000000 ---p 00000000 00:00 0 
7f3fdc000000-7f3fdc021000 rw-p 00000000 00:00 0 
7f3fdc021000-7f3fe0000000 ---p 00000000 00:00 0 
7f3fe0000000-7f3fe18ac000 rw-p 00000000 00:00 0 
7f3fe18ac000-7f3fe4000000 ---p 00000000 00:00 0 
7f3fe4000000-7f3fe5c26000 rw-p 00000000 00:00 0 
7f3fe5c26000-7f3fe8000000 ---p 00000000 00:00 0 
7f3fe8000000-7f3fe8021000 rw-p 00000000 00:00 0 
7f3fe8021000-7f3fec000000 ---p 00000000 00:00 0 
7f3fec000000-7f3fec021000 rw-p 00000000 00:00 0 
7f3fec021000-7f3ff0000000 ---p 00000000 00:00 0 
7f3ff0000000-7f3ff0069000 rw-p 00000000 00:00 0 
7f3ff0069000-7f3ff4000000 ---p 00000000 00:00 0 
7f3ff4000000-7f3ff4021000 rw-p 00000000 00:00 0 
7f3ff4021000-7f3ff8000000 ---p 00000000 00:00 0 
7f3ff8000000-7f3ff8021000 rw-p 00000000 00:00 0 
7f3ff8021000-7f3ffc000000 ---p 00000000 00:00 0 
7f3ffc000000-7f3ffc03a000 rw-p 00000000 00:00 0 
7f3ffc03a000-7f4000000000 ---p 00000000 00:00 0 
7f4000000000-7f4000029000 rw-p 00000000 00:00 0 
7f4000029000-7f4004000000 ---p 00000000 00:00 0 
7f400718f000-7f4007190000 rw-p 00000000 00:00 0 
7f4007190000-7f4007193000 ---p 00000000 00:00 0 
7f4007193000-7f4007291000 rw-p 00000000 00:00 0 
7f4007291000-7f4007294000 ---p 00000000 00:00 0 
7f4007294000-7f4007392000 rw-p 00000000 00:00 0 
7f4007392000-7f4007395000 ---p 00000000 00:00 0 
7f4007395000-7f40073cb000 rw-p 00000000 00:00 0 
7f40073cb000-7f40073ce000 ---p 00000000 00:00 0 
7f40073ce000-7f40074cc000 rw-p 00000000 00:00 0 
7f40074cc000-7f40074cf000 ---p 00000000 00:00 0 
7f40074cf000-7f40075cd000 rw-p 00000000 00:00 0 
7f40075cd000-7f40075d0000 ---p 00000000 00:00 0 
7f40075d0000-7f40076ce000 rw-p 00000000 00:00 0 
7f40076ce000-7f40076d1000 ---p 00000000 00:00 0 
7f40076d1000-7f40077cf000 rw-p 00000000 00:00 0 
7f40077cf000-7f40077d2000 ---p 00000000 00:00 0 
7f40077d2000-7f4007808000 rw-p 00000000 00:00 0 
7f4007808000-7f400780b000 ---p 00000000 00:00 0 
7f400780b000-7f4007841000 rw-p 00000000 00:00 0 
7f4007841000-7f4007844000 ---p 00000000 00:00 0 
7f4007844000-7f4007942000 rw-p 00000000 00:00 0 
7f4007942000-7f4007945000 ---p 00000000 00:00 0 
7f4007945000-7f4007a43000 rw-p 00000000 00:00 0 
7f4007a43000-7f4007a46000 ---p 00000000 00:00 0 
7f4007a46000-7f4007b44000 rw-p 00000000 00:00 0                          [stack:27139]
7f4007b44000-7f4007b47000 ---p 00000000 00:00 0 
7f4007b47000-7f4007c45000 rw-p 00000000 00:00 0 
7f4007c45000-7f4007c48000 ---p 00000000 00:00 0 
7f4007c48000-7f4007d46000 rw-p 00000000 00:00 0 
7f4007d46000-7f4007d49000 ---p 00000000 00:00 0 
7f4007d49000-7f4007e47000 rw-p 00000000 00:00 0 
7f4007e47000-7f4007e49000 r--s 0000d000 08:06 10752138                   /home/renzs/MobileDev/android-studio/gradle/m2repository/commons-codec/commons-codec/1.4/commons-codec-1.4.jar
7f4007e49000-7f4007e4b000 r--s 0000d000 08:06 10751797                   /home/renzs/MobileDev/android-studio/gradle/m2repository/commons-logging/commons-logging/1.1.1/commons-logging-1.1.1.jar
7f4007e4b000-7f4007e50000 r--s 00028000 08:06 10751836                   /home/renzs/MobileDev/android-studio/gradle/m2repository/org/apache/httpcomponents/httpcore/4.1/httpcore-4.1.jar
7f4007e50000-7f4007e52000 r--s 00004000 08:06 10751911                   /home/renzs/MobileDev/android-studio/gradle/m2repository/org/ow2/asm/asm-tree/4.0/asm-tree-4.0.jar
7f4007e52000-7f4007e5b000 r--s 000a7000 08:06 10751997                   /home/renzs/MobileDev/android-studio/gradle/m2repository/com/android/tools/external/lombok/lombok-ast/0.2.2/lombok-ast-0.2.2.jar
7f4007e5b000-7f4007e5d000 r--s 0000a000 08:06 10751903                   /home/renzs/MobileDev/android-studio/gradle/m2repository/org/ow2/asm/asm/4.0/asm-4.0.jar
7f4007e5d000-7f4007e5e000 r--s 0000a000 08:06 10752134                   /home/renzs/MobileDev/android-studio/gradle/m2repository/net/sf/kxml/kxml2/2.3.0/kxml2-2.3.0.jar
7f4007e5e000-7f4007e89000 r--s 001f9000 08:06 10751951                   /home/renzs/MobileDev/android-studio/gradle/m2repository/com/google/guava/guava/17.0/guava-17.0.jar
7f4007e89000-7f4007e90000 r--s 00053000 08:06 10751853                   /home/renzs/MobileDev/android-studio/gradle/m2repository/org/apache/commons/commons-compress/1.8.1/commons-compress-1.8.1.jar
7f4007e90000-7f4007e93000 r--s 00011000 08:06 10752011                   /home/renzs/MobileDev/android-studio/gradle/m2repository/com/android/tools/layoutlib/layoutlib-api/24.0.0/layoutlib-api-24.0.0.jar
7f4007e93000-7f4007e95000 r--s 00005000 08:06 10751829                   /home/renzs/MobileDev/android-studio/gradle/m2repository/org/apache/httpcomponents/httpmime/4.1/httpmime-4.1.jar
7f4007e95000-7f4007e9d000 r--s 0004e000 08:06 10751845                   /home/renzs/MobileDev/android-studio/gradle/m2repository/org/apache/httpcomponents/httpclient/4.1.1/httpclient-4.1.1.jar
7f4007e9d000-7f4007e9e000 r--s 00005000 08:06 10752030                   /home/renzs/MobileDev/android-studio/gradle/m2repository/com/android/tools/dvlib/24.0.0/dvlib-24.0.0.jar
7f4007e9e000-7f4007e9f000 r--s 00004000 08:06 10751890                   /home/renzs/MobileDev/android-studio/gradle/m2repository/org/ow2/asm/asm-analysis/4.0/asm-analysis-4.0.jar
7f4007e9f000-7f4007ea2000 r--s 00029000 08:06 10751984                   /home/renzs/MobileDev/android-studio/gradle/m2repository/com/android/tools/lint/lint-api/24.0.0/lint-api-24.0.0.jar
7f4007ea2000-7f4007eb2000 r--s 000d3000 08:06 10752116                   /home/renzs/MobileDev/android-studio/gradle/m2repository/net/sf/proguard/proguard-base/5.1/proguard-base-5.1.jar
7f4007eb2000-7f4007ec0000 r--s 00081000 08:06 10751871                   /home/renzs/MobileDev/android-studio/gradle/m2repository/org/bouncycastle/bcpkix-jdk15on/1.48/bcpkix-jdk15on-1.48.jar
7f4007ec0000-7f4007ec2000 r--s 00003000 08:06 10752066                   /home/renzs/MobileDev/android-studio/gradle/m2repository/com/android/tools/build/builder-model/1.0.0/builder-model-1.0.0.jar
7f4007ec2000-7f4007ec5000 r--s 00029000 08:06 10752100                   /home/renzs/MobileDev/android-studio/gradle/m2repository/com/android/tools/build/manifest-merger/24.0.0/manifest-merger-24.0.0.jar
7f4007ec5000-7f4007eca000 r--s 00042000 08:06 10752048                   /home/renzs/MobileDev/android-studio/gradle/m2repository/com/android/tools/ddms/ddmlib/24.0.0/ddmlib-24.0.0.jar
7f4007eca000-7f4007ecc000 r--s 00002000 08:06 10751933                   /home/renzs/MobileDev/android-studio/gradle/m2repository/com/squareup/javawriter/2.5.0/javawriter-2.5.0.jar
7f4007ecc000-7f4007eff000 r--s 00203000 08:06 10751877                   /home/renzs/MobileDev/android-studio/gradle/m2repository/org/bouncycastle/bcprov-jdk15on/1.48/bcprov-jdk15on-1.48.jar
7f4007eff000-7f4007f02000 ---p 00000000 00:00 0 
7f4007f02000-7f4008000000 rw-p 00000000 00:00 0                          [stack:7498]
7f4008000000-7f4008023000 rw-p 00000000 00:00 0 
7f4008023000-7f400c000000 ---p 00000000 00:00 0 
7f400c000000-7f400c002000 r--s 00014000 08:06 10752037                   /home/renzs/MobileDev/android-studio/gradle/m2repository/com/android/tools/common/24.0.0/common-24.0.0.jar
7f400c002000-7f400c00c000 r--s 000a8000 08:06 10752107                   /home/renzs/MobileDev/android-studio/gradle/m2repository/com/android/tools/sdklib/24.0.0/sdklib-24.0.0.jar
7f400c00c000-7f400c011000 r--s 00047000 08:06 10752019                   /home/renzs/MobileDev/android-studio/gradle/m2repository/com/android/tools/sdk-common/24.0.0/sdk-common-24.0.0.jar
7f400c011000-7f400c016000 r--s 0008c000 08:06 10751975                   /home/renzs/MobileDev/android-studio/gradle/m2repository/com/android/tools/lint/lint-checks/24.0.0/lint-checks-24.0.0.jar
7f400c016000-7f400c025000 r--s 001a9000 08:06 10751810                   /home/renzs/MobileDev/android-studio/gradle/m2repository/org/eclipse/jdt/core/compiler/ecj/4.2.2/ecj-4.2.2.jar
7f400c025000-7f400c029000 r--s 00031000 08:06 10752059                   /home/renzs/MobileDev/android-studio/gradle/m2repository/com/android/tools/build/builder/1.0.0/builder-1.0.0.jar
7f400c029000-7f400c039000 r--s 00138000 08:06 10752086                   /home/renzs/MobileDev/android-studio/gradle/m2repository/com/android/tools/build/gradle/1.0.0/gradle-1.0.0.jar
7f400c039000-7f400c042000 r--s 000b9000 08:06 6690722                    /usr/lib/jvm/java-7-openjdk-amd64/jre/lib/resources.jar
7f400c042000-7f400c045000 ---p 00000000 00:00 0 
7f400c045000-7f400c07b000 rw-p 00000000 00:00 0 
7f400c07b000-7f400c0e5000 r--s 0069e000 08:06 6686811                    /usr/lib/jvm/java-7-openjdk-amd64/lib/tools.jar
7f400c0e5000-7f400c0e8000 ---p 00000000 00:00 0 
7f400c0e8000-7f400c1e6000 rw-p 00000000 00:00 0                          [stack:27135]
7f400c1e6000-7f400c1ed000 r--s 00000000 08:06 7082488                    /usr/lib/x86_64-linux-gnu/gconv/gconv-modules.cache
7f400c1ed000-7f400c1f0000 ---p 00000000 00:00 0 
7f400c1f0000-7f400c2ee000 rw-p 00000000 00:00 0                          [stack:27131]
7f400c2ee000-7f400c2f1000 ---p 00000000 00:00 0 
7f400c2f1000-7f400c3ef000 rw-p 00000000 00:00 0                          [stack:27130]
7f400c3ef000-7f400c3f2000 ---p 00000000 00:00 0 
7f400c3f2000-7f400c4f0000 rw-p 00000000 00:00 0                          [stack:27132]
7f400c4f0000-7f400c4f3000 ---p 00000000 00:00 0 
7f400c4f3000-7f400c5f1000 rw-p 00000000 00:00 0                          [stack:27129]
7f400c5f1000-7f400c5f4000 ---p 00000000 00:00 0 
7f400c5f4000-7f400c6f2000 rw-p 00000000 00:00 0                          [stack:7487]
7f400c6f2000-7f400c6f6000 r-xp 00000000 08:06 4325661                    /tmp/native-platform1071768701307601470dir/libnative-platform.so
7f400c6f6000-7f400c8f5000 ---p 00004000 08:06 4325661                    /tmp/native-platform1071768701307601470dir/libnative-platform.so
7f400c8f5000-7f400c8f6000 rw-p 00003000 08:06 4325661                    /tmp/native-platform1071768701307601470dir/libnative-platform.so
7f400c8f6000-7f400c904000 r--s 000bc000 08:06 10751704                   /home/renzs/MobileDev/android-studio/gradle/gradle-2.2.1/lib/plugins/gradle-ide-2.2.1.jar
7f400c904000-7f400c905000 r--s 00000000 08:06 10752077                   /home/renzs/MobileDev/android-studio/gradle/m2repository/com/android/tools/build/builder-test-api/1.0.0/builder-test-api-1.0.0.jar
7f400c905000-7f400c906000 r--s 00002000 08:06 10752121                   /home/renzs/MobileDev/android-studio/gradle/m2repository/net/sf/proguard/proguard-gradle/5.1/proguard-gradle-5.1.jar
7f400c906000-7f400c908000 r--s 00018000 08:06 10751966                   /home/renzs/MobileDev/android-studio/gradle/m2repository/com/android/tools/lint/lint/24.0.0/lint-24.0.0.jar
7f400c908000-7f400c909000 r--p 00000000 00:00 0 
7f400c909000-7f400c90d000 r--s 0004d000 08:06 6690742                    /usr/lib/jvm/java-7-openjdk-amd64/jre/lib/jsse.jar
7f400c90d000-7f400c90e000 r--s 00001000 08:06 10751779                   /home/renzs/MobileDev/android-studio/gradle/gradle-2.2.1/lib/plugins/gradle-plugin-development-2.2.1.jar
7f400c90e000-7f400c910000 r--s 00002000 08:06 10751700                   /home/renzs/MobileDev/android-studio/gradle/gradle-2.2.1/lib/plugins/gradle-cunit-2.2.1.jar
7f400c910000-7f400c915000 r--s 00036000 08:06 10751768                   /home/renzs/MobileDev/android-studio/gradle/gradle-2.2.1/lib/plugins/gradle-ide-native-2.2.1.jar
7f400c915000-7f400c91a000 r--s 00013000 08:06 10751738                   /home/renzs/MobileDev/android-studio/gradle/gradle-2.2.1/lib/plugins/gradle-language-native-2.2.1.jar
7f400c91a000-7f400c925000 r--s 0004d000 08:06 10751751                   /home/renzs/MobileDev/android-studio/gradle/gradle-2.2.1/lib/plugins/gradle-platform-native-2.2.1.jar
7f400c925000-7f400c927000 r--s 00008000 08:06 10751722                   /home/renzs/MobileDev/android-studio/gradle/gradle-2.2.1/lib/plugins/gradle-language-groovy-2.2.1.jar
7f400c927000-7f400c92c000 r--s 00022000 08:06 10751787                   /home/renzs/MobileDev/android-studio/gradle/gradle-2.2.1/lib/plugins/gradle-language-java-2.2.1.jar
7f400c92c000-7f400c92f000 r--s 00007000 08:06 10751756                   /home/renzs/MobileDev/android-studio/gradle/gradle-2.2.1/lib/plugins/gradle-language-jvm-2.2.1.jar
7f400c92f000-7f400c932000 r--s 00009000 08:06 10751725                   /home/renzs/MobileDev/android-studio/gradle/gradle-2.2.1/lib/plugins/gradle-platform-jvm-2.2.1.jar
7f400c932000-7f400c937000 r--s 00018000 08:06 10751703                   /home/renzs/MobileDev/android-studio/gradle/gradle-2.2.1/lib/plugins/gradle-platform-base-2.2.1.jar
7f400c937000-7f400c93c000 r--s 00026000 08:06 10751789                   /home/renzs/MobileDev/android-studio/gradle/gradle-2.2.1/lib/plugins/gradle-build-init-2.2.1.jar
7f400c93c000-7f400c93f000 r--s 0001d000 08:06 10751769                   /home/renzs/MobileDev/android-studio/gradle/gradle-2.2.1/lib/plugins/gradle-jacoco-2.2.1.jar
7f400c93f000-7f400c942000 r--s 0000d000 08:06 10751761                   /home/renzs/MobileDev/android-studio/gradle/gradle-2.2.1/lib/plugins/gradle-ivy-2.2.1.jar
7f400c942000-7f400c944000 r--s 00002000 08:06 10751763                   /home/renzs/MobileDev/android-studio/gradle/gradle-2.2.1/lib/plugins/gradle-publish-2.2.1.jar
7f400c944000-7f400c946000 r--s 00005000 08:06 10751730                   /home/renzs/MobileDev/android-studio/gradle/gradle-2.2.1/lib/plugins/jatl-0.2.2.jar
7f400c946000-7f400c948000 r--s 0000f000 08:06 10751758                   /home/renzs/MobileDev/android-studio/gradle/gradle-2.2.1/lib/plugins/gradle-reporting-2.2.1.jar
7f400c948000-7f400c94d000 r--s 00034000 08:06 10751765                   /home/renzs/MobileDev/android-studio/gradle/gradle-2.2.1/lib/plugins/gradle-diagnostics-2.2.1.jar
7f400c94d000-7f400c954000 r--s 00090000 08:06 10751707                   /home/renzs/MobileDev/android-studio/gradle/gradle-2.2.1/lib/plugins/gradle-build-comparison-2.2.1.jar
7f400c954000-7f400c95b000 r--s 00035000 08:06 10751746                   /home/renzs/MobileDev/android-studio/gradle/gradle-2.2.1/lib/plugins/simple-4.1.21.jar
7f400c95b000-7f400c967000 r--s 00100000 08:06 10751777                   /home/renzs/MobileDev/android-studio/gradle/gradle-2.2.1/lib/plugins/rhino-1.7R3.jar
7f400c967000-7f400c96c000 r--s 0001f000 08:06 10751764                   /home/renzs/MobileDev/android-studio/gradle/gradle-2.2.1/lib/plugins/gradle-javascript-2.2.1.jar
7f400c96c000-7f400c96e000 r--s 0000e000 08:06 10751762                   /home/renzs/MobileDev/android-studio/gradle/gradle-2.2.1/lib/plugins/gradle-ear-2.2.1.jar
7f400c96e000-7f400c972000 r--s 00025000 08:06 10751699                   /home/renzs/MobileDev/android-studio/gradle/gradle-2.2.1/lib/plugins/bcpg-jdk15-1.46.jar
7f400c972000-7f400c975000 r--s 0001d000 08:06 10751710                   /home/renzs/MobileDev/android-studio/gradle/gradle-2.2.1/lib/plugins/gradle-signing-2.2.1.jar
7f400c975000-7f400c976000 r--s 00002000 08:06 10751692                   /home/renzs/MobileDev/android-studio/gradle/gradle-2.2.1/lib/plugins/sonar-batch-bootstrapper-2.9.jar
7f400c976000-7f400c98e000 r--s 0013b000 08:06 10751781                   /home/renzs/MobileDev/android-studio/gradle/gradle-2.2.1/lib/plugins/bndlib-2.1.0.jar
7f400c98e000-7f400c990000 r--s 00009000 08:06 10751713                   /home/renzs/MobileDev/android-studio/gradle/gradle-2.2.1/lib/plugins/gradle-jetty-2.2.1.jar
7f400c990000-7f400c995000 r--s 00041000 08:06 10751716                   /home/renzs/MobileDev/android-studio/gradle/gradle-2.2.1/lib/plugins/gradle-code-quality-2.2.1.jar
7f400c995000-7f400c998000 r--s 00018000 08:06 10751736                   /home/renzs/MobileDev/android-studio/gradle/gradle-2.2.1/lib/plugins/gradle-sonar-2.2.1.jar
7f400c998000-7f400c99b000 r--s 00017000 08:06 10751721                   /home/renzs/MobileDev/android-studio/gradle/gradle-2.2.1/lib/plugins/gradle-scala-2.2.1.jar
7f400c99b000-7f400c99d000 r--s 0000e000 08:06 10751727                   /home/renzs/MobileDev/android-studio/gradle/gradle-2.2.1/lib/plugins/gradle-announce-2.2.1.jar
7f400c99d000-7f400c99f000 r--s 00000000 08:06 10751770                   /home/renzs/MobileDev/android-studio/gradle/gradle-2.2.1/lib/plugins/plexus-component-annotations-1.5.2.jar
7f400c99f000-7f400c9a2000 r--s 0000c000 08:06 10751726                   /home/renzs/MobileDev/android-studio/gradle/gradle-2.2.1/lib/plugins/pmaven-groovy-0.8-20100325.jar
7f400c9a2000-7f400c9a3000 r--s 00004000 08:06 10751747                   /home/renzs/MobileDev/android-studio/gradle/gradle-2.2.1/lib/plugins/pmaven-common-0.8-20100325.jar
7f400c9a3000-7f400c9a7000 r--s 0001e000 08:06 10751744                   /home/renzs/MobileDev/android-studio/gradle/gradle-2.2.1/lib/plugins/gradle-maven-2.2.1.jar
7f400c9a7000-7f400c9a9000 r--s 00004000 08:06 10751714                   /home/renzs/MobileDev/android-studio/gradle/gradle-2.2.1/lib/plugins/gradle-osgi-2.2.1.jar
7f400c9a9000-7f400c9ae000 r--s 00068000 08:06 10751745                   /home/renzs/MobileDev/android-studio/gradle/gradle-2.2.1/lib/plugins/antlr-2.7.7.jar
7f400c9ae000-7f400c9af000 r--s 00002000 08:06 10751776                   /home/renzs/MobileDev/android-studio/gradle/gradle-2.2.1/lib/plugins/ant-antlr-1.9.3.jar
7f400c9af000-7f400c9b1000 r--s 00004000 08:06 10751767                   /home/renzs/MobileDev/android-studio/gradle/gradle-2.2.1/lib/plugins/gradle-antlr-2.2.1.jar
7f400c9b1000-7f400c9b4000 r--s 0001e000 08:06 10751740                   /home/renzs/MobileDev/android-studio/gradle/gradle-2.2.1/lib/plugins/jsp-api-2.1-6.1.14.jar
7f400c9b4000-7f400c9d7000 r--s 00344000 08:06 10751771                   /home/renzs/MobileDev/android-studio/gradle/gradle-2.2.1/lib/plugins/core-3.1.1.jar
7f400c9d7000-7f400c9d8000 r--s 00006000 08:06 10751790                   /home/renzs/MobileDev/android-studio/gradle/gradle-2.2.1/lib/plugins/jetty-naming-6.1.25.jar
7f400c9d8000-7f400c9d9000 r--s 00002000 08:06 10751719                   /home/renzs/MobileDev/android-studio/gradle/gradle-2.2.1/lib/plugins/geronimo-annotation_1.0_spec-1.0.jar
7f400c9d9000-7f400c9db000 r--s 00002000 08:06 10751732                   /home/renzs/MobileDev/android-studio/gradle/gradle-2.2.1/lib/plugins/jetty-annotations-6.1.25.jar
7f400c9db000-7f400c9ec000 r--s 000ea000 08:06 10751752                   /home/renzs/MobileDev/android-studio/gradle/gradle-2.2.1/lib/plugins/jsp-2.1-6.1.14.jar
7f400c9ec000-7f400c9ee000 r--s 0000d000 08:06 10751702                   /home/renzs/MobileDev/android-studio/gradle/gradle-2.2.1/lib/plugins/jetty-plus-6.1.25.jar
7f400c9ee000-7f400c9f0000 r--s 0001f000 08:06 10751724                   /home/renzs/MobileDev/android-studio/gradle/gradle-2.2.1/lib/plugins/servlet-api-2.5-20081211.jar
7f400c9f0000-7f400c9f4000 r--s 00028000 08:06 10751693                   /home/renzs/MobileDev/android-studio/gradle/gradle-2.2.1/lib/plugins/jetty-util-6.1.25.jar
7f400c9f4000-7f400c9fb000 r--s 0007d000 08:06 10751754                   /home/renzs/MobileDev/android-studio/gradle/gradle-2.2.1/lib/plugins/jetty-6.1.25.jar
7f400c9fb000-7f400c9fd000 r--s 00009000 08:06 10751720                   /home/renzs/MobileDev/android-studio/gradle/gradle-2.2.1/lib/plugins/hamcrest-core-1.3.jar
7f400c9fd000-7f400ca03000 r--s 00033000 08:06 10751757                   /home/renzs/MobileDev/android-studio/gradle/gradle-2.2.1/lib/plugins/snakeyaml-1.6.jar
7f400ca03000-7f400ca05000 r--s 00006000 08:06 10751705                   /home/renzs/MobileDev/android-studio/gradle/gradle-2.2.1/lib/plugins/jcommander-1.12.jar
7f400ca05000-7f400ca0a000 r--s 00040000 08:06 10751766                   /home/renzs/MobileDev/android-studio/gradle/gradle-2.2.1/lib/plugins/bsh-2.0b4.jar
7f400ca0a000-7f400ca0c000 r--s 00009000 08:06 10751697                   /home/renzs/MobileDev/android-studio/gradle/gradle-2.2.1/lib/plugins/commons-cli-1.2.jar
7f400ca0c000-7f400ca15000 r--s 00089000 08:06 10751717                   /home/renzs/MobileDev/android-studio/gradle/gradle-2.2.1/lib/plugins/testng-6.3.1.jar
7f400ca15000-7f400ca1b000 r--s 00036000 08:06 10751741                   /home/renzs/MobileDev/android-studio/gradle/gradle-2.2.1/lib/plugins/junit-4.11.jar
7f400ca1b000-7f400ca27000 r--s 00075000 08:06 10751711                   /home/renzs/MobileDev/android-studio/gradle/gradle-2.2.1/lib/plugins/gradle-plugins-2.2.1.jar
7f400ca27000-7f400ca2a000 r--s 00011000 08:06 10751694                   /home/renzs/MobileDev/android-studio/gradle/gradle-2.2.1/lib/plugins/gradle-plugin-use-2.2.1.jar
7f400ca2a000-7f400ca42000 r--s 00115000 08:06 10751749                   /home/renzs/MobileDev/android-studio/gradle/gradle-2.2.1/lib/plugins/xercesImpl-2.9.1.jar
7f400ca42000-7f400ca4a000 r--s 00028000 08:06 10751733                   /home/renzs/MobileDev/android-studio/gradle/gradle-2.2.1/lib/plugins/xml-apis-1.3.04.jar
7f400ca4a000-7f400ca50000 r--s 0005b000 08:06 10751696                   /home/renzs/MobileDev/android-studio/gradle/gradle-2.2.1/lib/plugins/jcifs-1.3.17.jar
7f400ca50000-7f400ca56000 r--s 00031000 08:06 10751706                   /home/renzs/MobileDev/android-studio/gradle/gradle-2.2.1/lib/plugins/httpcore-4.2.2.jar
7f400ca56000-7f400ca5c000 r--s 00033000 08:06 10751695                   /home/renzs/MobileDev/android-studio/gradle/gradle-2.2.1/lib/plugins/commons-codec-1.6.jar
7f400ca5c000-7f400ca5f000 r--s 0001c000 08:06 10751785                   /home/renzs/MobileDev/android-studio/gradle/gradle-2.2.1/lib/plugins/nekohtml-1.9.14.jar
7f400ca5f000-7f400ca68000 r--s 00060000 08:06 10751718                   /home/renzs/MobileDev/android-studio/gradle/gradle-2.2.1/lib/plugins/httpclient-4.2.2.jar
7f400ca68000-7f400ca6a000 r--s 00007000 08:06 10751775                   /home/renzs/MobileDev/android-studio/gradle/gradle-2.2.1/lib/plugins/gradle-resources-http-2.2.1.jar
7f400ca6a000-7f400ca92000 r--s 00194000 08:06 10751731                   /home/renzs/MobileDev/android-studio/gradle/gradle-2.2.1/lib/plugins/bcprov-jdk15-1.46.jar
7f400ca92000-7f400ca96000 r--s 0001d000 08:06 10751772                   /home/renzs/MobileDev/android-studio/gradle/gradle-2.2.1/lib/plugins/xbean-reflect-3.4.jar
7f400ca96000-7f400ca9b000 r--s 0002a000 08:06 10751782                   /home/renzs/MobileDev/android-studio/gradle/gradle-2.2.1/lib/plugins/gson-2.2.4.jar
7f400ca9b000-7f400ca9f000 r--s 0003d000 08:06 10751737                   /home/renzs/MobileDev/android-studio/gradle/gradle-2.2.1/lib/plugins/jsch-0.1.51.jar
7f400ca9f000-7f400cab8000 r--s 00129000 08:06 10751778                   /home/renzs/MobileDev/android-studio/gradle/gradle-2.2.1/lib/plugins/maven-ant-tasks-2.1.3.jar
7f400cab8000-7f400cac7000 r--s 000d9000 08:06 10751760                   /home/renzs/MobileDev/android-studio/gradle/gradle-2.2.1/lib/plugins/ivy-2.2.0.jar
7f400cac7000-7f400cacb000 r--s 0001e000 08:06 10751734                   /home/renzs/MobileDev/android-studio/gradle/gradle-2.2.1/lib/plugins/jarjar-aether-impl-1.13.1.jar
7f400cacb000-7f400cace000 r--s 00027000 08:06 10751739                   /home/renzs/MobileDev/android-studio/gradle/gradle-2.2.1/lib/plugins/jarjar-maven-model-3.0.4.jar
7f400cace000-7f400cad1000 r--s 0000b000 08:06 10751729                   /home/renzs/MobileDev/android-studio/gradle/gradle-2.2.1/lib/plugins/jarjar-maven-artifact-3.0.4.jar
7f400cad1000-7f400cad5000 r--s 0001e000 08:06 10751709                   /home/renzs/MobileDev/android-studio/gradle/gradle-2.2.1/lib/plugins/jarjar-aether-util-1.13.1.jar
7f400cad5000-7f400cad7000 r--s 00007000 08:06 10751783                   /home/renzs/MobileDev/android-studio/gradle/gradle-2.2.1/lib/plugins/jarjar-wagon-http-shared4-2.4.jar
7f400cad7000-7f400cae4000 r--s 00083000 08:06 10751708                   /home/renzs/MobileDev/android-studio/gradle/gradle-2.2.1/lib/plugins/jarjar-maven-core-3.0.4.jar
7f400cae4000-7f400cae6000 r--s 00003000 08:06 10751759                   /home/renzs/MobileDev/android-studio/gradle/gradle-2.2.1/lib/plugins/jarjar-aether-spi-1.13.1.jar
7f400cae6000-7f400cae8000 r--s 00009000 08:06 10751748                   /home/renzs/MobileDev/android-studio/gradle/gradle-2.2.1/lib/plugins/jarjar-maven-settings-builder-3.0.4.jar
7f400cae8000-7f400caec000 r--s 00014000 08:06 10751723                   /home/renzs/MobileDev/android-studio/gradle/gradle-2.2.1/lib/plugins/jarjar-aether-api-1.13.1.jar
7f400caec000-7f400caed000 r--s 00002000 08:06 10751773                   /home/renzs/MobileDev/android-studio/gradle/gradle-2.2.1/lib/plugins/jarjar-wagon-http-2.4.jar
7f400caed000-7f400caf4000 r--s 00042000 08:06 10751712                   /home/renzs/MobileDev/android-studio/gradle/gradle-2.2.1/lib/plugins/jarjar-maven-compat-3.0.4.jar
7f400caf4000-7f400caf6000 r--s 00006000 08:06 10751728                   /home/renzs/MobileDev/android-studio/gradle/gradle-2.2.1/lib/plugins/jarjar-aether-connector-wagon-1.13.1.jar
7f400caf6000-7f400caf8000 r--s 00000000 08:06 10751715                   /home/renzs/MobileDev/android-studio/gradle/gradle-2.2.1/lib/plugins/jarjar-plexus-component-annotations-1.5.5.jar
7f400caf8000-7f400cafa000 r--s 00006000 08:06 10751701                   /home/renzs/MobileDev/android-studio/gradle/gradle-2.2.1/lib/plugins/jarjar-plexus-sec-dispatcher-1.3.jar
7f400cafa000-7f400caff000 r--s 00022000 08:06 10751774                   /home/renzs/MobileDev/android-studio/gradle/gradle-2.2.1/lib/plugins/jarjar-maven-model-builder-3.0.4.jar
7f400caff000-7f400cb01000 r--s 0000b000 08:06 10751743                   /home/renzs/MobileDev/android-studio/gradle/gradle-2.2.1/lib/plugins/jarjar-maven-plugin-api-3.0.4.jar
7f400cb01000-7f400cb04000 r--s 0000a000 08:06 10751698                   /home/renzs/MobileDev/android-studio/gradle/gradle-2.2.1/lib/plugins/jarjar-plexus-classworlds-2.4.jar
7f400cb04000-7f400cb08000 r--s 00035000 08:06 10751784                   /home/renzs/MobileDev/android-studio/gradle/gradle-2.2.1/lib/plugins/jarjar-plexus-utils-2.0.6.jar
7f400cb08000-7f400cb0a000 r--s 0000e000 08:06 10751786                   /home/renzs/MobileDev/android-studio/gradle/gradle-2.2.1/lib/plugins/jarjar-plexus-interpolation-1.14.jar
7f400cb0a000-7f400cb12000 r--s 00031000 08:06 10751755                   /home/renzs/MobileDev/android-studio/gradle/gradle-2.2.1/lib/plugins/jarjar-plexus-container-default-1.5.5.jar
7f400cb12000-7f400cb22000 r-xp 00000000 08:06 6690781                    /usr/lib/jvm/java-7-openjdk-amd64/jre/lib/amd64/libnio.so
7f400cb22000-7f400cd22000 ---p 00010000 08:06 6690781                    /usr/lib/jvm/java-7-openjdk-amd64/jre/lib/amd64/libnio.so
7f400cd22000-7f400cd23000 r--p 00010000 08:06 6690781                    /usr/lib/jvm/java-7-openjdk-amd64/jre/lib/amd64/libnio.so
7f400cd23000-7f400cd24000 rw-p 00011000 08:06 6690781                    /usr/lib/jvm/java-7-openjdk-amd64/jre/lib/amd64/libnio.so
7f400cd24000-7f400cd55000 rw-p 00000000 00:00 0 
7f400cd55000-7f400cd92000 r-xp 00000000 08:06 10883036                   /lib/x86_64-linux-gnu/libpcre.so.3.13.1
7f400cd92000-7f400cf91000 ---p 0003d000 08:06 10883036                   /lib/x86_64-linux-gnu/libpcre.so.3.13.1
7f400cf91000-7f400cf92000 r--p 0003c000 08:06 10883036                   /lib/x86_64-linux-gnu/libpcre.so.3.13.1
7f400cf92000-7f400cf93000 rw-p 0003d000 08:06 10883036                   /lib/x86_64-linux-gnu/libpcre.so.3.13.1
7f400cf93000-7f400cf9a000 r-xp 00000000 08:06 6692935                    /usr/lib/x86_64-linux-gnu/libffi.so.6.0.1
7f400cf9a000-7f400d199000 ---p 00007000 08:06 6692935                    /usr/lib/x86_64-linux-gnu/libffi.so.6.0.1
7f400d199000-7f400d19a000 r--p 00006000 08:06 6692935                    /usr/lib/x86_64-linux-gnu/libffi.so.6.0.1
7f400d19a000-7f400d19b000 rw-p 00007000 08:06 6692935                    /usr/lib/x86_64-linux-gnu/libffi.so.6.0.1
7f400d19b000-7f400d1b2000 r-xp 00000000 08:06 10879079                   /lib/x86_64-linux-gnu/libresolv-2.19.so
7f400d1b2000-7f400d3b2000 ---p 00017000 08:06 10879079                   /lib/x86_64-linux-gnu/libresolv-2.19.so
7f400d3b2000-7f400d3b3000 r--p 00017000 08:06 10879079                   /lib/x86_64-linux-gnu/libresolv-2.19.so
7f400d3b3000-7f400d3b4000 rw-p 00018000 08:06 10879079                   /lib/x86_64-linux-gnu/libresolv-2.19.so
7f400d3b4000-7f400d3b6000 rw-p 00000000 00:00 0 
7f400d3b6000-7f400d3d6000 r-xp 00000000 08:06 10884465                   /lib/x86_64-linux-gnu/libselinux.so.1
7f400d3d6000-7f400d5d5000 ---p 00020000 08:06 10884465                   /lib/x86_64-linux-gnu/libselinux.so.1
7f400d5d5000-7f400d5d6000 r--p 0001f000 08:06 10884465                   /lib/x86_64-linux-gnu/libselinux.so.1
7f400d5d6000-7f400d5d7000 rw-p 00020000 08:06 10884465                   /lib/x86_64-linux-gnu/libselinux.so.1
7f400d5d7000-7f400d5d9000 rw-p 00000000 00:00 0 
7f400d5d9000-7f400d5dc000 r-xp 00000000 08:06 6685036                    /usr/lib/x86_64-linux-gnu/libgmodule-2.0.so.0.4002.0
7f400d5dc000-7f400d7db000 ---p 00003000 08:06 6685036                    /usr/lib/x86_64-linux-gnu/libgmodule-2.0.so.0.4002.0
7f400d7db000-7f400d7dc000 r--p 00002000 08:06 6685036                    /usr/lib/x86_64-linux-gnu/libgmodule-2.0.so.0.4002.0
7f400d7dc000-7f400d7dd000 rw-p 00003000 08:06 6685036                    /usr/lib/x86_64-linux-gnu/libgmodule-2.0.so.0.4002.0
7f400d7dd000-7f400d8e3000 r-xp 00000000 08:06 10882896                   /lib/x86_64-linux-gnu/libglib-2.0.so.0.4002.0
7f400d8e3000-7f400dae2000 ---p 00106000 08:06 10882896                   /lib/x86_64-linux-gnu/libglib-2.0.so.0.4002.0
7f400dae2000-7f400dae3000 r--p 00105000 08:06 10882896                   /lib/x86_64-linux-gnu/libglib-2.0.so.0.4002.0
7f400dae3000-7f400dae4000 rw-p 00106000 08:06 10882896                   /lib/x86_64-linux-gnu/libglib-2.0.so.0.4002.0
7f400dae4000-7f400dae5000 rw-p 00000000 00:00 0 
7f400dae5000-7f400db34000 r-xp 00000000 08:06 6685054                    /usr/lib/x86_64-linux-gnu/libgobject-2.0.so.0.4002.0
7f400db34000-7f400dd34000 ---p 0004f000 08:06 6685054                    /usr/lib/x86_64-linux-gnu/libgobject-2.0.so.0.4002.0
7f400dd34000-7f400dd35000 r--p 0004f000 08:06 6685054                    /usr/lib/x86_64-linux-gnu/libgobject-2.0.so.0.4002.0
7f400dd35000-7f400dd36000 rw-p 00050000 08:06 6685054                    /usr/lib/x86_64-linux-gnu/libgobject-2.0.so.0.4002.0
7f400dd36000-7f400dea2000 r-xp 00000000 08:06 6685058                    /usr/lib/x86_64-linux-gnu/libgio-2.0.so.0.4002.0
7f400dea2000-7f400e0a1000 ---p 0016c000 08:06 6685058                    /usr/lib/x86_64-linux-gnu/libgio-2.0.so.0.4002.0
7f400e0a1000-7f400e0a5000 r--p 0016b000 08:06 6685058                    /usr/lib/x86_64-linux-gnu/libgio-2.0.so.0.4002.0
7f400e0a5000-7f400e0a7000 rw-p 0016f000 08:06 6685058                    /usr/lib/x86_64-linux-gnu/libgio-2.0.so.0.4002.0
7f400e0a7000-7f400e0a9000 rw-p 00000000 00:00 0 
7f400e0a9000-7f400e0ab000 r--s 00002000 08:06 10751735                   /home/renzs/MobileDev/android-studio/gradle/gradle-2.2.1/lib/plugins/jarjar-plexus-cipher-1.7.jar
7f400e0ab000-7f400e0ad000 r--s 0000c000 08:06 10751780                   /home/renzs/MobileDev/android-studio/gradle/gradle-2.2.1/lib/plugins/jarjar-wagon-provider-api-2.4.jar
7f400e0ad000-7f400e0af000 r--s 0000d000 08:06 10751788                   /home/renzs/MobileDev/android-studio/gradle/gradle-2.2.1/lib/plugins/jarjar-maven-aether-provider-3.0.4.jar
7f400e0af000-7f400e0b0000 r--s 00007000 08:06 10751742                   /home/renzs/MobileDev/android-studio/gradle/gradle-2.2.1/lib/plugins/jarjar-maven-repository-metadata-3.0.4.jar
7f400e0b0000-7f400e0b1000 r--s 0000b000 08:06 10751753                   /home/renzs/MobileDev/android-studio/gradle/gradle-2.2.1/lib/plugins/jarjar-maven-settings-3.0.4.jar
7f400e0b1000-7f400e0c9000 r--s 000b5000 08:06 10751750                   /home/renzs/MobileDev/android-studio/gradle/gradle-2.2.1/lib/plugins/gradle-dependency-management-2.2.1.jar
7f400e0c9000-7f400e0e0000 r-xp 00000000 08:06 6690785                    /usr/lib/jvm/java-7-openjdk-amd64/jre/lib/amd64/libnet.so
7f400e0e0000-7f400e2df000 ---p 00017000 08:06 6690785                    /usr/lib/jvm/java-7-openjdk-amd64/jre/lib/amd64/libnet.so
7f400e2df000-7f400e2e0000 r--p 00016000 08:06 6690785                    /usr/lib/jvm/java-7-openjdk-amd64/jre/lib/amd64/libnet.so
7f400e2e0000-7f400e2e1000 rw-p 00017000 08:06 6690785                    /usr/lib/jvm/java-7-openjdk-amd64/jre/lib/amd64/libnet.so
7f400e2e1000-7f400e2e2000 r--s 00005000 08:06 10751669                   /home/renzs/MobileDev/android-studio/gradle/gradle-2.2.1/lib/gradle-wrapper-2.2.1.jar
7f400e2e2000-7f400e2eb000 r--s 0002c000 08:06 10751674                   /home/renzs/MobileDev/android-studio/gradle/gradle-2.2.1/lib/gradle-tooling-api-2.2.1.jar
7f400e2eb000-7f400e2ed000 r--s 00002000 08:06 10751684                   /home/renzs/MobileDev/android-studio/gradle/gradle-2.2.1/lib/gradle-open-api-2.2.1.jar
7f400e2ed000-7f400e2f3000 r--s 00032000 08:06 10751677                   /home/renzs/MobileDev/android-studio/gradle/gradle-2.2.1/lib/jaxen-1.1.jar
7f400e2f3000-7f400e2f8000 r--s 00048000 08:06 10751648                   /home/renzs/MobileDev/android-studio/gradle/gradle-2.2.1/lib/dom4j-1.6.1.jar
7f400e2f8000-7f400e303000 r--s 00059000 08:06 10751687                   /home/renzs/MobileDev/android-studio/gradle/gradle-2.2.1/lib/gradle-ui-2.2.1.jar
7f400e303000-7f400e305000 r--s 00006000 08:06 10751651                   /home/renzs/MobileDev/android-studio/gradle/gradle-2.2.1/lib/gradle-resources-2.2.1.jar
7f400e305000-7f400e307000 r--s 00007000 08:06 10751679                   /home/renzs/MobileDev/android-studio/gradle/gradle-2.2.1/lib/objenesis-1.2.jar
7f400e307000-7f400e309000 r--s 00000000 08:06 10751680                   /home/renzs/MobileDev/android-studio/gradle/gradle-2.2.1/lib/minlog-1.2.jar
7f400e309000-7f400e30b000 r--s 0000f000 08:06 10751685                   /home/renzs/MobileDev/android-studio/gradle/gradle-2.2.1/lib/reflectasm-1.07-shaded.jar
7f400e30b000-7f400e30f000 r--s 00026000 08:06 10751791                   /home/renzs/MobileDev/android-studio/gradle/gradle-2.2.1/lib/kryo-2.20.jar
7f400e30f000-7f400e318000 r--s 00039000 08:06 10751676                   /home/renzs/MobileDev/android-studio/gradle/gradle-2.2.1/lib/gradle-messaging-2.2.1.jar
7f400e318000-7f400e319000 r--s 00003000 08:06 10751689                   /home/renzs/MobileDev/android-studio/gradle/gradle-2.2.1/lib/native-platform-freebsd-amd64-0.10.jar
7f400e319000-7f400e31a000 r--s 00003000 08:06 10751671                   /home/renzs/MobileDev/android-studio/gradle/gradle-2.2.1/lib/native-platform-freebsd-i386-0.10.jar
7f400e31a000-7f400e31b000 r--s 00005000 08:06 10751675                   /home/renzs/MobileDev/android-studio/gradle/gradle-2.2.1/lib/native-platform-windows-i386-0.10.jar
7f400e31b000-7f400e31c000 r--s 00005000 08:06 10751644                   /home/renzs/MobileDev/android-studio/gradle/gradle-2.2.1/lib/native-platform-windows-amd64-0.10.jar
7f400e31c000-7f400e31d000 r--s 00003000 08:06 10751647                   /home/renzs/MobileDev/android-studio/gradle/gradle-2.2.1/lib/native-platform-linux-i386-0.10.jar
7f400e31d000-7f400e31e000 r--s 00003000 08:06 10751655                   /home/renzs/MobileDev/android-studio/gradle/gradle-2.2.1/lib/native-platform-linux-amd64-0.10.jar
7f400e31e000-7f400e31f000 r--s 00002000 08:06 10751792                   /home/renzs/MobileDev/android-studio/gradle/gradle-2.2.1/lib/native-platform-osx-amd64-0.10.jar
7f400e31f000-7f400e320000 r--s 00002000 08:06 10751667                   /home/renzs/MobileDev/android-studio/gradle/gradle-2.2.1/lib/native-platform-osx-i386-0.10.jar
7f400e320000-7f400e322000 r--s 00008000 08:06 10751666                   /home/renzs/MobileDev/android-studio/gradle/gradle-2.2.1/lib/jansi-1.2.1.jar
7f400e322000-7f400e325000 r--s 0000d000 08:06 10751681                   /home/renzs/MobileDev/android-studio/gradle/gradle-2.2.1/lib/native-platform-0.10.jar
7f400e325000-7f400e329000 r--s 000e4000 08:06 10751646                   /home/renzs/MobileDev/android-studio/gradle/gradle-2.2.1/lib/jna-3.2.7.jar
7f400e329000-7f400e32b000 r--s 00008000 08:06 10751665                   /home/renzs/MobileDev/android-studio/gradle/gradle-2.2.1/lib/gradle-native-2.2.1.jar
7f400e32b000-7f400e32d000 r--s 00005000 08:06 10751688                   /home/renzs/MobileDev/android-studio/gradle/gradle-2.2.1/lib/gradle-cli-2.2.1.jar
7f400e32d000-7f400e32f000 r--s 00003000 08:06 10751653                   /home/renzs/MobileDev/android-studio/gradle/gradle-2.2.1/lib/gradle-base-services-groovy-2.2.1.jar
7f400e32f000-7f400e331000 r--s 0000a000 08:06 10751661                   /home/renzs/MobileDev/android-studio/gradle/gradle-2.2.1/lib/gradle-model-groovy-2.2.1.jar
7f400e331000-7f400e335000 r--s 0001b000 08:06 10751657                   /home/renzs/MobileDev/android-studio/gradle/gradle-2.2.1/lib/gradle-model-core-2.2.1.jar
7f400e335000-7f400e336000 r--s 00000000 08:06 10751670                   /home/renzs/MobileDev/android-studio/gradle/gradle-2.2.1/lib/gradle-docs-2.2.1.jar
7f400e336000-7f400e338000 r--s 00003000 08:06 10751654                   /home/renzs/MobileDev/android-studio/gradle/gradle-2.2.1/lib/jcl-over-slf4j-1.7.7.jar
7f400e338000-7f400e339000 r--s 00005000 08:06 10751682                   /home/renzs/MobileDev/android-studio/gradle/gradle-2.2.1/lib/log4j-over-slf4j-1.7.7.jar
7f400e339000-7f400e33a000 r--s 00000000 08:06 10751673                   /home/renzs/MobileDev/android-studio/gradle/gradle-2.2.1/lib/javax.inject-1.jar
7f400e33a000-7f400e340000 r--s 0003b000 08:06 10751650                   /home/renzs/MobileDev/android-studio/gradle/gradle-2.2.1/lib/logback-classic-1.0.13.jar
7f400e340000-7f400e34a000 r--s 0005d000 08:06 10751660                   /home/renzs/MobileDev/android-studio/gradle/gradle-2.2.1/lib/logback-core-1.0.13.jar
7f400e34a000-7f400e3b5000 r--s 00685000 08:06 10751645                   /home/renzs/MobileDev/android-studio/gradle/gradle-2.2.1/lib/groovy-all-2.3.6.jar
7f400e3b5000-7f400e3dd000 r--s 001cf000 08:06 10751663                   /home/renzs/MobileDev/android-studio/gradle/gradle-2.2.1/lib/guava-jdk5-17.0.jar
7f400e3dd000-7f400e3fc000 r--s 001cc000 08:06 10751652                   /home/renzs/MobileDev/android-studio/gradle/gradle-2.2.1/lib/ant-1.9.3.jar
7f400e3fc000-7f400e3fd000 ---p 00000000 00:00 0 
7f400e3fd000-7f400e4fd000 rw-p 00000000 00:00 0                          [stack:7486]
7f400e4fd000-7f400e500000 ---p 00000000 00:00 0 
7f400e500000-7f400e5fe000 rw-p 00000000 00:00 0                          [stack:7485]
7f400e5fe000-7f400e601000 ---p 00000000 00:00 0 
7f400e601000-7f400e6ff000 rw-p 00000000 00:00 0                          [stack:7484]
7f400e6ff000-7f400e702000 ---p 00000000 00:00 0 
7f400e702000-7f4011000000 rw-p 00000000 00:00 0                          [stack:7483]
7f4011000000-7f4011810000 rwxp 00000000 00:00 0 
7f4011810000-7f40149d6000 rw-p 00000000 00:00 0 
7f40149d6000-7f4018000000 ---p 00000000 00:00 0 
7f4018000000-7f4018003000 r--s 0001b000 08:06 10751656                   /home/renzs/MobileDev/android-studio/gradle/gradle-2.2.1/lib/jarjar-1.3.jar
7f4018003000-7f4018005000 r--s 00000000 08:06 10751678                   /home/renzs/MobileDev/android-studio/gradle/gradle-2.2.1/lib/jul-to-slf4j-1.7.7.jar
7f4018005000-7f401800a000 r--s 00041000 08:06 10751649                   /home/renzs/MobileDev/android-studio/gradle/gradle-2.2.1/lib/commons-lang-2.6.jar
7f401800a000-7f4018018000 r--s 0007f000 08:06 10751683                   /home/renzs/MobileDev/android-studio/gradle/gradle-2.2.1/lib/commons-collections-3.2.1.jar
7f4018018000-7f4018049000 r--s 00191000 08:06 10751658                   /home/renzs/MobileDev/android-studio/gradle/gradle-2.2.1/lib/gradle-core-2.2.1.jar
7f4018049000-7f401804c000 ---p 00000000 00:00 0 
7f401804c000-7f401814a000 rw-p 00000000 00:00 0                          [stack:7482]
7f401814a000-7f401882c000 r--p 00000000 08:06 6691654                    /usr/lib/locale/locale-archive
7f401882c000-7f401882f000 ---p 00000000 00:00 0 
7f401882f000-7f401892d000 rw-p 00000000 00:00 0                          [stack:7480]
7f401892d000-7f4018930000 ---p 00000000 00:00 0 
7f4018930000-7f4018a2e000 rw-p 00000000 00:00 0                          [stack:7479]
7f4018a2e000-7f4018a2f000 ---p 00000000 00:00 0 
7f4018a2f000-7f4019b2c000 rw-p 00000000 00:00 0                          [stack:7478]
7f4019b2c000-7f4019cde000 r--s 01d23000 08:06 6690720                    /usr/lib/jvm/java-7-openjdk-amd64/jre/lib/rt.jar
7f4019cde000-7f401a070000 rw-p 00000000 00:00 0 
7f401a070000-7f401a071000 ---p 00000000 00:00 0 
7f401a071000-7f401a171000 rw-p 00000000 00:00 0                          [stack:7477]
7f401a171000-7f401a172000 ---p 00000000 00:00 0 
7f401a172000-7f401a272000 rw-p 00000000 00:00 0                          [stack:7476]
7f401a272000-7f401a273000 ---p 00000000 00:00 0 
7f401a273000-7f401a373000 rw-p 00000000 00:00 0                          [stack:7475]
7f401a373000-7f401a374000 ---p 00000000 00:00 0 
7f401a374000-7f401a4a6000 rw-p 00000000 00:00 0                          [stack:7474]
7f401a4a6000-7f401a4f4000 rw-p 00000000 00:00 0 
7f401a4f4000-7f401a51a000 rw-p 00000000 00:00 0 
7f401a51a000-7f401a64a000 rw-p 00000000 00:00 0 
7f401a64a000-7f401a67c000 rw-p 00000000 00:00 0 
7f401a67c000-7f401a6ca000 rw-p 00000000 00:00 0 
7f401a6ca000-7f401a6f0000 rw-p 00000000 00:00 0 
7f401a6f0000-7f401a81f000 rw-p 00000000 00:00 0 
7f401a81f000-7f401a8c9000 rw-p 00000000 00:00 0 
7f401a8c9000-7f401a8ca000 ---p 00000000 00:00 0 
7f401a8ca000-7f401a8cb000 rw-p 00000000 00:00 0 
7f401a8cb000-7f401a8d3000 r-xp 00000000 08:06 6690827                    /usr/lib/jvm/java-7-openjdk-amd64/jre/lib/amd64/libzip.so
7f401a8d3000-7f401aad2000 ---p 00008000 08:06 6690827                    /usr/lib/jvm/java-7-openjdk-amd64/jre/lib/amd64/libzip.so
7f401aad2000-7f401aad3000 r--p 00007000 08:06 6690827                    /usr/lib/jvm/java-7-openjdk-amd64/jre/lib/amd64/libzip.so
7f401aad3000-7f401aad4000 rw-p 00008000 08:06 6690827                    /usr/lib/jvm/java-7-openjdk-amd64/jre/lib/amd64/libzip.so
7f401aad4000-7f401aadf000 r-xp 00000000 08:06 10884419                   /lib/x86_64-linux-gnu/libnss_files-2.19.so
7f401aadf000-7f401acde000 ---p 0000b000 08:06 10884419                   /lib/x86_64-linux-gnu/libnss_files-2.19.so
7f401acde000-7f401acdf000 r--p 0000a000 08:06 10884419                   /lib/x86_64-linux-gnu/libnss_files-2.19.so
7f401acdf000-7f401ace0000 rw-p 0000b000 08:06 10884419                   /lib/x86_64-linux-gnu/libnss_files-2.19.so
7f401ace0000-7f401aceb000 r-xp 00000000 08:06 10882862                   /lib/x86_64-linux-gnu/libnss_nis-2.19.so
7f401aceb000-7f401aeea000 ---p 0000b000 08:06 10882862                   /lib/x86_64-linux-gnu/libnss_nis-2.19.so
7f401aeea000-7f401aeeb000 r--p 0000a000 08:06 10882862                   /lib/x86_64-linux-gnu/libnss_nis-2.19.so
7f401aeeb000-7f401aeec000 rw-p 0000b000 08:06 10882862                   /lib/x86_64-linux-gnu/libnss_nis-2.19.so
7f401aeec000-7f401af03000 r-xp 00000000 08:06 10879075                   /lib/x86_64-linux-gnu/libnsl-2.19.so
7f401af03000-7f401b102000 ---p 00017000 08:06 10879075                   /lib/x86_64-linux-gnu/libnsl-2.19.so
7f401b102000-7f401b103000 r--p 00016000 08:06 10879075                   /lib/x86_64-linux-gnu/libnsl-2.19.so
7f401b103000-7f401b104000 rw-p 00017000 08:06 10879075                   /lib/x86_64-linux-gnu/libnsl-2.19.so
7f401b104000-7f401b106000 rw-p 00000000 00:00 0 
7f401b106000-7f401b10f000 r-xp 00000000 08:06 10879072                   /lib/x86_64-linux-gnu/libnss_compat-2.19.so
7f401b10f000-7f401b30e000 ---p 00009000 08:06 10879072                   /lib/x86_64-linux-gnu/libnss_compat-2.19.so
7f401b30e000-7f401b30f000 r--p 00008000 08:06 10879072                   /lib/x86_64-linux-gnu/libnss_compat-2.19.so
7f401b30f000-7f401b310000 rw-p 00009000 08:06 10879072                   /lib/x86_64-linux-gnu/libnss_compat-2.19.so
7f401b310000-7f401b33b000 r-xp 00000000 08:06 6690801                    /usr/lib/jvm/java-7-openjdk-amd64/jre/lib/amd64/libjava.so
7f401b33b000-7f401b53b000 ---p 0002b000 08:06 6690801                    /usr/lib/jvm/java-7-openjdk-amd64/jre/lib/amd64/libjava.so
7f401b53b000-7f401b53c000 r--p 0002b000 08:06 6690801                    /usr/lib/jvm/java-7-openjdk-amd64/jre/lib/amd64/libjava.so
7f401b53c000-7f401b53e000 rw-p 0002c000 08:06 6690801                    /usr/lib/jvm/java-7-openjdk-amd64/jre/lib/amd64/libjava.so
7f401b53e000-7f401b54e000 r-xp 00000000 08:06 6690800                    /usr/lib/jvm/java-7-openjdk-amd64/jre/lib/amd64/libverify.so
7f401b54e000-7f401b74d000 ---p 00010000 08:06 6690800                    /usr/lib/jvm/java-7-openjdk-amd64/jre/lib/amd64/libverify.so
7f401b74d000-7f401b74f000 r--p 0000f000 08:06 6690800                    /usr/lib/jvm/java-7-openjdk-amd64/jre/lib/amd64/libverify.so
7f401b74f000-7f401b750000 rw-p 00011000 08:06 6690800                    /usr/lib/jvm/java-7-openjdk-amd64/jre/lib/amd64/libverify.so
7f401b750000-7f401b757000 r-xp 00000000 08:06 10879067                   /lib/x86_64-linux-gnu/librt-2.19.so
7f401b757000-7f401b956000 ---p 00007000 08:06 10879067                   /lib/x86_64-linux-gnu/librt-2.19.so
7f401b956000-7f401b957000 r--p 00006000 08:06 10879067                   /lib/x86_64-linux-gnu/librt-2.19.so
7f401b957000-7f401b958000 rw-p 00007000 08:06 10879067                   /lib/x86_64-linux-gnu/librt-2.19.so
7f401b958000-7f401b96e000 r-xp 00000000 08:06 10878981                   /lib/x86_64-linux-gnu/libgcc_s.so.1
7f401b96e000-7f401bb6d000 ---p 00016000 08:06 10878981                   /lib/x86_64-linux-gnu/libgcc_s.so.1
7f401bb6d000-7f401bb6e000 rw-p 00015000 08:06 10878981                   /lib/x86_64-linux-gnu/libgcc_s.so.1
7f401bb6e000-7f401bc73000 r-xp 00000000 08:06 10879074                   /lib/x86_64-linux-gnu/libm-2.19.so
7f401bc73000-7f401be72000 ---p 00105000 08:06 10879074                   /lib/x86_64-linux-gnu/libm-2.19.so
7f401be72000-7f401be73000 r--p 00104000 08:06 10879074                   /lib/x86_64-linux-gnu/libm-2.19.so
7f401be73000-7f401be74000 rw-p 00105000 08:06 10879074                   /lib/x86_64-linux-gnu/libm-2.19.so
7f401be74000-7f401bf5a000 r-xp 00000000 08:06 6693563                    /usr/lib/x86_64-linux-gnu/libstdc++.so.6.0.19
7f401bf5a000-7f401c159000 ---p 000e6000 08:06 6693563                    /usr/lib/x86_64-linux-gnu/libstdc++.so.6.0.19
7f401c159000-7f401c161000 r--p 000e5000 08:06 6693563                    /usr/lib/x86_64-linux-gnu/libstdc++.so.6.0.19
7f401c161000-7f401c163000 rw-p 000ed000 08:06 6693563                    /usr/lib/x86_64-linux-gnu/libstdc++.so.6.0.19
7f401c163000-7f401c178000 rw-p 00000000 00:00 0 
7f401c178000-7f401cc90000 r-xp 00000000 08:06 6690808                    /usr/lib/jvm/java-7-openjdk-amd64/jre/lib/amd64/server/libjvm.so
7f401cc90000-7f401ce90000 ---p 00b18000 08:06 6690808                    /usr/lib/jvm/java-7-openjdk-amd64/jre/lib/amd64/server/libjvm.so
7f401ce90000-7f401cf2a000 r--p 00b18000 08:06 6690808                    /usr/lib/jvm/java-7-openjdk-amd64/jre/lib/amd64/server/libjvm.so
7f401cf2a000-7f401cf4d000 rw-p 00bb2000 08:06 6690808                    /usr/lib/jvm/java-7-openjdk-amd64/jre/lib/amd64/server/libjvm.so
7f401cf4d000-7f401cf7b000 rw-p 00000000 00:00 0 
7f401cf7b000-7f401cf93000 r-xp 00000000 08:06 10883096                   /lib/x86_64-linux-gnu/libz.so.1.2.8
7f401cf93000-7f401d192000 ---p 00018000 08:06 10883096                   /lib/x86_64-linux-gnu/libz.so.1.2.8
7f401d192000-7f401d193000 r--p 00017000 08:06 10883096                   /lib/x86_64-linux-gnu/libz.so.1.2.8
7f401d193000-7f401d194000 rw-p 00018000 08:06 10883096                   /lib/x86_64-linux-gnu/libz.so.1.2.8
7f401d194000-7f401d1ad000 r-xp 00000000 08:06 10882948                   /lib/x86_64-linux-gnu/libpthread-2.19.so
7f401d1ad000-7f401d3ac000 ---p 00019000 08:06 10882948                   /lib/x86_64-linux-gnu/libpthread-2.19.so
7f401d3ac000-7f401d3ad000 r--p 00018000 08:06 10882948                   /lib/x86_64-linux-gnu/libpthread-2.19.so
7f401d3ad000-7f401d3ae000 rw-p 00019000 08:06 10882948                   /lib/x86_64-linux-gnu/libpthread-2.19.so
7f401d3ae000-7f401d3b2000 rw-p 00000000 00:00 0 
7f401d3b2000-7f401d3b5000 r-xp 00000000 08:06 10879070                   /lib/x86_64-linux-gnu/libdl-2.19.so
7f401d3b5000-7f401d5b4000 ---p 00003000 08:06 10879070                   /lib/x86_64-linux-gnu/libdl-2.19.so
7f401d5b4000-7f401d5b5000 r--p 00002000 08:06 10879070                   /lib/x86_64-linux-gnu/libdl-2.19.so
7f401d5b5000-7f401d5b6000 rw-p 00003000 08:06 10879070                   /lib/x86_64-linux-gnu/libdl-2.19.so
7f401d5b6000-7f401d771000 r-xp 00000000 08:06 10879066                   /lib/x86_64-linux-gnu/libc-2.19.so
7f401d771000-7f401d971000 ---p 001bb000 08:06 10879066                   /lib/x86_64-linux-gnu/libc-2.19.so
7f401d971000-7f401d975000 r--p 001bb000 08:06 10879066                   /lib/x86_64-linux-gnu/libc-2.19.so
7f401d975000-7f401d977000 rw-p 001bf000 08:06 10879066                   /lib/x86_64-linux-gnu/libc-2.19.so
7f401d977000-7f401d97c000 rw-p 00000000 00:00 0 
7f401d97c000-7f401d989000 r-xp 00000000 08:06 6690751                    /usr/lib/jvm/java-7-openjdk-amd64/jre/lib/amd64/jli/libjli.so
7f401d989000-7f401db88000 ---p 0000d000 08:06 6690751                    /usr/lib/jvm/java-7-openjdk-amd64/jre/lib/amd64/jli/libjli.so
7f401db88000-7f401db89000 r--p 0000c000 08:06 6690751                    /usr/lib/jvm/java-7-openjdk-amd64/jre/lib/amd64/jli/libjli.so
7f401db89000-7f401db8a000 rw-p 0000d000 08:06 6690751                    /usr/lib/jvm/java-7-openjdk-amd64/jre/lib/amd64/jli/libjli.so
7f401db8a000-7f401dbad000 r-xp 00000000 08:06 10879006                   /lib/x86_64-linux-gnu/ld-2.19.so
7f401dbad000-7f401dbae000 r--s 00000000 08:06 10751664                   /home/renzs/MobileDev/android-studio/gradle/gradle-2.2.1/lib/jcip-annotations-1.0.jar
7f401dbae000-7f401dbb1000 r--s 00018000 08:06 10751690                   /home/renzs/MobileDev/android-studio/gradle/gradle-2.2.1/lib/commons-io-1.4.jar
7f401dbb1000-7f401dbb6000 r--s 00036000 08:06 10751672                   /home/renzs/MobileDev/android-studio/gradle/gradle-2.2.1/lib/asm-all-5.0.3.jar
7f401dbb6000-7f401dbbc000 r--s 00026000 08:06 10751668                   /home/renzs/MobileDev/android-studio/gradle/gradle-2.2.1/lib/gradle-base-services-2.2.1.jar
7f401dbbc000-7f401dbc4000 r--s 0003c000 08:06 10751686                   /home/renzs/MobileDev/android-studio/gradle/gradle-2.2.1/lib/gradle-launcher-2.2.1.jar
7f401dbc4000-7f401dbe5000 rw-p 00000000 00:00 0 
7f401dbe5000-7f401dc84000 rw-p 00000000 00:00 0 
7f401dc84000-7f401dc87000 ---p 00000000 00:00 0 
7f401dc87000-7f401dd8a000 rw-p 00000000 00:00 0                          [stack:7473]
7f401dd8a000-7f401dd8c000 r--s 00006000 08:06 10751659                   /home/renzs/MobileDev/android-studio/gradle/gradle-2.2.1/lib/slf4j-api-1.7.7.jar
7f401dd8c000-7f401dd8d000 r--s 00004000 08:06 10751662                   /home/renzs/MobileDev/android-studio/gradle/gradle-2.2.1/lib/ant-launcher-1.9.3.jar
7f401dd8d000-7f401dd91000 r--s 0003c000 08:06 6690725                    /usr/lib/jvm/java-7-openjdk-amd64/jre/lib/ext/sunpkcs11.jar
7f401dd91000-7f401dd94000 r--s 00086000 08:06 6690729                    /usr/lib/jvm/java-7-openjdk-amd64/jre/lib/ext/localedata.jar
7f401dd94000-7f401dd98000 r--s 00034000 08:06 6690726                    /usr/lib/jvm/java-7-openjdk-amd64/jre/lib/ext/sunjce_provider.jar
7f401dd98000-7f401dd9a000 r--s 00006000 08:06 7080661                    /usr/share/java/java-atk-wrapper.jar
7f401dd9a000-7f401dd9b000 r--s 00002000 08:06 6690728                    /usr/lib/jvm/java-7-openjdk-amd64/jre/lib/ext/dnsns.jar
7f401dd9b000-7f401dd9d000 r--s 00012000 08:06 6690727                    /usr/lib/jvm/java-7-openjdk-amd64/jre/lib/ext/zipfs.jar
7f401dd9d000-7f401dda0000 r--s 0000f000 08:06 6690724                    /usr/lib/jvm/java-7-openjdk-amd64/jre/lib/ext/icedtea-sound.jar
7f401dda0000-7f401dda8000 rw-s 00000000 08:06 4325651                    /tmp/hsperfdata_renzs/7470
7f401dda8000-7f401dda9000 rw-p 00000000 00:00 0 
7f401dda9000-7f401ddaa000 r--p 00000000 00:00 0 
7f401ddaa000-7f401ddac000 rw-p 00000000 00:00 0 
7f401ddac000-7f401ddad000 r--p 00022000 08:06 10879006                   /lib/x86_64-linux-gnu/ld-2.19.so
7f401ddad000-7f401ddae000 rw-p 00023000 08:06 10879006                   /lib/x86_64-linux-gnu/ld-2.19.so
7f401ddae000-7f401ddaf000 rw-p 00000000 00:00 0 
7fffc6326000-7fffc6347000 rw-p 00000000 00:00 0                          [stack]
7fffc6387000-7fffc6389000 r-xp 00000000 00:00 0                          [vdso]
ffffffffff600000-ffffffffff601000 r-xp 00000000 00:00 0                  [vsyscall]

VM Arguments:
jvm_args: -XX:MaxPermSize=256m -XX:+HeapDumpOnOutOfMemoryError -Xmx1024m -Dfile.encoding=UTF-8 -Duser.country=PH -Duser.language=en -Duser.variant 
java_command: org.gradle.launcher.daemon.bootstrap.GradleDaemon 2.2.1 /home/renzs/.gradle/daemon 10800000 b3255a98-186a-42be-970b-02571d825074 -XX:MaxPermSize=256m -XX:+HeapDumpOnOutOfMemoryError -Xmx1024m -Dfile.encoding=UTF-8 -Duser.country=PH -Duser.language=en -Duser.variant
Launcher Type: SUN_STANDARD

Environment Variables:
CLASSPATH=/home/renzs/MobileDev/android-studio/bin/../lib/bootstrap.jar:/home/renzs/MobileDev/android-studio/bin/../lib/extensions.jar:/home/renzs/MobileDev/android-studio/bin/../lib/util.jar:/home/renzs/MobileDev/android-studio/bin/../lib/jdom.jar:/home/renzs/MobileDev/android-studio/bin/../lib/log4j.jar:/home/renzs/MobileDev/android-studio/bin/../lib/trove4j.jar:/home/renzs/MobileDev/android-studio/bin/../lib/jna.jar:/usr/lib/jvm/java-7-openjdk-amd64/lib/tools.jar
PATH=/usr/local/sbin:/usr/local/bin:/usr/sbin:/usr/bin:/sbin:/bin:/usr/games:/usr/local/games
LD_LIBRARY_PATH=/home/renzs/MobileDev/android-studio/bin:
SHELL=/bin/bash
DISPLAY=:0

Signal Handlers:
SIGSEGV: [libjvm.so+0x94b4b0], sa_mask[0]=0x7ffbfeff, sa_flags=0x10000004
SIGBUS: [libjvm.so+0x94b4b0], sa_mask[0]=0x7ffbfeff, sa_flags=0x10000004
SIGFPE: [libjvm.so+0x7c3390], sa_mask[0]=0x7ffbfeff, sa_flags=0x10000004
SIGPIPE: [libjvm.so+0x7c3390], sa_mask[0]=0x7ffbfeff, sa_flags=0x10000004
SIGXFSZ: [libjvm.so+0x7c3390], sa_mask[0]=0x7ffbfeff, sa_flags=0x10000004
SIGILL: [libjvm.so+0x7c3390], sa_mask[0]=0x7ffbfeff, sa_flags=0x10000004
SIGUSR1: SIG_DFL, sa_mask[0]=0x00000000, sa_flags=0x00000000
SIGUSR2: [libjvm.so+0x7c3230], sa_mask[0]=0x00000004, sa_flags=0x10000004
SIGHUP: [libjvm.so+0x7c3410], sa_mask[0]=0x7ffbfeff, sa_flags=0x10000004
SIGINT: [libjvm.so+0x7c3410], sa_mask[0]=0x7ffbfeff, sa_flags=0x10000004
SIGTERM: [libjvm.so+0x7c3410], sa_mask[0]=0x7ffbfeff, sa_flags=0x10000004
SIGQUIT: [libjvm.so+0x7c3410], sa_mask[0]=0x7ffbfeff, sa_flags=0x10000004
SIGTRAP: SIG_DFL, sa_mask[0]=0x00000000, sa_flags=0x00000000


---------------  S Y S T E M  ---------------

OS:Ubuntu 14.04 (trusty)
uname:Linux 3.13.0-46-generic #75-Ubuntu SMP Tue Feb 10 15:24:04 UTC 2015 x86_64
libc:glibc 2.19 NPTL 2.19 
rlimit: STACK 8192k, CORE 0k, NPROC 30435, NOFILE 4096, AS infinity
load average:0.70 0.50 0.56

/proc/meminfo:
MemTotal:        3917404 kB
MemFree:          114912 kB
Buffers:            4040 kB
Cached:           857548 kB
SwapCached:        48088 kB
Active:          2670456 kB
Inactive:         929704 kB
Active(anon):    2536584 kB
Inactive(anon):   799696 kB
Active(file):     133872 kB
Inactive(file):   130008 kB
Unevictable:          48 kB
Mlocked:              48 kB
SwapTotal:       4061180 kB
SwapFree:        3765736 kB
Dirty:              2004 kB
Writeback:             0 kB
AnonPages:       2724624 kB
Mapped:           300248 kB
Shmem:            597516 kB
Slab:              94632 kB
SReclaimable:      57236 kB
SUnreclaim:        37396 kB
KernelStack:        6112 kB
PageTables:        48204 kB
NFS_Unstable:          0 kB
Bounce:                0 kB
WritebackTmp:          0 kB
CommitLimit:     6019880 kB
Committed_AS:    8864928 kB
VmallocTotal:   34359738367 kB
VmallocUsed:      349984 kB
VmallocChunk:   34359375736 kB
HardwareCorrupted:     0 kB
AnonHugePages:   1355776 kB
HugePages_Total:       0
HugePages_Free:        0
HugePages_Rsvd:        0
HugePages_Surp:        0
Hugepagesize:       2048 kB
DirectMap4k:       63900 kB
DirectMap2M:     1902592 kB
DirectMap1G:     2097152 kB


CPU:total 4 (2 cores per cpu, 2 threads per core) family 6 model 60 stepping 3, cmov, cx8, fxsr, mmx, sse, sse2, sse3, ssse3, sse4.1, sse4.2, popcnt, avx, avx2, aes, erms, ht, tsc, tscinvbit

/proc/cpuinfo:
processor	: 0
vendor_id	: GenuineIntel
cpu family	: 6
model		: 60
model name	: Intel(R) Core(TM) i3-4160 CPU @ 3.60GHz
stepping	: 3
microcode	: 0x19
cpu MHz		: 800.000
cache size	: 3072 KB
physical id	: 0
siblings	: 4
core id		: 0
cpu cores	: 2
apicid		: 0
initial apicid	: 0
fpu		: yes
fpu_exception	: yes
cpuid level	: 13
wp		: yes
flags		: fpu vme de pse tsc msr pae mce cx8 apic sep mtrr pge mca cmov pat pse36 clflush dts acpi mmx fxsr sse sse2 ss ht tm pbe syscall nx pdpe1gb rdtscp lm constant_tsc arch_perfmon pebs bts rep_good nopl xtopology nonstop_tsc aperfmperf eagerfpu pni pclmulqdq dtes64 monitor ds_cpl vmx est tm2 ssse3 fma cx16 xtpr pdcm pcid sse4_1 sse4_2 movbe popcnt tsc_deadline_timer aes xsave avx f16c rdrand lahf_lm abm arat epb xsaveopt pln pts dtherm tpr_shadow vnmi flexpriority ept vpid fsgsbase tsc_adjust bmi1 avx2 smep bmi2 erms invpcid
bogomips	: 7183.50
clflush size	: 64
cache_alignment	: 64
address sizes	: 39 bits physical, 48 bits virtual
power management:

processor	: 1
vendor_id	: GenuineIntel
cpu family	: 6
model		: 60
model name	: Intel(R) Core(TM) i3-4160 CPU @ 3.60GHz
stepping	: 3
microcode	: 0x19
cpu MHz		: 800.000
cache size	: 3072 KB
physical id	: 0
siblings	: 4
core id		: 1
cpu cores	: 2
apicid		: 2
initial apicid	: 2
fpu		: yes
fpu_exception	: yes
cpuid level	: 13
wp		: yes
flags		: fpu vme de pse tsc msr pae mce cx8 apic sep mtrr pge mca cmov pat pse36 clflush dts acpi mmx fxsr sse sse2 ss ht tm pbe syscall nx pdpe1gb rdtscp lm constant_tsc arch_perfmon pebs bts rep_good nopl xtopology nonstop_tsc aperfmperf eagerfpu pni pclmulqdq dtes64 monitor ds_cpl vmx est tm2 ssse3 fma cx16 xtpr pdcm pcid sse4_1 sse4_2 movbe popcnt tsc_deadline_timer aes xsave avx f16c rdrand lahf_lm abm arat epb xsaveopt pln pts dtherm tpr_shadow vnmi flexpriority ept vpid fsgsbase tsc_adjust bmi1 avx2 smep bmi2 erms invpcid
bogomips	: 7183.50
clflush size	: 64
cache_alignment	: 64
address sizes	: 39 bits physical, 48 bits virtual
power management:

processor	: 2
vendor_id	: GenuineIntel
cpu family	: 6
model		: 60
model name	: Intel(R) Core(TM) i3-4160 CPU @ 3.60GHz
stepping	: 3
microcode	: 0x19
cpu MHz		: 1700.000
cache size	: 3072 KB
physical id	: 0
siblings	: 4
core id		: 0
cpu cores	: 2
apicid		: 1
initial apicid	: 1
fpu		: yes
fpu_exception	: yes
cpuid level	: 13
wp		: yes
flags		: fpu vme de pse tsc msr pae mce cx8 apic sep mtrr pge mca cmov pat pse36 clflush dts acpi mmx fxsr sse sse2 ss ht tm pbe syscall nx pdpe1gb rdtscp lm constant_tsc arch_perfmon pebs bts rep_good nopl xtopology nonstop_tsc aperfmperf eagerfpu pni pclmulqdq dtes64 monitor ds_cpl vmx est tm2 ssse3 fma cx16 xtpr pdcm pcid sse4_1 sse4_2 movbe popcnt tsc_deadline_timer aes xsave avx f16c rdrand lahf_lm abm arat epb xsaveopt pln pts dtherm tpr_shadow vnmi flexpriority ept vpid fsgsbase tsc_adjust bmi1 avx2 smep bmi2 erms invpcid
bogomips	: 7183.50
clflush size	: 64
cache_alignment	: 64
address sizes	: 39 bits physical, 48 bits virtual
power management:

processor	: 3
vendor_id	: GenuineIntel
cpu family	: 6
model		: 60
model name	: Intel(R) Core(TM) i3-4160 CPU @ 3.60GHz
stepping	: 3
microcode	: 0x19
cpu MHz		: 800.000
cache size	: 3072 KB
physical id	: 0
siblings	: 4
core id		: 1
cpu cores	: 2
apicid		: 3
initial apicid	: 3
fpu		: yes
fpu_exception	: yes
cpuid level	: 13
wp		: yes
flags		: fpu vme de pse tsc msr pae mce cx8 apic sep mtrr pge mca cmov pat pse36 clflush dts acpi mmx fxsr sse sse2 ss ht tm pbe syscall nx pdpe1gb rdtscp lm constant_tsc arch_perfmon pebs bts rep_good nopl xtopology nonstop_tsc aperfmperf eagerfpu pni pclmulqdq dtes64 monitor ds_cpl vmx est tm2 ssse3 fma cx16 xtpr pdcm pcid sse4_1 sse4_2 movbe popcnt tsc_deadline_timer aes xsave avx f16c rdrand lahf_lm abm arat epb xsaveopt pln pts dtherm tpr_shadow vnmi flexpriority ept vpid fsgsbase tsc_adjust bmi1 avx2 smep bmi2 erms invpcid
bogomips	: 7183.50
clflush size	: 64
cache_alignment	: 64
address sizes	: 39 bits physical, 48 bits virtual
power management:



Memory: 4k page, physical 3917404k(114912k free), swap 4061180k(3765736k free)

vm_info: OpenJDK 64-Bit Server VM (24.75-b04) for linux-amd64 JRE (1.7.0_75-b13), built on Jan 27 2015 00:38:59 by "buildd" with gcc 4.8.2

time: Mon Mar  2 09:34:11 2015
elapsed time: 5459 seconds

